10/30/2018 2:20:34 PM WCF Service Host (EIDSS.AVR  Verbose) 
  Message: EIDSS core initialized. 
  Thread: (ID = 11852; Name = )
  Extended Properties: 

10/30/2018 2:20:34 PM WCF Service Host (EIDSS.AVR  Information) 
  Message: Service Host Configured at URL http://localhost:8071/ 
  Thread: (ID = 11852; Name = )
  Extended Properties: 

10/30/2018 2:20:34 PM WCF Service Host (EIDSS.AVR  Information) 
  Message: AVR Scheduler started with configuration: 
schedulerEnabled=False, 
                        timeOfSchedulerRuns=02:00:00, 
                        immediatelyRunSchedulerWhenServiceStarts=False, 
                        secondsBetweenSchedulerTasks=360 sec  
  Thread: (ID = 11852; Name = )
  Extended Properties: 

10/30/2018 2:20:34 PM [EIDSS AVR Service version 6] WCF Service Call (EIDSS.AVR  Verbose) 
  Message: GetDatabaseName() 
  Thread: (ID = 11852; Name = )
  Extended Properties: 

10/30/2018 2:20:34 PM WCF Service Host (EIDSS.AVR  Information) 
  Message: AVR Service use 
                    EIDSS Database 'EIDSS_TH'
                    EIDSS Archive Database ''
                    AVR Database 'EIDSS_TH_AVR_Service' 
  Thread: (ID = 11852; Name = )
  Extended Properties: 

10/30/2018 2:20:34 PM WCF Service Host (EIDSS.AVR  Information) 
  Message: Service Host Opened 
  Thread: (ID = 11852; Name = )
  Extended Properties: 

10/30/2018 2:20:34 PM WCF Service Host (EIDSS.AVR  Information) 
  Message: Scheduler started. 
  Thread: (ID = 11852; Name = )
  Extended Properties: 

10/30/2018 2:20:34 PM EIDSS Windows Service (EIDSS.AVR  Information) 
  Message: Reports Service Started. 
  Thread: (ID = 11852; Name = )
  Extended Properties: 

10/30/2018 2:26:21 PM [EIDSS AVR Service version 6] WCF Service Call (EIDSS.AVR  Verbose) 
  Message: GetServiceVersion() 
  Thread: (ID = 16300; Name = )
  Extended Properties: 

10/30/2018 2:27:53 PM [EIDSS AVR Service version 6] WCF Service Call (EIDSS.AVR  Verbose) 
  Message: GetServiceVersion() 
  Thread: (ID = 17736; Name = )
  Extended Properties: 

10/30/2018 2:27:53 PM [EIDSS AVR Service version 6] WCF Service Call (EIDSS.AVR  Verbose) 
  Message: GetDatabaseName() 
  Thread: (ID = 17736; Name = )
  Extended Properties: 

10/31/2018 10:00:26 AM WCF Service Host (EIDSS.AVR  Information) 
  Message: Service Host Closed 
  Thread: (ID = 15416; Name = )
  Extended Properties: 

10/31/2018 10:00:26 AM WCF Service Host (EIDSS.AVR  Information) 
  Message: Scheduler stopped. 
  Thread: (ID = 15416; Name = )
  Extended Properties: 

10/31/2018 10:00:26 AM EIDSS Windows Service (EIDSS.AVR  Information) 
  Message: Reports Service Stopped. 
  Thread: (ID = 15416; Name = )
  Extended Properties: 

10/31/2018 10:00:37 AM WCF Service Host (EIDSS.AVR  Verbose) 
  Message: EIDSS core initialized. 
  Thread: (ID = 17016; Name = )
  Extended Properties: 

10/31/2018 10:00:37 AM Invalid URI: The URI scheme is not valid. (EIDSS.AVR  Critical) 
  Message: Invalid URI: The URI scheme is not valid. (Invalid URI: The URI scheme is not valid.) 
  Thread: (ID = 17016; Name = )
  Extended Properties: Exception - An exception of type 'System.UriFormatException' occurred and was caught.
-------------------------------------------------------------------------
10/31/2018 10:00:37
Type : System.UriFormatException, System, Version=4.0.0.0, Culture=neutral, PublicKeyToken=b77a5c561934e089
Message : Invalid URI: The URI scheme is not valid.
Source : System
Help link : 
Data : System.Collections.ListDictionaryInternal
TargetSite : Void CreateThis(System.String, Boolean, System.UriKind)
HResult : -2146233033
Stack Trace :    at System.Uri.CreateThis(String uri, Boolean dontEscape, UriKind uriKind)
   at eidss.model.WcfService.ServiceHostKeeper.InitServiceHost() in C:\NGDev\EIDSS61\eidss.core\WcfService\ServiceHostKeeper.cs:line 119
   at EIDSS.AVR.Service.WcfService.AvrHostKeeper.InitServiceHost() in C:\NGDev\EIDSS61\EIDSS.AVR.Service\WcfService\AvrHostKeeper.cs:line 49
   at eidss.model.WcfService.ServiceHostKeeper.Initialize() in C:\NGDev\EIDSS61\eidss.core\WcfService\ServiceHostKeeper.cs:line 80

Additional Info:

MachineName : DESKTOP-I7GLVAK
TimeStamp : 10/31/2018 2:00:37 PM
FullName : Microsoft.Practices.EnterpriseLibrary.ExceptionHandling, Version=5.0.414.0, Culture=neutral, PublicKeyToken=null
AppDomainName : eidss.avr.service.exe
ThreadIdentity : 
WindowsIdentity : NT AUTHORITY\SYSTEM


10/31/2018 10:00:37 AM Invalid URI: The URI scheme is not valid. (EIDSS.AVR  Critical) 
  Message: Invalid URI: The URI scheme is not valid. (Invalid URI: The URI scheme is not valid.) 
  Thread: (ID = 17016; Name = )
  Extended Properties: Exception - An exception of type 'System.UriFormatException' occurred and was caught.
-------------------------------------------------------------------------
10/31/2018 10:00:37
Type : System.UriFormatException, System, Version=4.0.0.0, Culture=neutral, PublicKeyToken=b77a5c561934e089
Message : Invalid URI: The URI scheme is not valid.
Source : System
Help link : 
Data : System.Collections.ListDictionaryInternal
TargetSite : Void CreateThis(System.String, Boolean, System.UriKind)
HResult : -2146233033
Stack Trace :    at System.Uri.CreateThis(String uri, Boolean dontEscape, UriKind uriKind)
   at eidss.model.WcfService.ServiceHostKeeper.InitServiceHost() in C:\NGDev\EIDSS61\eidss.core\WcfService\ServiceHostKeeper.cs:line 119
   at EIDSS.AVR.Service.WcfService.AvrHostKeeper.InitServiceHost() in C:\NGDev\EIDSS61\EIDSS.AVR.Service\WcfService\AvrHostKeeper.cs:line 49
   at eidss.model.WcfService.ServiceHostKeeper.Initialize() in C:\NGDev\EIDSS61\eidss.core\WcfService\ServiceHostKeeper.cs:line 85
   at eidss.model.WcfService.ServiceHostKeeper.Open() in C:\NGDev\EIDSS61\eidss.core\WcfService\ServiceHostKeeper.cs:line 30
   at eidss.model.WindowsService.EidssService.OnStart(String[] args) in C:\NGDev\EIDSS61\eidss.core\WindowsService\EidssService.cs:line 46

Additional Info:

MachineName : DESKTOP-I7GLVAK
TimeStamp : 10/31/2018 2:00:37 PM
FullName : Microsoft.Practices.EnterpriseLibrary.ExceptionHandling, Version=5.0.414.0, Culture=neutral, PublicKeyToken=null
AppDomainName : eidss.avr.service.exe
ThreadIdentity : 
WindowsIdentity : NT AUTHORITY\SYSTEM


10/31/2018 10:00:56 AM WCF Service Host (EIDSS.AVR  Verbose) 
  Message: EIDSS core initialized. 
  Thread: (ID = 16668; Name = )
  Extended Properties: 

10/31/2018 10:00:56 AM Invalid URI: The URI scheme is not valid. (EIDSS.AVR  Critical) 
  Message: Invalid URI: The URI scheme is not valid. (Invalid URI: The URI scheme is not valid.) 
  Thread: (ID = 16668; Name = )
  Extended Properties: Exception - An exception of type 'System.UriFormatException' occurred and was caught.
-------------------------------------------------------------------------
10/31/2018 10:00:56
Type : System.UriFormatException, System, Version=4.0.0.0, Culture=neutral, PublicKeyToken=b77a5c561934e089
Message : Invalid URI: The URI scheme is not valid.
Source : System
Help link : 
Data : System.Collections.ListDictionaryInternal
TargetSite : Void CreateThis(System.String, Boolean, System.UriKind)
HResult : -2146233033
Stack Trace :    at System.Uri.CreateThis(String uri, Boolean dontEscape, UriKind uriKind)
   at eidss.model.WcfService.ServiceHostKeeper.InitServiceHost() in C:\NGDev\EIDSS61\eidss.core\WcfService\ServiceHostKeeper.cs:line 119
   at EIDSS.AVR.Service.WcfService.AvrHostKeeper.InitServiceHost() in C:\NGDev\EIDSS61\EIDSS.AVR.Service\WcfService\AvrHostKeeper.cs:line 49
   at eidss.model.WcfService.ServiceHostKeeper.Initialize() in C:\NGDev\EIDSS61\eidss.core\WcfService\ServiceHostKeeper.cs:line 80

Additional Info:

MachineName : DESKTOP-I7GLVAK
TimeStamp : 10/31/2018 2:00:56 PM
FullName : Microsoft.Practices.EnterpriseLibrary.ExceptionHandling, Version=5.0.414.0, Culture=neutral, PublicKeyToken=null
AppDomainName : eidss.avr.service.exe
ThreadIdentity : 
WindowsIdentity : NT AUTHORITY\SYSTEM


10/31/2018 10:00:56 AM Invalid URI: The URI scheme is not valid. (EIDSS.AVR  Critical) 
  Message: Invalid URI: The URI scheme is not valid. (Invalid URI: The URI scheme is not valid.) 
  Thread: (ID = 16668; Name = )
  Extended Properties: Exception - An exception of type 'System.UriFormatException' occurred and was caught.
-------------------------------------------------------------------------
10/31/2018 10:00:56
Type : System.UriFormatException, System, Version=4.0.0.0, Culture=neutral, PublicKeyToken=b77a5c561934e089
Message : Invalid URI: The URI scheme is not valid.
Source : System
Help link : 
Data : System.Collections.ListDictionaryInternal
TargetSite : Void CreateThis(System.String, Boolean, System.UriKind)
HResult : -2146233033
Stack Trace :    at System.Uri.CreateThis(String uri, Boolean dontEscape, UriKind uriKind)
   at eidss.model.WcfService.ServiceHostKeeper.InitServiceHost() in C:\NGDev\EIDSS61\eidss.core\WcfService\ServiceHostKeeper.cs:line 119
   at EIDSS.AVR.Service.WcfService.AvrHostKeeper.InitServiceHost() in C:\NGDev\EIDSS61\EIDSS.AVR.Service\WcfService\AvrHostKeeper.cs:line 49
   at eidss.model.WcfService.ServiceHostKeeper.Initialize() in C:\NGDev\EIDSS61\eidss.core\WcfService\ServiceHostKeeper.cs:line 85
   at eidss.model.WcfService.ServiceHostKeeper.Open() in C:\NGDev\EIDSS61\eidss.core\WcfService\ServiceHostKeeper.cs:line 30
   at eidss.model.WindowsService.EidssService.OnStart(String[] args) in C:\NGDev\EIDSS61\eidss.core\WindowsService\EidssService.cs:line 46

Additional Info:

MachineName : DESKTOP-I7GLVAK
TimeStamp : 10/31/2018 2:00:56 PM
FullName : Microsoft.Practices.EnterpriseLibrary.ExceptionHandling, Version=5.0.414.0, Culture=neutral, PublicKeyToken=null
AppDomainName : eidss.avr.service.exe
ThreadIdentity : 
WindowsIdentity : NT AUTHORITY\SYSTEM


10/31/2018 10:09:45 AM WCF Service Host (EIDSS.AVR  Verbose) 
  Message: EIDSS core initialized. 
  Thread: (ID = 7980; Name = )
  Extended Properties: 

10/31/2018 10:09:46 AM Invalid URI: The URI scheme is not valid. (EIDSS.AVR  Critical) 
  Message: Invalid URI: The URI scheme is not valid. (Invalid URI: The URI scheme is not valid.) 
  Thread: (ID = 7980; Name = )
  Extended Properties: Exception - An exception of type 'System.UriFormatException' occurred and was caught.
-------------------------------------------------------------------------
10/31/2018 10:09:46
Type : System.UriFormatException, System, Version=4.0.0.0, Culture=neutral, PublicKeyToken=b77a5c561934e089
Message : Invalid URI: The URI scheme is not valid.
Source : System
Help link : 
Data : System.Collections.ListDictionaryInternal
TargetSite : Void CreateThis(System.String, Boolean, System.UriKind)
HResult : -2146233033
Stack Trace :    at System.Uri.CreateThis(String uri, Boolean dontEscape, UriKind uriKind)
   at eidss.model.WcfService.ServiceHostKeeper.InitServiceHost() in C:\NGDev\EIDSS61\eidss.core\WcfService\ServiceHostKeeper.cs:line 119
   at EIDSS.AVR.Service.WcfService.AvrHostKeeper.InitServiceHost() in C:\NGDev\EIDSS61\EIDSS.AVR.Service\WcfService\AvrHostKeeper.cs:line 49
   at eidss.model.WcfService.ServiceHostKeeper.Initialize() in C:\NGDev\EIDSS61\eidss.core\WcfService\ServiceHostKeeper.cs:line 80

Additional Info:

MachineName : DESKTOP-I7GLVAK
TimeStamp : 10/31/2018 2:09:46 PM
FullName : Microsoft.Practices.EnterpriseLibrary.ExceptionHandling, Version=5.0.414.0, Culture=neutral, PublicKeyToken=null
AppDomainName : eidss.avr.service.exe
ThreadIdentity : 
WindowsIdentity : NT AUTHORITY\SYSTEM


10/31/2018 10:09:46 AM Invalid URI: The URI scheme is not valid. (EIDSS.AVR  Critical) 
  Message: Invalid URI: The URI scheme is not valid. (Invalid URI: The URI scheme is not valid.) 
  Thread: (ID = 7980; Name = )
  Extended Properties: Exception - An exception of type 'System.UriFormatException' occurred and was caught.
-------------------------------------------------------------------------
10/31/2018 10:09:46
Type : System.UriFormatException, System, Version=4.0.0.0, Culture=neutral, PublicKeyToken=b77a5c561934e089
Message : Invalid URI: The URI scheme is not valid.
Source : System
Help link : 
Data : System.Collections.ListDictionaryInternal
TargetSite : Void CreateThis(System.String, Boolean, System.UriKind)
HResult : -2146233033
Stack Trace :    at System.Uri.CreateThis(String uri, Boolean dontEscape, UriKind uriKind)
   at eidss.model.WcfService.ServiceHostKeeper.InitServiceHost() in C:\NGDev\EIDSS61\eidss.core\WcfService\ServiceHostKeeper.cs:line 119
   at EIDSS.AVR.Service.WcfService.AvrHostKeeper.InitServiceHost() in C:\NGDev\EIDSS61\EIDSS.AVR.Service\WcfService\AvrHostKeeper.cs:line 49
   at eidss.model.WcfService.ServiceHostKeeper.Initialize() in C:\NGDev\EIDSS61\eidss.core\WcfService\ServiceHostKeeper.cs:line 85
   at eidss.model.WcfService.ServiceHostKeeper.Open() in C:\NGDev\EIDSS61\eidss.core\WcfService\ServiceHostKeeper.cs:line 30
   at eidss.model.WindowsService.EidssService.OnStart(String[] args) in C:\NGDev\EIDSS61\eidss.core\WindowsService\EidssService.cs:line 46

Additional Info:

MachineName : DESKTOP-I7GLVAK
TimeStamp : 10/31/2018 2:09:46 PM
FullName : Microsoft.Practices.EnterpriseLibrary.ExceptionHandling, Version=5.0.414.0, Culture=neutral, PublicKeyToken=null
AppDomainName : eidss.avr.service.exe
ThreadIdentity : 
WindowsIdentity : NT AUTHORITY\SYSTEM


10/31/2018 10:12:24 AM WCF Service Host (EIDSS.AVR  Verbose) 
  Message: EIDSS core initialized. 
  Thread: (ID = 14048; Name = )
  Extended Properties: 

10/31/2018 10:12:24 AM Invalid URI: The URI scheme is not valid. (EIDSS.AVR  Critical) 
  Message: Invalid URI: The URI scheme is not valid. (Invalid URI: The URI scheme is not valid.) 
  Thread: (ID = 14048; Name = )
  Extended Properties: Exception - An exception of type 'System.UriFormatException' occurred and was caught.
-------------------------------------------------------------------------
10/31/2018 10:12:24
Type : System.UriFormatException, System, Version=4.0.0.0, Culture=neutral, PublicKeyToken=b77a5c561934e089
Message : Invalid URI: The URI scheme is not valid.
Source : System
Help link : 
Data : System.Collections.ListDictionaryInternal
TargetSite : Void CreateThis(System.String, Boolean, System.UriKind)
HResult : -2146233033
Stack Trace :    at System.Uri.CreateThis(String uri, Boolean dontEscape, UriKind uriKind)
   at eidss.model.WcfService.ServiceHostKeeper.InitServiceHost() in C:\NGDev\EIDSS61\eidss.core\WcfService\ServiceHostKeeper.cs:line 119
   at EIDSS.AVR.Service.WcfService.AvrHostKeeper.InitServiceHost() in C:\NGDev\EIDSS61\EIDSS.AVR.Service\WcfService\AvrHostKeeper.cs:line 49
   at eidss.model.WcfService.ServiceHostKeeper.Initialize() in C:\NGDev\EIDSS61\eidss.core\WcfService\ServiceHostKeeper.cs:line 80

Additional Info:

MachineName : DESKTOP-I7GLVAK
TimeStamp : 10/31/2018 2:12:24 PM
FullName : Microsoft.Practices.EnterpriseLibrary.ExceptionHandling, Version=5.0.414.0, Culture=neutral, PublicKeyToken=null
AppDomainName : eidss.avr.service.exe
ThreadIdentity : 
WindowsIdentity : NT AUTHORITY\SYSTEM


10/31/2018 10:12:24 AM Invalid URI: The URI scheme is not valid. (EIDSS.AVR  Critical) 
  Message: Invalid URI: The URI scheme is not valid. (Invalid URI: The URI scheme is not valid.) 
  Thread: (ID = 14048; Name = )
  Extended Properties: Exception - An exception of type 'System.UriFormatException' occurred and was caught.
-------------------------------------------------------------------------
10/31/2018 10:12:24
Type : System.UriFormatException, System, Version=4.0.0.0, Culture=neutral, PublicKeyToken=b77a5c561934e089
Message : Invalid URI: The URI scheme is not valid.
Source : System
Help link : 
Data : System.Collections.ListDictionaryInternal
TargetSite : Void CreateThis(System.String, Boolean, System.UriKind)
HResult : -2146233033
Stack Trace :    at System.Uri.CreateThis(String uri, Boolean dontEscape, UriKind uriKind)
   at eidss.model.WcfService.ServiceHostKeeper.InitServiceHost() in C:\NGDev\EIDSS61\eidss.core\WcfService\ServiceHostKeeper.cs:line 119
   at EIDSS.AVR.Service.WcfService.AvrHostKeeper.InitServiceHost() in C:\NGDev\EIDSS61\EIDSS.AVR.Service\WcfService\AvrHostKeeper.cs:line 49
   at eidss.model.WcfService.ServiceHostKeeper.Initialize() in C:\NGDev\EIDSS61\eidss.core\WcfService\ServiceHostKeeper.cs:line 85
   at eidss.model.WcfService.ServiceHostKeeper.Open() in C:\NGDev\EIDSS61\eidss.core\WcfService\ServiceHostKeeper.cs:line 30
   at eidss.model.WindowsService.EidssService.OnStart(String[] args) in C:\NGDev\EIDSS61\eidss.core\WindowsService\EidssService.cs:line 46

Additional Info:

MachineName : DESKTOP-I7GLVAK
TimeStamp : 10/31/2018 2:12:24 PM
FullName : Microsoft.Practices.EnterpriseLibrary.ExceptionHandling, Version=5.0.414.0, Culture=neutral, PublicKeyToken=null
AppDomainName : eidss.avr.service.exe
ThreadIdentity : 
WindowsIdentity : NT AUTHORITY\SYSTEM


10/31/2018 10:49:34 AM WCF Service Host (EIDSS.AVR  Verbose) 
  Message: EIDSS core initialized. 
  Thread: (ID = 12748; Name = )
  Extended Properties: 

10/31/2018 10:49:35 AM Invalid URI: The URI scheme is not valid. (EIDSS.AVR  Critical) 
  Message: Invalid URI: The URI scheme is not valid. (Invalid URI: The URI scheme is not valid.) 
  Thread: (ID = 12748; Name = )
  Extended Properties: Exception - An exception of type 'System.UriFormatException' occurred and was caught.
-------------------------------------------------------------------------
10/31/2018 10:49:35
Type : System.UriFormatException, System, Version=4.0.0.0, Culture=neutral, PublicKeyToken=b77a5c561934e089
Message : Invalid URI: The URI scheme is not valid.
Source : System
Help link : 
Data : System.Collections.ListDictionaryInternal
TargetSite : Void CreateThis(System.String, Boolean, System.UriKind)
HResult : -2146233033
Stack Trace :    at System.Uri.CreateThis(String uri, Boolean dontEscape, UriKind uriKind)
   at eidss.model.WcfService.ServiceHostKeeper.InitServiceHost() in C:\NGDev\EIDSS61\eidss.core\WcfService\ServiceHostKeeper.cs:line 119
   at EIDSS.AVR.Service.WcfService.AvrHostKeeper.InitServiceHost() in C:\NGDev\EIDSS61\EIDSS.AVR.Service\WcfService\AvrHostKeeper.cs:line 49
   at eidss.model.WcfService.ServiceHostKeeper.Initialize() in C:\NGDev\EIDSS61\eidss.core\WcfService\ServiceHostKeeper.cs:line 80

Additional Info:

MachineName : DESKTOP-I7GLVAK
TimeStamp : 10/31/2018 2:49:35 PM
FullName : Microsoft.Practices.EnterpriseLibrary.ExceptionHandling, Version=5.0.414.0, Culture=neutral, PublicKeyToken=null
AppDomainName : eidss.avr.service.exe
ThreadIdentity : 
WindowsIdentity : NT AUTHORITY\SYSTEM


10/31/2018 10:49:35 AM Invalid URI: The URI scheme is not valid. (EIDSS.AVR  Critical) 
  Message: Invalid URI: The URI scheme is not valid. (Invalid URI: The URI scheme is not valid.) 
  Thread: (ID = 12748; Name = )
  Extended Properties: Exception - An exception of type 'System.UriFormatException' occurred and was caught.
-------------------------------------------------------------------------
10/31/2018 10:49:35
Type : System.UriFormatException, System, Version=4.0.0.0, Culture=neutral, PublicKeyToken=b77a5c561934e089
Message : Invalid URI: The URI scheme is not valid.
Source : System
Help link : 
Data : System.Collections.ListDictionaryInternal
TargetSite : Void CreateThis(System.String, Boolean, System.UriKind)
HResult : -2146233033
Stack Trace :    at System.Uri.CreateThis(String uri, Boolean dontEscape, UriKind uriKind)
   at eidss.model.WcfService.ServiceHostKeeper.InitServiceHost() in C:\NGDev\EIDSS61\eidss.core\WcfService\ServiceHostKeeper.cs:line 119
   at EIDSS.AVR.Service.WcfService.AvrHostKeeper.InitServiceHost() in C:\NGDev\EIDSS61\EIDSS.AVR.Service\WcfService\AvrHostKeeper.cs:line 49
   at eidss.model.WcfService.ServiceHostKeeper.Initialize() in C:\NGDev\EIDSS61\eidss.core\WcfService\ServiceHostKeeper.cs:line 85
   at eidss.model.WcfService.ServiceHostKeeper.Open() in C:\NGDev\EIDSS61\eidss.core\WcfService\ServiceHostKeeper.cs:line 30
   at eidss.model.WindowsService.EidssService.OnStart(String[] args) in C:\NGDev\EIDSS61\eidss.core\WindowsService\EidssService.cs:line 46

Additional Info:

MachineName : DESKTOP-I7GLVAK
TimeStamp : 10/31/2018 2:49:35 PM
FullName : Microsoft.Practices.EnterpriseLibrary.ExceptionHandling, Version=5.0.414.0, Culture=neutral, PublicKeyToken=null
AppDomainName : eidss.avr.service.exe
ThreadIdentity : 
WindowsIdentity : NT AUTHORITY\SYSTEM


10/31/2018 10:50:05 AM WCF Service Host (EIDSS.AVR  Verbose) 
  Message: EIDSS core initialized. 
  Thread: (ID = 8892; Name = )
  Extended Properties: 

10/31/2018 10:50:06 AM Invalid URI: The URI scheme is not valid. (EIDSS.AVR  Critical) 
  Message: Invalid URI: The URI scheme is not valid. (Invalid URI: The URI scheme is not valid.) 
  Thread: (ID = 8892; Name = )
  Extended Properties: Exception - An exception of type 'System.UriFormatException' occurred and was caught.
-------------------------------------------------------------------------
10/31/2018 10:50:06
Type : System.UriFormatException, System, Version=4.0.0.0, Culture=neutral, PublicKeyToken=b77a5c561934e089
Message : Invalid URI: The URI scheme is not valid.
Source : System
Help link : 
Data : System.Collections.ListDictionaryInternal
TargetSite : Void CreateThis(System.String, Boolean, System.UriKind)
HResult : -2146233033
Stack Trace :    at System.Uri.CreateThis(String uri, Boolean dontEscape, UriKind uriKind)
   at eidss.model.WcfService.ServiceHostKeeper.InitServiceHost() in C:\NGDev\EIDSS61\eidss.core\WcfService\ServiceHostKeeper.cs:line 119
   at EIDSS.AVR.Service.WcfService.AvrHostKeeper.InitServiceHost() in C:\NGDev\EIDSS61\EIDSS.AVR.Service\WcfService\AvrHostKeeper.cs:line 49
   at eidss.model.WcfService.ServiceHostKeeper.Initialize() in C:\NGDev\EIDSS61\eidss.core\WcfService\ServiceHostKeeper.cs:line 80

Additional Info:

MachineName : DESKTOP-I7GLVAK
TimeStamp : 10/31/2018 2:50:06 PM
FullName : Microsoft.Practices.EnterpriseLibrary.ExceptionHandling, Version=5.0.414.0, Culture=neutral, PublicKeyToken=null
AppDomainName : eidss.avr.service.exe
ThreadIdentity : 
WindowsIdentity : NT AUTHORITY\SYSTEM


10/31/2018 10:50:06 AM Invalid URI: The URI scheme is not valid. (EIDSS.AVR  Critical) 
  Message: Invalid URI: The URI scheme is not valid. (Invalid URI: The URI scheme is not valid.) 
  Thread: (ID = 8892; Name = )
  Extended Properties: Exception - An exception of type 'System.UriFormatException' occurred and was caught.
-------------------------------------------------------------------------
10/31/2018 10:50:06
Type : System.UriFormatException, System, Version=4.0.0.0, Culture=neutral, PublicKeyToken=b77a5c561934e089
Message : Invalid URI: The URI scheme is not valid.
Source : System
Help link : 
Data : System.Collections.ListDictionaryInternal
TargetSite : Void CreateThis(System.String, Boolean, System.UriKind)
HResult : -2146233033
Stack Trace :    at System.Uri.CreateThis(String uri, Boolean dontEscape, UriKind uriKind)
   at eidss.model.WcfService.ServiceHostKeeper.InitServiceHost() in C:\NGDev\EIDSS61\eidss.core\WcfService\ServiceHostKeeper.cs:line 119
   at EIDSS.AVR.Service.WcfService.AvrHostKeeper.InitServiceHost() in C:\NGDev\EIDSS61\EIDSS.AVR.Service\WcfService\AvrHostKeeper.cs:line 49
   at eidss.model.WcfService.ServiceHostKeeper.Initialize() in C:\NGDev\EIDSS61\eidss.core\WcfService\ServiceHostKeeper.cs:line 85
   at eidss.model.WcfService.ServiceHostKeeper.Open() in C:\NGDev\EIDSS61\eidss.core\WcfService\ServiceHostKeeper.cs:line 30
   at eidss.model.WindowsService.EidssService.OnStart(String[] args) in C:\NGDev\EIDSS61\eidss.core\WindowsService\EidssService.cs:line 46

Additional Info:

MachineName : DESKTOP-I7GLVAK
TimeStamp : 10/31/2018 2:50:06 PM
FullName : Microsoft.Practices.EnterpriseLibrary.ExceptionHandling, Version=5.0.414.0, Culture=neutral, PublicKeyToken=null
AppDomainName : eidss.avr.service.exe
ThreadIdentity : 
WindowsIdentity : NT AUTHORITY\SYSTEM


10/31/2018 10:50:21 AM WCF Service Host (EIDSS.AVR  Verbose) 
  Message: EIDSS core initialized. 
  Thread: (ID = 8776; Name = )
  Extended Properties: 

10/31/2018 10:50:21 AM Invalid URI: The URI scheme is not valid. (EIDSS.AVR  Critical) 
  Message: Invalid URI: The URI scheme is not valid. (Invalid URI: The URI scheme is not valid.) 
  Thread: (ID = 8776; Name = )
  Extended Properties: Exception - An exception of type 'System.UriFormatException' occurred and was caught.
-------------------------------------------------------------------------
10/31/2018 10:50:21
Type : System.UriFormatException, System, Version=4.0.0.0, Culture=neutral, PublicKeyToken=b77a5c561934e089
Message : Invalid URI: The URI scheme is not valid.
Source : System
Help link : 
Data : System.Collections.ListDictionaryInternal
TargetSite : Void CreateThis(System.String, Boolean, System.UriKind)
HResult : -2146233033
Stack Trace :    at System.Uri.CreateThis(String uri, Boolean dontEscape, UriKind uriKind)
   at eidss.model.WcfService.ServiceHostKeeper.InitServiceHost() in C:\NGDev\EIDSS61\eidss.core\WcfService\ServiceHostKeeper.cs:line 119
   at EIDSS.AVR.Service.WcfService.AvrHostKeeper.InitServiceHost() in C:\NGDev\EIDSS61\EIDSS.AVR.Service\WcfService\AvrHostKeeper.cs:line 49
   at eidss.model.WcfService.ServiceHostKeeper.Initialize() in C:\NGDev\EIDSS61\eidss.core\WcfService\ServiceHostKeeper.cs:line 80

Additional Info:

MachineName : DESKTOP-I7GLVAK
TimeStamp : 10/31/2018 2:50:21 PM
FullName : Microsoft.Practices.EnterpriseLibrary.ExceptionHandling, Version=5.0.414.0, Culture=neutral, PublicKeyToken=null
AppDomainName : eidss.avr.service.exe
ThreadIdentity : 
WindowsIdentity : NT AUTHORITY\SYSTEM


10/31/2018 10:50:21 AM Invalid URI: The URI scheme is not valid. (EIDSS.AVR  Critical) 
  Message: Invalid URI: The URI scheme is not valid. (Invalid URI: The URI scheme is not valid.) 
  Thread: (ID = 8776; Name = )
  Extended Properties: Exception - An exception of type 'System.UriFormatException' occurred and was caught.
-------------------------------------------------------------------------
10/31/2018 10:50:21
Type : System.UriFormatException, System, Version=4.0.0.0, Culture=neutral, PublicKeyToken=b77a5c561934e089
Message : Invalid URI: The URI scheme is not valid.
Source : System
Help link : 
Data : System.Collections.ListDictionaryInternal
TargetSite : Void CreateThis(System.String, Boolean, System.UriKind)
HResult : -2146233033
Stack Trace :    at System.Uri.CreateThis(String uri, Boolean dontEscape, UriKind uriKind)
   at eidss.model.WcfService.ServiceHostKeeper.InitServiceHost() in C:\NGDev\EIDSS61\eidss.core\WcfService\ServiceHostKeeper.cs:line 119
   at EIDSS.AVR.Service.WcfService.AvrHostKeeper.InitServiceHost() in C:\NGDev\EIDSS61\EIDSS.AVR.Service\WcfService\AvrHostKeeper.cs:line 49
   at eidss.model.WcfService.ServiceHostKeeper.Initialize() in C:\NGDev\EIDSS61\eidss.core\WcfService\ServiceHostKeeper.cs:line 85
   at eidss.model.WcfService.ServiceHostKeeper.Open() in C:\NGDev\EIDSS61\eidss.core\WcfService\ServiceHostKeeper.cs:line 30
   at eidss.model.WindowsService.EidssService.OnStart(String[] args) in C:\NGDev\EIDSS61\eidss.core\WindowsService\EidssService.cs:line 46

Additional Info:

MachineName : DESKTOP-I7GLVAK
TimeStamp : 10/31/2018 2:50:21 PM
FullName : Microsoft.Practices.EnterpriseLibrary.ExceptionHandling, Version=5.0.414.0, Culture=neutral, PublicKeyToken=null
AppDomainName : eidss.avr.service.exe
ThreadIdentity : 
WindowsIdentity : NT AUTHORITY\SYSTEM


10/31/2018 10:51:20 AM WCF Service Host (EIDSS.AVR  Verbose) 
  Message: EIDSS core initialized. 
  Thread: (ID = 3568; Name = )
  Extended Properties: 

10/31/2018 10:51:20 AM Invalid URI: The URI scheme is not valid. (EIDSS.AVR  Critical) 
  Message: Invalid URI: The URI scheme is not valid. (Invalid URI: The URI scheme is not valid.) 
  Thread: (ID = 3568; Name = )
  Extended Properties: Exception - An exception of type 'System.UriFormatException' occurred and was caught.
-------------------------------------------------------------------------
10/31/2018 10:51:20
Type : System.UriFormatException, System, Version=4.0.0.0, Culture=neutral, PublicKeyToken=b77a5c561934e089
Message : Invalid URI: The URI scheme is not valid.
Source : System
Help link : 
Data : System.Collections.ListDictionaryInternal
TargetSite : Void CreateThis(System.String, Boolean, System.UriKind)
HResult : -2146233033
Stack Trace :    at System.Uri.CreateThis(String uri, Boolean dontEscape, UriKind uriKind)
   at eidss.model.WcfService.ServiceHostKeeper.InitServiceHost() in C:\NGDev\EIDSS61\eidss.core\WcfService\ServiceHostKeeper.cs:line 119
   at EIDSS.AVR.Service.WcfService.AvrHostKeeper.InitServiceHost() in C:\NGDev\EIDSS61\EIDSS.AVR.Service\WcfService\AvrHostKeeper.cs:line 49
   at eidss.model.WcfService.ServiceHostKeeper.Initialize() in C:\NGDev\EIDSS61\eidss.core\WcfService\ServiceHostKeeper.cs:line 80

Additional Info:

MachineName : DESKTOP-I7GLVAK
TimeStamp : 10/31/2018 2:51:20 PM
FullName : Microsoft.Practices.EnterpriseLibrary.ExceptionHandling, Version=5.0.414.0, Culture=neutral, PublicKeyToken=null
AppDomainName : eidss.avr.service.exe
ThreadIdentity : 
WindowsIdentity : NT AUTHORITY\SYSTEM


10/31/2018 10:51:20 AM Invalid URI: The URI scheme is not valid. (EIDSS.AVR  Critical) 
  Message: Invalid URI: The URI scheme is not valid. (Invalid URI: The URI scheme is not valid.) 
  Thread: (ID = 3568; Name = )
  Extended Properties: Exception - An exception of type 'System.UriFormatException' occurred and was caught.
-------------------------------------------------------------------------
10/31/2018 10:51:20
Type : System.UriFormatException, System, Version=4.0.0.0, Culture=neutral, PublicKeyToken=b77a5c561934e089
Message : Invalid URI: The URI scheme is not valid.
Source : System
Help link : 
Data : System.Collections.ListDictionaryInternal
TargetSite : Void CreateThis(System.String, Boolean, System.UriKind)
HResult : -2146233033
Stack Trace :    at System.Uri.CreateThis(String uri, Boolean dontEscape, UriKind uriKind)
   at eidss.model.WcfService.ServiceHostKeeper.InitServiceHost() in C:\NGDev\EIDSS61\eidss.core\WcfService\ServiceHostKeeper.cs:line 119
   at EIDSS.AVR.Service.WcfService.AvrHostKeeper.InitServiceHost() in C:\NGDev\EIDSS61\EIDSS.AVR.Service\WcfService\AvrHostKeeper.cs:line 49
   at eidss.model.WcfService.ServiceHostKeeper.Initialize() in C:\NGDev\EIDSS61\eidss.core\WcfService\ServiceHostKeeper.cs:line 85
   at eidss.model.WcfService.ServiceHostKeeper.Open() in C:\NGDev\EIDSS61\eidss.core\WcfService\ServiceHostKeeper.cs:line 30
   at eidss.model.WindowsService.EidssService.OnStart(String[] args) in C:\NGDev\EIDSS61\eidss.core\WindowsService\EidssService.cs:line 46

Additional Info:

MachineName : DESKTOP-I7GLVAK
TimeStamp : 10/31/2018 2:51:20 PM
FullName : Microsoft.Practices.EnterpriseLibrary.ExceptionHandling, Version=5.0.414.0, Culture=neutral, PublicKeyToken=null
AppDomainName : eidss.avr.service.exe
ThreadIdentity : 
WindowsIdentity : NT AUTHORITY\SYSTEM


10/31/2018 11:04:02 AM WCF Service Host (EIDSS.AVR  Verbose) 
  Message: EIDSS core initialized. 
  Thread: (ID = 13048; Name = )
  Extended Properties: 

10/31/2018 11:04:02 AM Invalid URI: The URI scheme is not valid. (EIDSS.AVR  Critical) 
  Message: Invalid URI: The URI scheme is not valid. (Invalid URI: The URI scheme is not valid.) 
  Thread: (ID = 13048; Name = )
  Extended Properties: Exception - An exception of type 'System.UriFormatException' occurred and was caught.
-------------------------------------------------------------------------
10/31/2018 11:04:02
Type : System.UriFormatException, System, Version=4.0.0.0, Culture=neutral, PublicKeyToken=b77a5c561934e089
Message : Invalid URI: The URI scheme is not valid.
Source : System
Help link : 
Data : System.Collections.ListDictionaryInternal
TargetSite : Void CreateThis(System.String, Boolean, System.UriKind)
HResult : -2146233033
Stack Trace :    at System.Uri.CreateThis(String uri, Boolean dontEscape, UriKind uriKind)
   at eidss.model.WcfService.ServiceHostKeeper.InitServiceHost() in C:\NGDev\EIDSS61\eidss.core\WcfService\ServiceHostKeeper.cs:line 119
   at EIDSS.AVR.Service.WcfService.AvrHostKeeper.InitServiceHost() in C:\NGDev\EIDSS61\EIDSS.AVR.Service\WcfService\AvrHostKeeper.cs:line 49
   at eidss.model.WcfService.ServiceHostKeeper.Initialize() in C:\NGDev\EIDSS61\eidss.core\WcfService\ServiceHostKeeper.cs:line 80

Additional Info:

MachineName : DESKTOP-I7GLVAK
TimeStamp : 10/31/2018 3:04:02 PM
FullName : Microsoft.Practices.EnterpriseLibrary.ExceptionHandling, Version=5.0.414.0, Culture=neutral, PublicKeyToken=null
AppDomainName : eidss.avr.service.exe
ThreadIdentity : 
WindowsIdentity : NT AUTHORITY\SYSTEM


10/31/2018 11:04:02 AM Invalid URI: The URI scheme is not valid. (EIDSS.AVR  Critical) 
  Message: Invalid URI: The URI scheme is not valid. (Invalid URI: The URI scheme is not valid.) 
  Thread: (ID = 13048; Name = )
  Extended Properties: Exception - An exception of type 'System.UriFormatException' occurred and was caught.
-------------------------------------------------------------------------
10/31/2018 11:04:02
Type : System.UriFormatException, System, Version=4.0.0.0, Culture=neutral, PublicKeyToken=b77a5c561934e089
Message : Invalid URI: The URI scheme is not valid.
Source : System
Help link : 
Data : System.Collections.ListDictionaryInternal
TargetSite : Void CreateThis(System.String, Boolean, System.UriKind)
HResult : -2146233033
Stack Trace :    at System.Uri.CreateThis(String uri, Boolean dontEscape, UriKind uriKind)
   at eidss.model.WcfService.ServiceHostKeeper.InitServiceHost() in C:\NGDev\EIDSS61\eidss.core\WcfService\ServiceHostKeeper.cs:line 119
   at EIDSS.AVR.Service.WcfService.AvrHostKeeper.InitServiceHost() in C:\NGDev\EIDSS61\EIDSS.AVR.Service\WcfService\AvrHostKeeper.cs:line 49
   at eidss.model.WcfService.ServiceHostKeeper.Initialize() in C:\NGDev\EIDSS61\eidss.core\WcfService\ServiceHostKeeper.cs:line 85
   at eidss.model.WcfService.ServiceHostKeeper.Open() in C:\NGDev\EIDSS61\eidss.core\WcfService\ServiceHostKeeper.cs:line 30
   at eidss.model.WindowsService.EidssService.OnStart(String[] args) in C:\NGDev\EIDSS61\eidss.core\WindowsService\EidssService.cs:line 46

Additional Info:

MachineName : DESKTOP-I7GLVAK
TimeStamp : 10/31/2018 3:04:02 PM
FullName : Microsoft.Practices.EnterpriseLibrary.ExceptionHandling, Version=5.0.414.0, Culture=neutral, PublicKeyToken=null
AppDomainName : eidss.avr.service.exe
ThreadIdentity : 
WindowsIdentity : NT AUTHORITY\SYSTEM


10/31/2018 11:04:36 AM WCF Service Host (EIDSS.AVR  Verbose) 
  Message: EIDSS core initialized. 
  Thread: (ID = 2084; Name = )
  Extended Properties: 

10/31/2018 11:04:36 AM Invalid URI: The URI scheme is not valid. (EIDSS.AVR  Critical) 
  Message: Invalid URI: The URI scheme is not valid. (Invalid URI: The URI scheme is not valid.) 
  Thread: (ID = 2084; Name = )
  Extended Properties: Exception - An exception of type 'System.UriFormatException' occurred and was caught.
-------------------------------------------------------------------------
10/31/2018 11:04:36
Type : System.UriFormatException, System, Version=4.0.0.0, Culture=neutral, PublicKeyToken=b77a5c561934e089
Message : Invalid URI: The URI scheme is not valid.
Source : System
Help link : 
Data : System.Collections.ListDictionaryInternal
TargetSite : Void CreateThis(System.String, Boolean, System.UriKind)
HResult : -2146233033
Stack Trace :    at System.Uri.CreateThis(String uri, Boolean dontEscape, UriKind uriKind)
   at eidss.model.WcfService.ServiceHostKeeper.InitServiceHost() in C:\NGDev\EIDSS61\eidss.core\WcfService\ServiceHostKeeper.cs:line 119
   at EIDSS.AVR.Service.WcfService.AvrHostKeeper.InitServiceHost() in C:\NGDev\EIDSS61\EIDSS.AVR.Service\WcfService\AvrHostKeeper.cs:line 49
   at eidss.model.WcfService.ServiceHostKeeper.Initialize() in C:\NGDev\EIDSS61\eidss.core\WcfService\ServiceHostKeeper.cs:line 80

Additional Info:

MachineName : DESKTOP-I7GLVAK
TimeStamp : 10/31/2018 3:04:36 PM
FullName : Microsoft.Practices.EnterpriseLibrary.ExceptionHandling, Version=5.0.414.0, Culture=neutral, PublicKeyToken=null
AppDomainName : eidss.avr.service.exe
ThreadIdentity : 
WindowsIdentity : NT AUTHORITY\SYSTEM


10/31/2018 11:04:36 AM Invalid URI: The URI scheme is not valid. (EIDSS.AVR  Critical) 
  Message: Invalid URI: The URI scheme is not valid. (Invalid URI: The URI scheme is not valid.) 
  Thread: (ID = 2084; Name = )
  Extended Properties: Exception - An exception of type 'System.UriFormatException' occurred and was caught.
-------------------------------------------------------------------------
10/31/2018 11:04:36
Type : System.UriFormatException, System, Version=4.0.0.0, Culture=neutral, PublicKeyToken=b77a5c561934e089
Message : Invalid URI: The URI scheme is not valid.
Source : System
Help link : 
Data : System.Collections.ListDictionaryInternal
TargetSite : Void CreateThis(System.String, Boolean, System.UriKind)
HResult : -2146233033
Stack Trace :    at System.Uri.CreateThis(String uri, Boolean dontEscape, UriKind uriKind)
   at eidss.model.WcfService.ServiceHostKeeper.InitServiceHost() in C:\NGDev\EIDSS61\eidss.core\WcfService\ServiceHostKeeper.cs:line 119
   at EIDSS.AVR.Service.WcfService.AvrHostKeeper.InitServiceHost() in C:\NGDev\EIDSS61\EIDSS.AVR.Service\WcfService\AvrHostKeeper.cs:line 49
   at eidss.model.WcfService.ServiceHostKeeper.Initialize() in C:\NGDev\EIDSS61\eidss.core\WcfService\ServiceHostKeeper.cs:line 85
   at eidss.model.WcfService.ServiceHostKeeper.Open() in C:\NGDev\EIDSS61\eidss.core\WcfService\ServiceHostKeeper.cs:line 30
   at eidss.model.WindowsService.EidssService.OnStart(String[] args) in C:\NGDev\EIDSS61\eidss.core\WindowsService\EidssService.cs:line 46

Additional Info:

MachineName : DESKTOP-I7GLVAK
TimeStamp : 10/31/2018 3:04:36 PM
FullName : Microsoft.Practices.EnterpriseLibrary.ExceptionHandling, Version=5.0.414.0, Culture=neutral, PublicKeyToken=null
AppDomainName : eidss.avr.service.exe
ThreadIdentity : 
WindowsIdentity : NT AUTHORITY\SYSTEM


10/31/2018 1:19:28 PM WCF Service Host (EIDSS.AVR  Verbose) 
  Message: EIDSS core initialized. 
  Thread: (ID = 6636; Name = )
  Extended Properties: 

10/31/2018 1:19:29 PM WCF Service Host (EIDSS.AVR  Information) 
  Message: Service Host Configured at URL http://localhost:8071/ 
  Thread: (ID = 6636; Name = )
  Extended Properties: 

10/31/2018 1:19:29 PM WCF Service Host (EIDSS.AVR  Information) 
  Message: AVR Scheduler started with configuration: 
schedulerEnabled=False, 
                        timeOfSchedulerRuns=02:00:00, 
                        immediatelyRunSchedulerWhenServiceStarts=False, 
                        secondsBetweenSchedulerTasks=360 sec  
  Thread: (ID = 6636; Name = )
  Extended Properties: 

10/31/2018 1:19:29 PM [EIDSS AVR Service version 6] WCF Service Call (EIDSS.AVR  Verbose) 
  Message: GetDatabaseName() 
  Thread: (ID = 6636; Name = )
  Extended Properties: 

10/31/2018 1:19:29 PM WCF Service Host (EIDSS.AVR  Information) 
  Message: AVR Service use 
                    EIDSS Database 'EIDSS_TH'
                    EIDSS Archive Database ''
                    AVR Database 'EIDSS_TH_AVR_Service' 
  Thread: (ID = 6636; Name = )
  Extended Properties: 

10/31/2018 1:19:29 PM WCF Service Host (EIDSS.AVR  Information) 
  Message: Service Host Opened 
  Thread: (ID = 6636; Name = )
  Extended Properties: 

10/31/2018 1:19:29 PM WCF Service Host (EIDSS.AVR  Information) 
  Message: Scheduler started. 
  Thread: (ID = 6636; Name = )
  Extended Properties: 

10/31/2018 1:19:29 PM EIDSS Windows Service (EIDSS.AVR  Information) 
  Message: Reports Service Started. 
  Thread: (ID = 6636; Name = )
  Extended Properties: 

10/31/2018 1:19:40 PM WCF Service Host (EIDSS.AVR  Information) 
  Message: Service Host Closed 
  Thread: (ID = 648; Name = )
  Extended Properties: 

10/31/2018 1:19:40 PM WCF Service Host (EIDSS.AVR  Information) 
  Message: Scheduler stopped. 
  Thread: (ID = 648; Name = )
  Extended Properties: 

10/31/2018 1:19:40 PM EIDSS Windows Service (EIDSS.AVR  Information) 
  Message: Reports Service Stopped. 
  Thread: (ID = 648; Name = )
  Extended Properties: 

10/31/2018 1:20:49 PM WCF Service Host (EIDSS.AVR  Verbose) 
  Message: EIDSS core initialized. 
  Thread: (ID = 3100; Name = )
  Extended Properties: 

10/31/2018 1:20:49 PM 'AVRServiceHostURL' parameter not congigured in AppSettings section. (EIDSS.AVR  Critical) 
  Message: 'AVRServiceHostURL' parameter not congigured in AppSettings section. ('AVRServiceHostURL' parameter not congigured in AppSettings section.) 
  Thread: (ID = 3100; Name = )
  Extended Properties: Exception - An exception of type 'System.ApplicationException' occurred and was caught.
---------------------------------------------------------------------------
10/31/2018 13:20:49
Type : System.ApplicationException, mscorlib, Version=4.0.0.0, Culture=neutral, PublicKeyToken=b77a5c561934e089
Message : 'AVRServiceHostURL' parameter not congigured in AppSettings section.
Source : eidss.core
Help link : 
Data : System.Collections.ListDictionaryInternal
TargetSite : Void CalculateServiceURL()
HResult : -2146232832
Stack Trace :    at eidss.model.WcfService.ServiceHostKeeper.CalculateServiceURL() in C:\NGDev\EIDSS61\eidss.core\WcfService\ServiceHostKeeper.cs:line 112
   at eidss.model.WcfService.ServiceHostKeeper.InitServiceHost() in C:\NGDev\EIDSS61\eidss.core\WcfService\ServiceHostKeeper.cs:line 117
   at EIDSS.AVR.Service.WcfService.AvrHostKeeper.InitServiceHost() in C:\NGDev\EIDSS61\EIDSS.AVR.Service\WcfService\AvrHostKeeper.cs:line 49
   at eidss.model.WcfService.ServiceHostKeeper.Initialize() in C:\NGDev\EIDSS61\eidss.core\WcfService\ServiceHostKeeper.cs:line 80

Additional Info:

MachineName : DESKTOP-I7GLVAK
TimeStamp : 10/31/2018 5:20:49 PM
FullName : Microsoft.Practices.EnterpriseLibrary.ExceptionHandling, Version=5.0.414.0, Culture=neutral, PublicKeyToken=null
AppDomainName : eidss.avr.service.exe
ThreadIdentity : 
WindowsIdentity : NT AUTHORITY\SYSTEM


10/31/2018 1:20:49 PM 'AVRServiceHostURL' parameter not congigured in AppSettings section. (EIDSS.AVR  Critical) 
  Message: 'AVRServiceHostURL' parameter not congigured in AppSettings section. ('AVRServiceHostURL' parameter not congigured in AppSettings section.) 
  Thread: (ID = 3100; Name = )
  Extended Properties: Exception - An exception of type 'System.ApplicationException' occurred and was caught.
---------------------------------------------------------------------------
10/31/2018 13:20:49
Type : System.ApplicationException, mscorlib, Version=4.0.0.0, Culture=neutral, PublicKeyToken=b77a5c561934e089
Message : 'AVRServiceHostURL' parameter not congigured in AppSettings section.
Source : eidss.core
Help link : 
Data : System.Collections.ListDictionaryInternal
TargetSite : Void CalculateServiceURL()
HResult : -2146232832
Stack Trace :    at eidss.model.WcfService.ServiceHostKeeper.CalculateServiceURL() in C:\NGDev\EIDSS61\eidss.core\WcfService\ServiceHostKeeper.cs:line 112
   at eidss.model.WcfService.ServiceHostKeeper.InitServiceHost() in C:\NGDev\EIDSS61\eidss.core\WcfService\ServiceHostKeeper.cs:line 117
   at EIDSS.AVR.Service.WcfService.AvrHostKeeper.InitServiceHost() in C:\NGDev\EIDSS61\EIDSS.AVR.Service\WcfService\AvrHostKeeper.cs:line 49
   at eidss.model.WcfService.ServiceHostKeeper.Initialize() in C:\NGDev\EIDSS61\eidss.core\WcfService\ServiceHostKeeper.cs:line 85
   at eidss.model.WcfService.ServiceHostKeeper.Open() in C:\NGDev\EIDSS61\eidss.core\WcfService\ServiceHostKeeper.cs:line 30
   at eidss.model.WindowsService.EidssService.OnStart(String[] args) in C:\NGDev\EIDSS61\eidss.core\WindowsService\EidssService.cs:line 46

Additional Info:

MachineName : DESKTOP-I7GLVAK
TimeStamp : 10/31/2018 5:20:49 PM
FullName : Microsoft.Practices.EnterpriseLibrary.ExceptionHandling, Version=5.0.414.0, Culture=neutral, PublicKeyToken=null
AppDomainName : eidss.avr.service.exe
ThreadIdentity : 
WindowsIdentity : NT AUTHORITY\SYSTEM


10/31/2018 1:21:45 PM WCF Service Host (EIDSS.AVR  Verbose) 
  Message: EIDSS core initialized. 
  Thread: (ID = 13408; Name = )
  Extended Properties: 

10/31/2018 1:21:45 PM WCF Service Host (EIDSS.AVR  Information) 
  Message: Service Host Configured at URL http://127.0.0.1:8071/ 
  Thread: (ID = 13408; Name = )
  Extended Properties: 

10/31/2018 1:21:45 PM WCF Service Host (EIDSS.AVR  Information) 
  Message: AVR Scheduler started with configuration: 
schedulerEnabled=False, 
                        timeOfSchedulerRuns=02:00:00, 
                        immediatelyRunSchedulerWhenServiceStarts=False, 
                        secondsBetweenSchedulerTasks=360 sec  
  Thread: (ID = 13408; Name = )
  Extended Properties: 

10/31/2018 1:21:45 PM [EIDSS AVR Service version 6] WCF Service Call (EIDSS.AVR  Verbose) 
  Message: GetDatabaseName() 
  Thread: (ID = 13408; Name = )
  Extended Properties: 

10/31/2018 1:21:46 PM WCF Service Host (EIDSS.AVR  Information) 
  Message: AVR Service use 
                    EIDSS Database 'EIDSS_TH'
                    EIDSS Archive Database ''
                    AVR Database 'EIDSS_TH_AVR_Service' 
  Thread: (ID = 13408; Name = )
  Extended Properties: 

10/31/2018 1:21:46 PM WCF Service Host (EIDSS.AVR  Information) 
  Message: Service Host Opened 
  Thread: (ID = 13408; Name = )
  Extended Properties: 

10/31/2018 1:21:46 PM WCF Service Host (EIDSS.AVR  Information) 
  Message: Scheduler started. 
  Thread: (ID = 13408; Name = )
  Extended Properties: 

10/31/2018 1:21:46 PM EIDSS Windows Service (EIDSS.AVR  Information) 
  Message: Reports Service Started. 
  Thread: (ID = 13408; Name = )
  Extended Properties: 

10/31/2018 2:28:14 PM WCF Service Host (EIDSS.AVR  Information) 
  Message: Service Host Closed 
  Thread: (ID = 1360; Name = )
  Extended Properties: 

10/31/2018 2:28:14 PM WCF Service Host (EIDSS.AVR  Information) 
  Message: Scheduler stopped. 
  Thread: (ID = 1360; Name = )
  Extended Properties: 

10/31/2018 2:28:14 PM EIDSS Windows Service (EIDSS.AVR  Information) 
  Message: Reports Service Stopped. 
  Thread: (ID = 1360; Name = )
  Extended Properties: 

10/31/2018 2:28:21 PM WCF Service Host (EIDSS.AVR  Verbose) 
  Message: EIDSS core initialized. 
  Thread: (ID = 3864; Name = )
  Extended Properties: 

10/31/2018 2:28:21 PM WCF Service Host (EIDSS.AVR  Information) 
  Message: Service Host Configured at URL http://127.0.0.1:8071/ 
  Thread: (ID = 3864; Name = )
  Extended Properties: 

10/31/2018 2:28:21 PM WCF Service Host (EIDSS.AVR  Information) 
  Message: AVR Scheduler started with configuration: 
schedulerEnabled=False, 
                        timeOfSchedulerRuns=02:00:00, 
                        immediatelyRunSchedulerWhenServiceStarts=False, 
                        secondsBetweenSchedulerTasks=360 sec  
  Thread: (ID = 3864; Name = )
  Extended Properties: 

10/31/2018 2:28:21 PM [EIDSS AVR Service version 6] WCF Service Call (EIDSS.AVR  Verbose) 
  Message: GetDatabaseName() 
  Thread: (ID = 3864; Name = )
  Extended Properties: 

10/31/2018 2:28:21 PM WCF Service Host (EIDSS.AVR  Information) 
  Message: AVR Service use 
                    EIDSS Database 'EIDSS_TH'
                    EIDSS Archive Database ''
                    AVR Database 'EIDSS_TH_AVR_Service' 
  Thread: (ID = 3864; Name = )
  Extended Properties: 

10/31/2018 2:28:21 PM WCF Service Host (EIDSS.AVR  Information) 
  Message: Service Host Opened 
  Thread: (ID = 3864; Name = )
  Extended Properties: 

10/31/2018 2:28:21 PM WCF Service Host (EIDSS.AVR  Information) 
  Message: Scheduler started. 
  Thread: (ID = 3864; Name = )
  Extended Properties: 

10/31/2018 2:28:21 PM EIDSS Windows Service (EIDSS.AVR  Information) 
  Message: Reports Service Started. 
  Thread: (ID = 3864; Name = )
  Extended Properties: 

10/31/2018 3:01:15 PM WCF Service Host (EIDSS.AVR  Information) 
  Message: Service Host Closed 
  Thread: (ID = 3864; Name = )
  Extended Properties: 

10/31/2018 3:01:15 PM WCF Service Host (EIDSS.AVR  Information) 
  Message: Scheduler stopped. 
  Thread: (ID = 3864; Name = )
  Extended Properties: 

10/31/2018 3:01:15 PM EIDSS Windows Service (EIDSS.AVR  Information) 
  Message: Reports Service Stopped. 
  Thread: (ID = 3864; Name = )
  Extended Properties: 

10/31/2018 3:03:35 PM WCF Service Host (EIDSS.AVR  Verbose) 
  Message: EIDSS core initialized. 
  Thread: (ID = 8264; Name = )
  Extended Properties: 

10/31/2018 3:03:36 PM WCF Service Host (EIDSS.AVR  Information) 
  Message: Service Host Configured at URL http://127.0.0.1:8071/ 
  Thread: (ID = 8264; Name = )
  Extended Properties: 

10/31/2018 3:03:36 PM WCF Service Host (EIDSS.AVR  Information) 
  Message: AVR Scheduler started with configuration: 
schedulerEnabled=False, 
                        timeOfSchedulerRuns=02:00:00, 
                        immediatelyRunSchedulerWhenServiceStarts=False, 
                        secondsBetweenSchedulerTasks=360 sec  
  Thread: (ID = 8264; Name = )
  Extended Properties: 

10/31/2018 3:03:36 PM [EIDSS AVR Service version 6] WCF Service Call (EIDSS.AVR  Verbose) 
  Message: GetDatabaseName() 
  Thread: (ID = 8264; Name = )
  Extended Properties: 

10/31/2018 3:03:36 PM WCF Service Host (EIDSS.AVR  Information) 
  Message: AVR Service use 
                    EIDSS Database 'EIDSS_TH'
                    EIDSS Archive Database ''
                    AVR Database 'EIDSS_TH_AVR_Service' 
  Thread: (ID = 8264; Name = )
  Extended Properties: 

10/31/2018 3:03:36 PM WCF Service Host (EIDSS.AVR  Information) 
  Message: Service Host Opened 
  Thread: (ID = 8264; Name = )
  Extended Properties: 

10/31/2018 3:03:36 PM WCF Service Host (EIDSS.AVR  Information) 
  Message: Scheduler started. 
  Thread: (ID = 8264; Name = )
  Extended Properties: 

10/31/2018 3:03:36 PM EIDSS Windows Service (EIDSS.AVR  Information) 
  Message: Reports Service Started. 
  Thread: (ID = 8264; Name = )
  Extended Properties: 

11/1/2018 9:31:06 AM WCF Service Host (EIDSS.AVR  Verbose) 
  Message: EIDSS core initialized. 
  Thread: (ID = 7480; Name = )
  Extended Properties: 

11/1/2018 9:31:08 AM WCF Service Host (EIDSS.AVR  Information) 
  Message: Service Host Configured at URL http://127.0.0.1:8071/ 
  Thread: (ID = 7480; Name = )
  Extended Properties: 

11/1/2018 9:31:08 AM WCF Service Host (EIDSS.AVR  Information) 
  Message: AVR Scheduler started with configuration: 
schedulerEnabled=False, 
                        timeOfSchedulerRuns=02:00:00, 
                        immediatelyRunSchedulerWhenServiceStarts=False, 
                        secondsBetweenSchedulerTasks=360 sec  
  Thread: (ID = 7480; Name = )
  Extended Properties: 

11/1/2018 9:31:08 AM [EIDSS AVR Service version 6] WCF Service Call (EIDSS.AVR  Verbose) 
  Message: GetDatabaseName() 
  Thread: (ID = 7480; Name = )
  Extended Properties: 

11/1/2018 9:31:10 AM WCF Service Host (EIDSS.AVR  Information) 
  Message: AVR Service use 
                    EIDSS Database 'EIDSS_TH'
                    EIDSS Archive Database ''
                    AVR Database 'EIDSS_TH_AVR_Service' 
  Thread: (ID = 7480; Name = )
  Extended Properties: 

11/1/2018 9:31:11 AM WCF Service Host (EIDSS.AVR  Information) 
  Message: Service Host Opened 
  Thread: (ID = 7480; Name = )
  Extended Properties: 

11/1/2018 9:31:11 AM WCF Service Host (EIDSS.AVR  Information) 
  Message: Scheduler started. 
  Thread: (ID = 7480; Name = )
  Extended Properties: 

11/1/2018 9:31:11 AM EIDSS Windows Service (EIDSS.AVR  Information) 
  Message: Reports Service Started. 
  Thread: (ID = 7480; Name = )
  Extended Properties: 

11/1/2018 10:28:34 AM [EIDSS AVR Service version 6] WCF Service Call (EIDSS.AVR  Verbose) 
  Message: GetServiceVersion() 
  Thread: (ID = 22360; Name = )
  Extended Properties: 

11/1/2018 10:28:34 AM [EIDSS AVR Service version 6] WCF Service Call (EIDSS.AVR  Verbose) 
  Message: GetDatabaseName() 
  Thread: (ID = 22360; Name = )
  Extended Properties: 

11/1/2018 1:17:37 PM WCF Service Host (EIDSS.AVR  Information) 
  Message: Service Host Closed 
  Thread: (ID = 9300; Name = )
  Extended Properties: 

11/1/2018 1:17:37 PM WCF Service Host (EIDSS.AVR  Information) 
  Message: Scheduler stopped. 
  Thread: (ID = 9300; Name = )
  Extended Properties: 

11/1/2018 1:17:37 PM EIDSS Windows Service (EIDSS.AVR  Information) 
  Message: Reports Service Stopped. 
  Thread: (ID = 9300; Name = )
  Extended Properties: 

11/6/2018 11:55:49 AM WCF Service Host (EIDSS.AVR  Verbose) 
  Message: EIDSS core initialized. 
  Thread: (ID = 1840; Name = )
  Extended Properties: 

11/6/2018 11:55:50 AM Invalid URI: The URI scheme is not valid. (EIDSS.AVR  Critical) 
  Message: Invalid URI: The URI scheme is not valid. (Invalid URI: The URI scheme is not valid.) 
  Thread: (ID = 1840; Name = )
  Extended Properties: Exception - An exception of type 'System.UriFormatException' occurred and was caught.
-------------------------------------------------------------------------
11/06/2018 11:55:50
Type : System.UriFormatException, System, Version=4.0.0.0, Culture=neutral, PublicKeyToken=b77a5c561934e089
Message : Invalid URI: The URI scheme is not valid.
Source : System
Help link : 
Data : System.Collections.ListDictionaryInternal
TargetSite : Void CreateThis(System.String, Boolean, System.UriKind)
HResult : -2146233033
Stack Trace :    at System.Uri.CreateThis(String uri, Boolean dontEscape, UriKind uriKind)
   at eidss.model.WcfService.ServiceHostKeeper.InitServiceHost() in C:\NGDev\EIDSS61\eidss.core\WcfService\ServiceHostKeeper.cs:line 119
   at EIDSS.AVR.Service.WcfService.AvrHostKeeper.InitServiceHost() in C:\NGDev\EIDSS61\EIDSS.AVR.Service\WcfService\AvrHostKeeper.cs:line 49
   at eidss.model.WcfService.ServiceHostKeeper.Initialize() in C:\NGDev\EIDSS61\eidss.core\WcfService\ServiceHostKeeper.cs:line 80

Additional Info:

MachineName : DESKTOP-I7GLVAK
TimeStamp : 11/6/2018 4:55:50 PM
FullName : Microsoft.Practices.EnterpriseLibrary.ExceptionHandling, Version=5.0.414.0, Culture=neutral, PublicKeyToken=null
AppDomainName : eidss.avr.service.exe
ThreadIdentity : 
WindowsIdentity : NT AUTHORITY\SYSTEM


11/6/2018 11:55:50 AM Invalid URI: The URI scheme is not valid. (EIDSS.AVR  Critical) 
  Message: Invalid URI: The URI scheme is not valid. (Invalid URI: The URI scheme is not valid.) 
  Thread: (ID = 1840; Name = )
  Extended Properties: Exception - An exception of type 'System.UriFormatException' occurred and was caught.
-------------------------------------------------------------------------
11/06/2018 11:55:50
Type : System.UriFormatException, System, Version=4.0.0.0, Culture=neutral, PublicKeyToken=b77a5c561934e089
Message : Invalid URI: The URI scheme is not valid.
Source : System
Help link : 
Data : System.Collections.ListDictionaryInternal
TargetSite : Void CreateThis(System.String, Boolean, System.UriKind)
HResult : -2146233033
Stack Trace :    at System.Uri.CreateThis(String uri, Boolean dontEscape, UriKind uriKind)
   at eidss.model.WcfService.ServiceHostKeeper.InitServiceHost() in C:\NGDev\EIDSS61\eidss.core\WcfService\ServiceHostKeeper.cs:line 119
   at EIDSS.AVR.Service.WcfService.AvrHostKeeper.InitServiceHost() in C:\NGDev\EIDSS61\EIDSS.AVR.Service\WcfService\AvrHostKeeper.cs:line 49
   at eidss.model.WcfService.ServiceHostKeeper.Initialize() in C:\NGDev\EIDSS61\eidss.core\WcfService\ServiceHostKeeper.cs:line 85
   at eidss.model.WcfService.ServiceHostKeeper.Open() in C:\NGDev\EIDSS61\eidss.core\WcfService\ServiceHostKeeper.cs:line 30
   at eidss.model.WindowsService.EidssService.OnStart(String[] args) in C:\NGDev\EIDSS61\eidss.core\WindowsService\EidssService.cs:line 46

Additional Info:

MachineName : DESKTOP-I7GLVAK
TimeStamp : 11/6/2018 4:55:50 PM
FullName : Microsoft.Practices.EnterpriseLibrary.ExceptionHandling, Version=5.0.414.0, Culture=neutral, PublicKeyToken=null
AppDomainName : eidss.avr.service.exe
ThreadIdentity : 
WindowsIdentity : NT AUTHORITY\SYSTEM


11/8/2018 2:22:02 PM WCF Service Host (EIDSS.AVR  Verbose) 
  Message: EIDSS core initialized. 
  Thread: (ID = 25440; Name = )
  Extended Properties: 

11/8/2018 2:22:02 PM Invalid URI: The URI scheme is not valid. (EIDSS.AVR  Critical) 
  Message: Invalid URI: The URI scheme is not valid. (Invalid URI: The URI scheme is not valid.) 
  Thread: (ID = 25440; Name = )
  Extended Properties: Exception - An exception of type 'System.UriFormatException' occurred and was caught.
-------------------------------------------------------------------------
11/08/2018 14:22:02
Type : System.UriFormatException, System, Version=4.0.0.0, Culture=neutral, PublicKeyToken=b77a5c561934e089
Message : Invalid URI: The URI scheme is not valid.
Source : System
Help link : 
Data : System.Collections.ListDictionaryInternal
TargetSite : Void CreateThis(System.String, Boolean, System.UriKind)
HResult : -2146233033
Stack Trace :    at System.Uri.CreateThis(String uri, Boolean dontEscape, UriKind uriKind)
   at eidss.model.WcfService.ServiceHostKeeper.InitServiceHost() in C:\NGDev\EIDSS61\eidss.core\WcfService\ServiceHostKeeper.cs:line 119
   at EIDSS.AVR.Service.WcfService.AvrHostKeeper.InitServiceHost() in C:\NGDev\EIDSS61\EIDSS.AVR.Service\WcfService\AvrHostKeeper.cs:line 49
   at eidss.model.WcfService.ServiceHostKeeper.Initialize() in C:\NGDev\EIDSS61\eidss.core\WcfService\ServiceHostKeeper.cs:line 80

Additional Info:

MachineName : DESKTOP-I7GLVAK
TimeStamp : 11/8/2018 7:22:02 PM
FullName : Microsoft.Practices.EnterpriseLibrary.ExceptionHandling, Version=5.0.414.0, Culture=neutral, PublicKeyToken=null
AppDomainName : eidss.avr.service.exe
ThreadIdentity : 
WindowsIdentity : DESKTOP-I7GLVAK\LDKing


11/16/2018 11:53:22 AM WCF Service Host (EIDSS.AVR  Verbose) 
  Message: EIDSS core initialized. 
  Thread: (ID = 15028; Name = )
  Extended Properties: 

11/16/2018 11:53:23 AM Invalid URI: The URI scheme is not valid. (EIDSS.AVR  Critical) 
  Message: Invalid URI: The URI scheme is not valid. (Invalid URI: The URI scheme is not valid.) 
  Thread: (ID = 15028; Name = )
  Extended Properties: Exception - An exception of type 'System.UriFormatException' occurred and was caught.
-------------------------------------------------------------------------
11/16/2018 11:53:23
Type : System.UriFormatException, System, Version=4.0.0.0, Culture=neutral, PublicKeyToken=b77a5c561934e089
Message : Invalid URI: The URI scheme is not valid.
Source : System
Help link : 
Data : System.Collections.ListDictionaryInternal
TargetSite : Void CreateThis(System.String, Boolean, System.UriKind)
HResult : -2146233033
Stack Trace :    at System.Uri.CreateThis(String uri, Boolean dontEscape, UriKind uriKind)
   at eidss.model.WcfService.ServiceHostKeeper.InitServiceHost() in C:\NGDev\EIDSS61\eidss.core\WcfService\ServiceHostKeeper.cs:line 119
   at EIDSS.AVR.Service.WcfService.AvrHostKeeper.InitServiceHost() in C:\NGDev\EIDSS61\EIDSS.AVR.Service\WcfService\AvrHostKeeper.cs:line 49
   at eidss.model.WcfService.ServiceHostKeeper.Initialize() in C:\NGDev\EIDSS61\eidss.core\WcfService\ServiceHostKeeper.cs:line 80

Additional Info:

MachineName : DESKTOP-I7GLVAK
TimeStamp : 11/16/2018 4:53:23 PM
FullName : Microsoft.Practices.EnterpriseLibrary.ExceptionHandling, Version=5.0.414.0, Culture=neutral, PublicKeyToken=null
AppDomainName : eidss.avr.service.exe
ThreadIdentity : 
WindowsIdentity : NT AUTHORITY\SYSTEM


11/16/2018 11:53:23 AM Invalid URI: The URI scheme is not valid. (EIDSS.AVR  Error) 
  Message: Invalid URI: The URI scheme is not valid. 
  Thread: (ID = 15028; Name = )
  Extended Properties: Exception - An exception of type 'System.UriFormatException' occurred and was caught.
-------------------------------------------------------------------------
11/16/2018 11:53:23
Type : System.UriFormatException, System, Version=4.0.0.0, Culture=neutral, PublicKeyToken=b77a5c561934e089
Message : Invalid URI: The URI scheme is not valid.
Source : System
Help link : 
Data : System.Collections.ListDictionaryInternal
TargetSite : Void CreateThis(System.String, Boolean, System.UriKind)
HResult : -2146233033
Stack Trace :    at System.Uri.CreateThis(String uri, Boolean dontEscape, UriKind uriKind)
   at eidss.model.WcfService.ServiceHostKeeper.InitServiceHost() in C:\NGDev\EIDSS61\eidss.core\WcfService\ServiceHostKeeper.cs:line 119
   at EIDSS.AVR.Service.WcfService.AvrHostKeeper.InitServiceHost() in C:\NGDev\EIDSS61\EIDSS.AVR.Service\WcfService\AvrHostKeeper.cs:line 49
   at eidss.model.WcfService.ServiceHostKeeper.Initialize() in C:\NGDev\EIDSS61\eidss.core\WcfService\ServiceHostKeeper.cs:line 85
   at eidss.model.WcfService.ServiceHostKeeper.Open() in C:\NGDev\EIDSS61\eidss.core\WcfService\ServiceHostKeeper.cs:line 30
   at eidss.model.WindowsService.EidssService.RunInConsole() in C:\NGDev\EIDSS61\eidss.core\WindowsService\EidssService.cs:line 28

Additional Info:

MachineName : DESKTOP-I7GLVAK
TimeStamp : 11/16/2018 4:53:23 PM
FullName : Microsoft.Practices.EnterpriseLibrary.ExceptionHandling, Version=5.0.414.0, Culture=neutral, PublicKeyToken=null
AppDomainName : eidss.avr.service.exe
ThreadIdentity : 
WindowsIdentity : NT AUTHORITY\SYSTEM


11/16/2018 11:53:48 AM WCF Service Host (EIDSS.AVR  Verbose) 
  Message: EIDSS core initialized. 
  Thread: (ID = 9304; Name = )
  Extended Properties: 

11/16/2018 11:53:48 AM Invalid URI: The URI scheme is not valid. (EIDSS.AVR  Critical) 
  Message: Invalid URI: The URI scheme is not valid. (Invalid URI: The URI scheme is not valid.) 
  Thread: (ID = 9304; Name = )
  Extended Properties: Exception - An exception of type 'System.UriFormatException' occurred and was caught.
-------------------------------------------------------------------------
11/16/2018 11:53:48
Type : System.UriFormatException, System, Version=4.0.0.0, Culture=neutral, PublicKeyToken=b77a5c561934e089
Message : Invalid URI: The URI scheme is not valid.
Source : System
Help link : 
Data : System.Collections.ListDictionaryInternal
TargetSite : Void CreateThis(System.String, Boolean, System.UriKind)
HResult : -2146233033
Stack Trace :    at System.Uri.CreateThis(String uri, Boolean dontEscape, UriKind uriKind)
   at eidss.model.WcfService.ServiceHostKeeper.InitServiceHost() in C:\NGDev\EIDSS61\eidss.core\WcfService\ServiceHostKeeper.cs:line 119
   at EIDSS.AVR.Service.WcfService.AvrHostKeeper.InitServiceHost() in C:\NGDev\EIDSS61\EIDSS.AVR.Service\WcfService\AvrHostKeeper.cs:line 49
   at eidss.model.WcfService.ServiceHostKeeper.Initialize() in C:\NGDev\EIDSS61\eidss.core\WcfService\ServiceHostKeeper.cs:line 80

Additional Info:

MachineName : DESKTOP-I7GLVAK
TimeStamp : 11/16/2018 4:53:48 PM
FullName : Microsoft.Practices.EnterpriseLibrary.ExceptionHandling, Version=5.0.414.0, Culture=neutral, PublicKeyToken=null
AppDomainName : eidss.avr.service.exe
ThreadIdentity : 
WindowsIdentity : NT AUTHORITY\SYSTEM


11/16/2018 11:53:48 AM Invalid URI: The URI scheme is not valid. (EIDSS.AVR  Error) 
  Message: Invalid URI: The URI scheme is not valid. 
  Thread: (ID = 9304; Name = )
  Extended Properties: Exception - An exception of type 'System.UriFormatException' occurred and was caught.
-------------------------------------------------------------------------
11/16/2018 11:53:48
Type : System.UriFormatException, System, Version=4.0.0.0, Culture=neutral, PublicKeyToken=b77a5c561934e089
Message : Invalid URI: The URI scheme is not valid.
Source : System
Help link : 
Data : System.Collections.ListDictionaryInternal
TargetSite : Void CreateThis(System.String, Boolean, System.UriKind)
HResult : -2146233033
Stack Trace :    at System.Uri.CreateThis(String uri, Boolean dontEscape, UriKind uriKind)
   at eidss.model.WcfService.ServiceHostKeeper.InitServiceHost() in C:\NGDev\EIDSS61\eidss.core\WcfService\ServiceHostKeeper.cs:line 119
   at EIDSS.AVR.Service.WcfService.AvrHostKeeper.InitServiceHost() in C:\NGDev\EIDSS61\EIDSS.AVR.Service\WcfService\AvrHostKeeper.cs:line 49
   at eidss.model.WcfService.ServiceHostKeeper.Initialize() in C:\NGDev\EIDSS61\eidss.core\WcfService\ServiceHostKeeper.cs:line 85
   at eidss.model.WcfService.ServiceHostKeeper.Open() in C:\NGDev\EIDSS61\eidss.core\WcfService\ServiceHostKeeper.cs:line 30
   at eidss.model.WindowsService.EidssService.RunInConsole() in C:\NGDev\EIDSS61\eidss.core\WindowsService\EidssService.cs:line 28

Additional Info:

MachineName : DESKTOP-I7GLVAK
TimeStamp : 11/16/2018 4:53:48 PM
FullName : Microsoft.Practices.EnterpriseLibrary.ExceptionHandling, Version=5.0.414.0, Culture=neutral, PublicKeyToken=null
AppDomainName : eidss.avr.service.exe
ThreadIdentity : 
WindowsIdentity : NT AUTHORITY\SYSTEM


11/19/2018 11:29:37 AM WCF Service Host (EIDSS.AVR  Verbose) 
  Message: EIDSS core initialized. 
  Thread: (ID = 17396; Name = )
  Extended Properties: 

11/19/2018 11:29:37 AM Invalid URI: The URI scheme is not valid. (EIDSS.AVR  Critical) 
  Message: Invalid URI: The URI scheme is not valid. (Invalid URI: The URI scheme is not valid.) 
  Thread: (ID = 17396; Name = )
  Extended Properties: Exception - An exception of type 'System.UriFormatException' occurred and was caught.
-------------------------------------------------------------------------
11/19/2018 11:29:37
Type : System.UriFormatException, System, Version=4.0.0.0, Culture=neutral, PublicKeyToken=b77a5c561934e089
Message : Invalid URI: The URI scheme is not valid.
Source : System
Help link : 
Data : System.Collections.ListDictionaryInternal
TargetSite : Void CreateThis(System.String, Boolean, System.UriKind)
HResult : -2146233033
Stack Trace :    at System.Uri.CreateThis(String uri, Boolean dontEscape, UriKind uriKind)
   at eidss.model.WcfService.ServiceHostKeeper.InitServiceHost() in C:\NGDev\EIDSS61\eidss.core\WcfService\ServiceHostKeeper.cs:line 119
   at EIDSS.AVR.Service.WcfService.AvrHostKeeper.InitServiceHost() in C:\NGDev\EIDSS61\EIDSS.AVR.Service\WcfService\AvrHostKeeper.cs:line 49
   at eidss.model.WcfService.ServiceHostKeeper.Initialize() in C:\NGDev\EIDSS61\eidss.core\WcfService\ServiceHostKeeper.cs:line 80

Additional Info:

MachineName : DESKTOP-I7GLVAK
TimeStamp : 11/19/2018 4:29:37 PM
FullName : Microsoft.Practices.EnterpriseLibrary.ExceptionHandling, Version=5.0.414.0, Culture=neutral, PublicKeyToken=null
AppDomainName : eidss.avr.service.exe
ThreadIdentity : 
WindowsIdentity : DESKTOP-I7GLVAK\LDKing


11/19/2018 11:29:37 AM Invalid URI: The URI scheme is not valid. (EIDSS.AVR  Error) 
  Message: Invalid URI: The URI scheme is not valid. 
  Thread: (ID = 17396; Name = )
  Extended Properties: Exception - An exception of type 'System.UriFormatException' occurred and was caught.
-------------------------------------------------------------------------
11/19/2018 11:29:37
Type : System.UriFormatException, System, Version=4.0.0.0, Culture=neutral, PublicKeyToken=b77a5c561934e089
Message : Invalid URI: The URI scheme is not valid.
Source : System
Help link : 
Data : System.Collections.ListDictionaryInternal
TargetSite : Void CreateThis(System.String, Boolean, System.UriKind)
HResult : -2146233033
Stack Trace :    at System.Uri.CreateThis(String uri, Boolean dontEscape, UriKind uriKind)
   at eidss.model.WcfService.ServiceHostKeeper.InitServiceHost() in C:\NGDev\EIDSS61\eidss.core\WcfService\ServiceHostKeeper.cs:line 119
   at EIDSS.AVR.Service.WcfService.AvrHostKeeper.InitServiceHost() in C:\NGDev\EIDSS61\EIDSS.AVR.Service\WcfService\AvrHostKeeper.cs:line 49
   at eidss.model.WcfService.ServiceHostKeeper.Initialize() in C:\NGDev\EIDSS61\eidss.core\WcfService\ServiceHostKeeper.cs:line 85
   at eidss.model.WcfService.ServiceHostKeeper.Open() in C:\NGDev\EIDSS61\eidss.core\WcfService\ServiceHostKeeper.cs:line 30
   at eidss.model.WindowsService.EidssService.RunInConsole() in C:\NGDev\EIDSS61\eidss.core\WindowsService\EidssService.cs:line 28

Additional Info:

MachineName : DESKTOP-I7GLVAK
TimeStamp : 11/19/2018 4:29:37 PM
FullName : Microsoft.Practices.EnterpriseLibrary.ExceptionHandling, Version=5.0.414.0, Culture=neutral, PublicKeyToken=null
AppDomainName : eidss.avr.service.exe
ThreadIdentity : 
WindowsIdentity : DESKTOP-I7GLVAK\LDKing


11/19/2018 11:32:04 AM WCF Service Host (EIDSS.AVR  Verbose) 
  Message: EIDSS core initialized. 
  Thread: (ID = 8804; Name = )
  Extended Properties: 

11/19/2018 11:32:04 AM Invalid URI: The URI scheme is not valid. (EIDSS.AVR  Critical) 
  Message: Invalid URI: The URI scheme is not valid. (Invalid URI: The URI scheme is not valid.) 
  Thread: (ID = 8804; Name = )
  Extended Properties: Exception - An exception of type 'System.UriFormatException' occurred and was caught.
-------------------------------------------------------------------------
11/19/2018 11:32:04
Type : System.UriFormatException, System, Version=4.0.0.0, Culture=neutral, PublicKeyToken=b77a5c561934e089
Message : Invalid URI: The URI scheme is not valid.
Source : System
Help link : 
Data : System.Collections.ListDictionaryInternal
TargetSite : Void CreateThis(System.String, Boolean, System.UriKind)
HResult : -2146233033
Stack Trace :    at System.Uri.CreateThis(String uri, Boolean dontEscape, UriKind uriKind)
   at eidss.model.WcfService.ServiceHostKeeper.InitServiceHost() in C:\NGDev\EIDSS61\eidss.core\WcfService\ServiceHostKeeper.cs:line 119
   at EIDSS.AVR.Service.WcfService.AvrHostKeeper.InitServiceHost() in C:\NGDev\EIDSS61\EIDSS.AVR.Service\WcfService\AvrHostKeeper.cs:line 49
   at eidss.model.WcfService.ServiceHostKeeper.Initialize() in C:\NGDev\EIDSS61\eidss.core\WcfService\ServiceHostKeeper.cs:line 80

Additional Info:

MachineName : DESKTOP-I7GLVAK
TimeStamp : 11/19/2018 4:32:04 PM
FullName : Microsoft.Practices.EnterpriseLibrary.ExceptionHandling, Version=5.0.414.0, Culture=neutral, PublicKeyToken=null
AppDomainName : eidss.avr.service.exe
ThreadIdentity : 
WindowsIdentity : NT AUTHORITY\SYSTEM


11/19/2018 11:32:04 AM Invalid URI: The URI scheme is not valid. (EIDSS.AVR  Critical) 
  Message: Invalid URI: The URI scheme is not valid. (Invalid URI: The URI scheme is not valid.) 
  Thread: (ID = 8804; Name = )
  Extended Properties: Exception - An exception of type 'System.UriFormatException' occurred and was caught.
-------------------------------------------------------------------------
11/19/2018 11:32:04
Type : System.UriFormatException, System, Version=4.0.0.0, Culture=neutral, PublicKeyToken=b77a5c561934e089
Message : Invalid URI: The URI scheme is not valid.
Source : System
Help link : 
Data : System.Collections.ListDictionaryInternal
TargetSite : Void CreateThis(System.String, Boolean, System.UriKind)
HResult : -2146233033
Stack Trace :    at System.Uri.CreateThis(String uri, Boolean dontEscape, UriKind uriKind)
   at eidss.model.WcfService.ServiceHostKeeper.InitServiceHost() in C:\NGDev\EIDSS61\eidss.core\WcfService\ServiceHostKeeper.cs:line 119
   at EIDSS.AVR.Service.WcfService.AvrHostKeeper.InitServiceHost() in C:\NGDev\EIDSS61\EIDSS.AVR.Service\WcfService\AvrHostKeeper.cs:line 49
   at eidss.model.WcfService.ServiceHostKeeper.Initialize() in C:\NGDev\EIDSS61\eidss.core\WcfService\ServiceHostKeeper.cs:line 85
   at eidss.model.WcfService.ServiceHostKeeper.Open() in C:\NGDev\EIDSS61\eidss.core\WcfService\ServiceHostKeeper.cs:line 30
   at eidss.model.WindowsService.EidssService.OnStart(String[] args) in C:\NGDev\EIDSS61\eidss.core\WindowsService\EidssService.cs:line 46

Additional Info:

MachineName : DESKTOP-I7GLVAK
TimeStamp : 11/19/2018 4:32:04 PM
FullName : Microsoft.Practices.EnterpriseLibrary.ExceptionHandling, Version=5.0.414.0, Culture=neutral, PublicKeyToken=null
AppDomainName : eidss.avr.service.exe
ThreadIdentity : 
WindowsIdentity : NT AUTHORITY\SYSTEM


11/19/2018 11:32:16 AM WCF Service Host (EIDSS.AVR  Verbose) 
  Message: EIDSS core initialized. 
  Thread: (ID = 19760; Name = )
  Extended Properties: 

11/19/2018 11:32:16 AM Invalid URI: The URI scheme is not valid. (EIDSS.AVR  Critical) 
  Message: Invalid URI: The URI scheme is not valid. (Invalid URI: The URI scheme is not valid.) 
  Thread: (ID = 19760; Name = )
  Extended Properties: Exception - An exception of type 'System.UriFormatException' occurred and was caught.
-------------------------------------------------------------------------
11/19/2018 11:32:16
Type : System.UriFormatException, System, Version=4.0.0.0, Culture=neutral, PublicKeyToken=b77a5c561934e089
Message : Invalid URI: The URI scheme is not valid.
Source : System
Help link : 
Data : System.Collections.ListDictionaryInternal
TargetSite : Void CreateThis(System.String, Boolean, System.UriKind)
HResult : -2146233033
Stack Trace :    at System.Uri.CreateThis(String uri, Boolean dontEscape, UriKind uriKind)
   at eidss.model.WcfService.ServiceHostKeeper.InitServiceHost() in C:\NGDev\EIDSS61\eidss.core\WcfService\ServiceHostKeeper.cs:line 119
   at EIDSS.AVR.Service.WcfService.AvrHostKeeper.InitServiceHost() in C:\NGDev\EIDSS61\EIDSS.AVR.Service\WcfService\AvrHostKeeper.cs:line 49
   at eidss.model.WcfService.ServiceHostKeeper.Initialize() in C:\NGDev\EIDSS61\eidss.core\WcfService\ServiceHostKeeper.cs:line 80

Additional Info:

MachineName : DESKTOP-I7GLVAK
TimeStamp : 11/19/2018 4:32:16 PM
FullName : Microsoft.Practices.EnterpriseLibrary.ExceptionHandling, Version=5.0.414.0, Culture=neutral, PublicKeyToken=null
AppDomainName : eidss.avr.service.exe
ThreadIdentity : 
WindowsIdentity : NT AUTHORITY\SYSTEM


11/19/2018 11:32:16 AM Invalid URI: The URI scheme is not valid. (EIDSS.AVR  Critical) 
  Message: Invalid URI: The URI scheme is not valid. (Invalid URI: The URI scheme is not valid.) 
  Thread: (ID = 19760; Name = )
  Extended Properties: Exception - An exception of type 'System.UriFormatException' occurred and was caught.
-------------------------------------------------------------------------
11/19/2018 11:32:16
Type : System.UriFormatException, System, Version=4.0.0.0, Culture=neutral, PublicKeyToken=b77a5c561934e089
Message : Invalid URI: The URI scheme is not valid.
Source : System
Help link : 
Data : System.Collections.ListDictionaryInternal
TargetSite : Void CreateThis(System.String, Boolean, System.UriKind)
HResult : -2146233033
Stack Trace :    at System.Uri.CreateThis(String uri, Boolean dontEscape, UriKind uriKind)
   at eidss.model.WcfService.ServiceHostKeeper.InitServiceHost() in C:\NGDev\EIDSS61\eidss.core\WcfService\ServiceHostKeeper.cs:line 119
   at EIDSS.AVR.Service.WcfService.AvrHostKeeper.InitServiceHost() in C:\NGDev\EIDSS61\EIDSS.AVR.Service\WcfService\AvrHostKeeper.cs:line 49
   at eidss.model.WcfService.ServiceHostKeeper.Initialize() in C:\NGDev\EIDSS61\eidss.core\WcfService\ServiceHostKeeper.cs:line 85
   at eidss.model.WcfService.ServiceHostKeeper.Open() in C:\NGDev\EIDSS61\eidss.core\WcfService\ServiceHostKeeper.cs:line 30
   at eidss.model.WindowsService.EidssService.OnStart(String[] args) in C:\NGDev\EIDSS61\eidss.core\WindowsService\EidssService.cs:line 46

Additional Info:

MachineName : DESKTOP-I7GLVAK
TimeStamp : 11/19/2018 4:32:16 PM
FullName : Microsoft.Practices.EnterpriseLibrary.ExceptionHandling, Version=5.0.414.0, Culture=neutral, PublicKeyToken=null
AppDomainName : eidss.avr.service.exe
ThreadIdentity : 
WindowsIdentity : NT AUTHORITY\SYSTEM


11/19/2018 11:49:23 AM WCF Service Host (EIDSS.AVR  Verbose) 
  Message: EIDSS core initialized. 
  Thread: (ID = 19480; Name = )
  Extended Properties: 

11/19/2018 11:49:23 AM Invalid URI: The URI scheme is not valid. (EIDSS.AVR  Critical) 
  Message: Invalid URI: The URI scheme is not valid. (Invalid URI: The URI scheme is not valid.) 
  Thread: (ID = 19480; Name = )
  Extended Properties: Exception - An exception of type 'System.UriFormatException' occurred and was caught.
-------------------------------------------------------------------------
11/19/2018 11:49:23
Type : System.UriFormatException, System, Version=4.0.0.0, Culture=neutral, PublicKeyToken=b77a5c561934e089
Message : Invalid URI: The URI scheme is not valid.
Source : System
Help link : 
Data : System.Collections.ListDictionaryInternal
TargetSite : Void CreateThis(System.String, Boolean, System.UriKind)
HResult : -2146233033
Stack Trace :    at System.Uri.CreateThis(String uri, Boolean dontEscape, UriKind uriKind)
   at eidss.model.WcfService.ServiceHostKeeper.InitServiceHost() in C:\NGDev\EIDSS61\eidss.core\WcfService\ServiceHostKeeper.cs:line 119
   at EIDSS.AVR.Service.WcfService.AvrHostKeeper.InitServiceHost() in C:\NGDev\EIDSS61\EIDSS.AVR.Service\WcfService\AvrHostKeeper.cs:line 49
   at eidss.model.WcfService.ServiceHostKeeper.Initialize() in C:\NGDev\EIDSS61\eidss.core\WcfService\ServiceHostKeeper.cs:line 80

Additional Info:

MachineName : DESKTOP-I7GLVAK
TimeStamp : 11/19/2018 4:49:23 PM
FullName : Microsoft.Practices.EnterpriseLibrary.ExceptionHandling, Version=5.0.414.0, Culture=neutral, PublicKeyToken=null
AppDomainName : eidss.avr.service.exe
ThreadIdentity : 
WindowsIdentity : NT AUTHORITY\SYSTEM


11/19/2018 11:49:23 AM Invalid URI: The URI scheme is not valid. (EIDSS.AVR  Critical) 
  Message: Invalid URI: The URI scheme is not valid. (Invalid URI: The URI scheme is not valid.) 
  Thread: (ID = 19480; Name = )
  Extended Properties: Exception - An exception of type 'System.UriFormatException' occurred and was caught.
-------------------------------------------------------------------------
11/19/2018 11:49:23
Type : System.UriFormatException, System, Version=4.0.0.0, Culture=neutral, PublicKeyToken=b77a5c561934e089
Message : Invalid URI: The URI scheme is not valid.
Source : System
Help link : 
Data : System.Collections.ListDictionaryInternal
TargetSite : Void CreateThis(System.String, Boolean, System.UriKind)
HResult : -2146233033
Stack Trace :    at System.Uri.CreateThis(String uri, Boolean dontEscape, UriKind uriKind)
   at eidss.model.WcfService.ServiceHostKeeper.InitServiceHost() in C:\NGDev\EIDSS61\eidss.core\WcfService\ServiceHostKeeper.cs:line 119
   at EIDSS.AVR.Service.WcfService.AvrHostKeeper.InitServiceHost() in C:\NGDev\EIDSS61\EIDSS.AVR.Service\WcfService\AvrHostKeeper.cs:line 49
   at eidss.model.WcfService.ServiceHostKeeper.Initialize() in C:\NGDev\EIDSS61\eidss.core\WcfService\ServiceHostKeeper.cs:line 85
   at eidss.model.WcfService.ServiceHostKeeper.Open() in C:\NGDev\EIDSS61\eidss.core\WcfService\ServiceHostKeeper.cs:line 30
   at eidss.model.WindowsService.EidssService.OnStart(String[] args) in C:\NGDev\EIDSS61\eidss.core\WindowsService\EidssService.cs:line 46

Additional Info:

MachineName : DESKTOP-I7GLVAK
TimeStamp : 11/19/2018 4:49:23 PM
FullName : Microsoft.Practices.EnterpriseLibrary.ExceptionHandling, Version=5.0.414.0, Culture=neutral, PublicKeyToken=null
AppDomainName : eidss.avr.service.exe
ThreadIdentity : 
WindowsIdentity : NT AUTHORITY\SYSTEM


11/19/2018 12:03:19 PM WCF Service Host (EIDSS.AVR  Verbose) 
  Message: EIDSS core initialized. 
  Thread: (ID = 16968; Name = )
  Extended Properties: 

11/19/2018 12:04:09 PM WCF Service Host (EIDSS.AVR  Verbose) 
  Message: EIDSS core initialized. 
  Thread: (ID = 14220; Name = )
  Extended Properties: 

11/19/2018 12:04:14 PM WCF Service Host (EIDSS.AVR  Information) 
  Message: Service Host Configured at URL http://localhost:8071/ 
  Thread: (ID = 14220; Name = )
  Extended Properties: 

11/19/2018 12:04:14 PM WCF Service Host (EIDSS.AVR  Information) 
  Message: AVR Scheduler started with configuration: 
schedulerEnabled=False, 
                        timeOfSchedulerRuns=02:00:00, 
                        immediatelyRunSchedulerWhenServiceStarts=False, 
                        secondsBetweenSchedulerTasks=360 sec  
  Thread: (ID = 14220; Name = )
  Extended Properties: 

11/19/2018 12:04:14 PM [EIDSS AVR Service version 6] WCF Service Call (EIDSS.AVR  Verbose) 
  Message: GetDatabaseName() 
  Thread: (ID = 14220; Name = )
  Extended Properties: 

11/19/2018 12:04:20 PM WCF Service Host (EIDSS.AVR  Information) 
  Message: AVR Service use 
                    EIDSS Database 'EIDSS_TH'
                    EIDSS Archive Database ''
                    AVR Database 'EIDSS_TH_AVR_Service' 
  Thread: (ID = 14220; Name = )
  Extended Properties: 

11/19/2018 12:04:20 PM WCF Service Host (EIDSS.AVR  Information) 
  Message: Service Host Opened 
  Thread: (ID = 14220; Name = )
  Extended Properties: 

11/19/2018 12:04:20 PM WCF Service Host (EIDSS.AVR  Information) 
  Message: Scheduler started. 
  Thread: (ID = 14220; Name = )
  Extended Properties: 

11/19/2018 12:04:20 PM EIDSS Windows Service (EIDSS.AVR  Information) 
  Message: Press Enter to stop Service. 
  Thread: (ID = 14220; Name = )
  Extended Properties: 

11/19/2018 12:43:53 PM WCF Service Host (EIDSS.AVR  Verbose) 
  Message: EIDSS core initialized. 
  Thread: (ID = 13264; Name = )
  Extended Properties: 

11/19/2018 12:43:55 PM WCF Service Host (EIDSS.AVR  Information) 
  Message: Service Host Configured at URL http://localhost:8071/ 
  Thread: (ID = 13264; Name = )
  Extended Properties: 

11/19/2018 12:43:55 PM WCF Service Host (EIDSS.AVR  Information) 
  Message: AVR Scheduler started with configuration: 
schedulerEnabled=False, 
                        timeOfSchedulerRuns=02:00:00, 
                        immediatelyRunSchedulerWhenServiceStarts=False, 
                        secondsBetweenSchedulerTasks=360 sec  
  Thread: (ID = 13264; Name = )
  Extended Properties: 

11/19/2018 12:43:55 PM [EIDSS AVR Service version 6] WCF Service Call (EIDSS.AVR  Verbose) 
  Message: GetDatabaseName() 
  Thread: (ID = 13264; Name = )
  Extended Properties: 

11/19/2018 12:44:02 PM WCF Service Host (EIDSS.AVR  Information) 
  Message: AVR Service use 
                    EIDSS Database 'EIDSS_TH'
                    EIDSS Archive Database ''
                    AVR Database 'EIDSS_TH_AVR_Service' 
  Thread: (ID = 13264; Name = )
  Extended Properties: 

11/19/2018 12:44:03 PM WCF Service Host (EIDSS.AVR  Information) 
  Message: Service Host Opened 
  Thread: (ID = 13264; Name = )
  Extended Properties: 

11/19/2018 12:44:03 PM WCF Service Host (EIDSS.AVR  Information) 
  Message: Scheduler started. 
  Thread: (ID = 13264; Name = )
  Extended Properties: 

11/19/2018 12:44:03 PM EIDSS Windows Service (EIDSS.AVR  Information) 
  Message: Press Enter to stop Service. 
  Thread: (ID = 13264; Name = )
  Extended Properties: 

11/19/2018 12:45:46 PM WCF Service Host (EIDSS.AVR  Verbose) 
  Message: EIDSS core initialized. 
  Thread: (ID = 18236; Name = )
  Extended Properties: 

11/19/2018 12:45:46 PM WCF Service Host (EIDSS.AVR  Information) 
  Message: Service Host Configured at URL http://localhost:8071/ 
  Thread: (ID = 18236; Name = )
  Extended Properties: 

11/19/2018 12:45:46 PM WCF Service Host (EIDSS.AVR  Information) 
  Message: AVR Scheduler started with configuration: 
schedulerEnabled=False, 
                        timeOfSchedulerRuns=02:00:00, 
                        immediatelyRunSchedulerWhenServiceStarts=False, 
                        secondsBetweenSchedulerTasks=360 sec  
  Thread: (ID = 18236; Name = )
  Extended Properties: 

11/19/2018 12:45:47 PM [EIDSS AVR Service version 6] WCF Service Call (EIDSS.AVR  Verbose) 
  Message: GetDatabaseName() 
  Thread: (ID = 18236; Name = )
  Extended Properties: 

11/19/2018 12:45:47 PM WCF Service Host (EIDSS.AVR  Information) 
  Message: AVR Service use 
                    EIDSS Database 'EIDSS_TH'
                    EIDSS Archive Database ''
                    AVR Database 'EIDSS_TH_AVR_Service' 
  Thread: (ID = 18236; Name = )
  Extended Properties: 

11/19/2018 12:45:47 PM WCF Service Host (EIDSS.AVR  Information) 
  Message: Service Host Opened 
  Thread: (ID = 18236; Name = )
  Extended Properties: 

11/19/2018 12:45:47 PM WCF Service Host (EIDSS.AVR  Information) 
  Message: Scheduler started. 
  Thread: (ID = 18236; Name = )
  Extended Properties: 

11/19/2018 12:45:47 PM EIDSS Windows Service (EIDSS.AVR  Information) 
  Message: Reports Service Started. 
  Thread: (ID = 18236; Name = )
  Extended Properties: 

11/19/2018 12:47:17 PM WCF Service Host (EIDSS.AVR  Information) 
  Message: Service Host Closed 
  Thread: (ID = 13504; Name = )
  Extended Properties: 

11/19/2018 12:47:17 PM WCF Service Host (EIDSS.AVR  Information) 
  Message: Scheduler stopped. 
  Thread: (ID = 13504; Name = )
  Extended Properties: 

11/19/2018 12:47:17 PM EIDSS Windows Service (EIDSS.AVR  Information) 
  Message: Reports Service Stopped. 
  Thread: (ID = 13504; Name = )
  Extended Properties: 

