12/20/2018 10:19:03 AM WCF Service Host (EIDSS.Reports  Verbose) 
  Message: EIDSS core initialized. 
  Thread: (ID = 144; Name = )
  Extended Properties: 

12/20/2018 10:19:07 AM Data Adapter (EIDSS.Reports  Verbose) 
  Message: Database 'EIDSS_TH' connection checked. 
  Thread: (ID = 144; Name = )
  Extended Properties: 

12/20/2018 10:19:28 AM WCF Service Host (EIDSS.Reports  Information) 
  Message: Service Host Configured at URL http://localhost:8097/ 
  Thread: (ID = 144; Name = )
  Extended Properties: 

12/20/2018 10:19:37 AM WCF Service Host (EIDSS.Reports  Information) 
  Message: Service Host Opened 
  Thread: (ID = 144; Name = )
  Extended Properties: 

12/20/2018 10:19:37 AM EIDSS Windows Service (EIDSS.Reports  Information) 
  Message: Reports Service Started. 
  Thread: (ID = 144; Name = )
  Extended Properties: 

12/20/2018 5:34:00 PM WCF Service Host (EIDSS.Reports  Verbose) 
  Message: EIDSS core initialized. 
  Thread: (ID = 6040; Name = )
  Extended Properties: 

12/20/2018 5:34:06 PM Data Adapter (EIDSS.Reports  Verbose) 
  Message: Database 'EIDSS_TH' connection checked. 
  Thread: (ID = 6040; Name = )
  Extended Properties: 

12/20/2018 5:34:16 PM WCF Service Host (EIDSS.Reports  Information) 
  Message: Service Host Configured at URL http://localhost:8097/ 
  Thread: (ID = 6040; Name = )
  Extended Properties: 

12/20/2018 5:34:33 PM WCF Service Host (EIDSS.Reports  Information) 
  Message: Service Host Opened 
  Thread: (ID = 6040; Name = )
  Extended Properties: 

12/20/2018 5:34:33 PM EIDSS Windows Service (EIDSS.Reports  Information) 
  Message: Reports Service Started. 
  Thread: (ID = 6040; Name = )
  Extended Properties: 

12/24/2018 10:22:24 AM WCF Service Host (EIDSS.Reports  Verbose) 
  Message: EIDSS core initialized. 
  Thread: (ID = 8044; Name = )
  Extended Properties: 

12/24/2018 10:22:30 AM Data Adapter (EIDSS.Reports  Verbose) 
  Message: Database 'EIDSS_TH' connection checked. 
  Thread: (ID = 8044; Name = )
  Extended Properties: 

12/24/2018 10:22:43 AM WCF Service Host (EIDSS.Reports  Information) 
  Message: Service Host Configured at URL http://localhost:8097/ 
  Thread: (ID = 8044; Name = )
  Extended Properties: 

12/24/2018 10:22:49 AM WCF Service Host (EIDSS.Reports  Information) 
  Message: Service Host Opened 
  Thread: (ID = 8044; Name = )
  Extended Properties: 

12/24/2018 10:22:49 AM EIDSS Windows Service (EIDSS.Reports  Information) 
  Message: Reports Service Started. 
  Thread: (ID = 8044; Name = )
  Extended Properties: 

1/9/2019 5:32:16 PM WCF Service Host (EIDSS.Reports  Verbose) 
  Message: EIDSS core initialized. 
  Thread: (ID = 8292; Name = )
  Extended Properties: 

1/9/2019 5:32:19 PM Data Adapter (EIDSS.Reports  Verbose) 
  Message: Database 'EIDSS_TH' connection checked. 
  Thread: (ID = 8292; Name = )
  Extended Properties: 

1/9/2019 5:32:27 PM WCF Service Host (EIDSS.Reports  Information) 
  Message: Service Host Configured at URL http://localhost:8097/ 
  Thread: (ID = 8292; Name = )
  Extended Properties: 

1/9/2019 5:32:34 PM WCF Service Host (EIDSS.Reports  Information) 
  Message: Service Host Opened 
  Thread: (ID = 8292; Name = )
  Extended Properties: 

1/9/2019 5:32:34 PM EIDSS Windows Service (EIDSS.Reports  Information) 
  Message: Reports Service Started. 
  Thread: (ID = 8292; Name = )
  Extended Properties: 

1/14/2019 10:04:25 AM WCF Service Host (EIDSS.Reports  Verbose) 
  Message: EIDSS core initialized. 
  Thread: (ID = 8356; Name = )
  Extended Properties: 

1/14/2019 10:04:30 AM Data Adapter (EIDSS.Reports  Verbose) 
  Message: Database 'EIDSS_TH' connection checked. 
  Thread: (ID = 8356; Name = )
  Extended Properties: 

1/14/2019 10:04:59 AM WCF Service Host (EIDSS.Reports  Information) 
  Message: Service Host Configured at URL http://localhost:8097/ 
  Thread: (ID = 8356; Name = )
  Extended Properties: 

1/14/2019 10:05:11 AM WCF Service Host (EIDSS.Reports  Information) 
  Message: Service Host Opened 
  Thread: (ID = 8356; Name = )
  Extended Properties: 

1/14/2019 10:05:11 AM EIDSS Windows Service (EIDSS.Reports  Information) 
  Message: Reports Service Started. 
  Thread: (ID = 8356; Name = )
  Extended Properties: 

1/18/2019 5:36:17 PM WCF Service Host (EIDSS.Reports  Verbose) 
  Message: EIDSS core initialized. 
  Thread: (ID = 8404; Name = )
  Extended Properties: 

1/18/2019 5:36:22 PM Data Adapter (EIDSS.Reports  Verbose) 
  Message: Database 'EIDSS_TH' connection checked. 
  Thread: (ID = 8404; Name = )
  Extended Properties: 

1/18/2019 5:36:35 PM WCF Service Host (EIDSS.Reports  Information) 
  Message: Service Host Configured at URL http://localhost:8097/ 
  Thread: (ID = 8404; Name = )
  Extended Properties: 

1/18/2019 5:36:43 PM WCF Service Host (EIDSS.Reports  Information) 
  Message: Service Host Opened 
  Thread: (ID = 8404; Name = )
  Extended Properties: 

1/18/2019 5:36:43 PM EIDSS Windows Service (EIDSS.Reports  Information) 
  Message: Reports Service Started. 
  Thread: (ID = 8404; Name = )
  Extended Properties: 

