9/18/2018 10:34:24 AM WCF Service Call (EIDSS.Reports  Verbose) 
  Message: ExportHumNumberOfCasesDeathsMonthTH(Language:en, Format:Pdf, ArchiveMode:ActualOnly, Organization:57000510000000, User:57010180000000 Year=2018, Regions=, Zones = , Diagnoses=, Case Classification=, Provinces = Amnat Charoen, ) 
  Thread: (ID = 1104; Name = )
  Extended Properties: 

9/18/2018 10:34:33 AM Operand type clash: bigint is incompatible with xml (EIDSS.Reports  Error) 
  Message: WCF Service Call - Error while executing method ExportHumNumberOfCasesDeathsMonthTH(Language:en, Format:Pdf, ArchiveMode:ActualOnly, Organization:57000510000000, User:57010180000000 Year=2018, Regions=, Zones = , Diagnoses=, Case Classification=, Provinces = Amnat Charoen, ) 
  Thread: (ID = 1104; Name = )
  Extended Properties: Exception - An exception of type 'EIDSS.Reports.Service.WcfFacade.ReportDataException' occurred and was caught.
---------------------------------------------------------------------------------------------------
09/18/2018 10:34:33
Type : EIDSS.Reports.Service.WcfFacade.ReportDataException, EIDSS.Reports.Service, Version=6.1.0.40, Culture=neutral, PublicKeyToken=null
Message : Operand type clash: bigint is incompatible with xml
Source : EIDSS.Reports.Service
Help link : 
Data : System.Collections.ListDictionaryInternal
TargetSite : Void WrapSqlException(System.Exception)
HResult : -2146232832
Stack Trace :    at EIDSS.Reports.Service.WcfFacade.ReportFacade.WrapSqlException(Exception ex) in C:\NGDev\EIDSS61\EIDSS.Reports.Service\WcfFacade\ReportFacade.cs:line 2360
   at EIDSS.Reports.Service.WcfFacade.ReportFacade.ExportReportToBytesWrapper(CreateReportDelegate cr, BaseModel model) in C:\NGDev\EIDSS61\EIDSS.Reports.Service\WcfFacade\ReportFacade.cs:line 2256
   at EIDSS.Reports.Service.WcfFacade.ReportFacade.ExportHumNumberOfCasesDeathsMonthTH(NumberOfCasesDeathsMonthTHModel model) in C:\NGDev\EIDSS61\EIDSS.Reports.Service\WcfFacade\ReportFacade.cs:line 1308

Additional Info:

MachineName : DESKTOP-I7GLVAK
TimeStamp : 9/18/2018 2:34:33 PM
FullName : Microsoft.Practices.EnterpriseLibrary.ExceptionHandling, Version=5.0.414.0, Culture=neutral, PublicKeyToken=null
AppDomainName : EIDSS.Reports.Service.exe
ThreadIdentity : 
WindowsIdentity : NT AUTHORITY\SYSTEM
	Inner Exception
	---------------
	Type : System.Data.SqlClient.SqlException, System.Data, Version=4.0.0.0, Culture=neutral, PublicKeyToken=b77a5c561934e089
	Message : Operand type clash: bigint is incompatible with xml
	Source : .Net SqlClient Data Provider
	Help link : 
	Errors : System.Data.SqlClient.SqlErrorCollection
	ClientConnectionId : 331df276-8129-4f09-b226-4a5fe847ff64
	Class : 16
	LineNumber : 0
	Number : 206
	Procedure : spRepHumNumberOfCasesDeathsMonthTH
	Server : 192.255.34.106\NGSQL08Dev1
	State : 2
	ErrorCode : -2146232060
	Data : System.Collections.ListDictionaryInternal
	TargetSite : Void OnError(System.Data.SqlClient.SqlException, Boolean, System.Action`1[System.Action])
	HResult : -2146232060
	Stack Trace :    at System.Data.SqlClient.SqlConnection.OnError(SqlException exception, Boolean breakConnection, Action`1 wrapCloseInAction)
	   at System.Data.SqlClient.TdsParser.ThrowExceptionAndWarning(TdsParserStateObject stateObj, Boolean callerHasConnectionLock, Boolean asyncClose)
	   at System.Data.SqlClient.TdsParser.TryRun(RunBehavior runBehavior, SqlCommand cmdHandler, SqlDataReader dataStream, BulkCopySimpleResultSet bulkCopyHandler, TdsParserStateObject stateObj, Boolean& dataReady)
	   at System.Data.SqlClient.SqlDataReader.TryConsumeMetaData()
	   at System.Data.SqlClient.SqlDataReader.get_MetaData()
	   at System.Data.SqlClient.SqlCommand.FinishExecuteReader(SqlDataReader ds, RunBehavior runBehavior, String resetOptionsString, Boolean isInternal, Boolean forDescribeParameterEncryption, Boolean shouldCacheForAlwaysEncrypted)
	   at System.Data.SqlClient.SqlCommand.RunExecuteReaderTds(CommandBehavior cmdBehavior, RunBehavior runBehavior, Boolean returnStream, Boolean async, Int32 timeout, Task& task, Boolean asyncWrite, Boolean inRetry, SqlDataReader ds, Boolean describeParameterEncryptionRequest)
	   at System.Data.SqlClient.SqlCommand.RunExecuteReader(CommandBehavior cmdBehavior, RunBehavior runBehavior, Boolean returnStream, String method, TaskCompletionSource`1 completion, Int32 timeout, Task& task, Boolean& usedCache, Boolean asyncWrite, Boolean inRetry)
	   at System.Data.SqlClient.SqlCommand.RunExecuteReader(CommandBehavior cmdBehavior, RunBehavior runBehavior, Boolean returnStream, String method)
	   at System.Data.SqlClient.SqlCommand.ExecuteReader(CommandBehavior behavior, String method)
	   at System.Data.Common.DbDataAdapter.FillInternal(DataSet dataset, DataTable[] datatables, Int32 startRecord, Int32 maxRecords, String srcTable, IDbCommand command, CommandBehavior behavior)
	   at System.Data.Common.DbDataAdapter.Fill(DataTable[] dataTables, Int32 startRecord, Int32 maxRecords, IDbCommand command, CommandBehavior behavior)
	   at System.Data.Common.DbDataAdapter.Fill(DataTable dataTable)
	   at EIDSS.Reports.Parameterized.Human.TH.DataSets.NumberOfCasesDeathsMonthTHDataSetTableAdapters.NumberOfCasesAdapter.Fill(NumberOfCasesTableDataTable dataTable, String LangID, Nullable`1 Year, Object Diagnosis, Object ThaiRegion, Object ThaiZone, Object ThaiProvince, Nullable`1 ThaiDistrict, Nullable`1 CaseClassification) in C:\NGDev\EIDSS61\vb\EIDSS\EIDSS.Reports\Parameterized\Human\TH\DataSets\NumberOfCasesDeathsMonthTHDataSet.Designer.cs:line 1646
	   at EIDSS.Reports.Parameterized.Human.TH.Reports.NumberOfCasesDeathsMonthTHReport.<>c__DisplayClass2_0.<SetParameters>b__0(SqlConnection connection, SqlTransaction transaction) in C:\NGDev\EIDSS61\vb\EIDSS\EIDSS.Reports\Parameterized\Human\TH\Reports\NumberOfCasesDeathsMonthTHReport.cs:line 47
	   at EIDSS.Reports.BaseControls.Report.BaseReport.FillDataTableWithArchive(Action`2 fillTableAction, Action`2 beforeMergeWithArchive, DbManagerProxy manager, DbManagerProxy archiveManager, DataTable dataSource, ReportArchiveMode mode, String[] keyName, String[] ignoreName, Dictionary`2 numFunctions, Dictionary`2 strFunctions) in C:\NGDev\EIDSS61\vb\EIDSS\EIDSS.Reports\BaseControls\Report\BaseReport.cs:line 172
	   at EIDSS.Reports.BaseControls.Report.BaseReport.FillDataTableWithArchive(Action`2 fillTableAction, DbManagerProxy manager, DbManagerProxy archiveManager, DataTable dataSource, ReportArchiveMode mode, String[] keyName, String[] ignoreName, Dictionary`2 numFunctions, Dictionary`2 strFunctions) in C:\NGDev\EIDSS61\vb\EIDSS\EIDSS.Reports\BaseControls\Report\BaseReport.cs:line 137
	   at EIDSS.Reports.Parameterized.Human.TH.Reports.NumberOfCasesDeathsMonthTHReport.SetParameters(NumberOfCasesDeathsMonthTHModel model, DbManagerProxy manager, DbManagerProxy archiveManager) in C:\NGDev\EIDSS61\vb\EIDSS\EIDSS.Reports\Parameterized\Human\TH\Reports\NumberOfCasesDeathsMonthTHReport.cs:line 58
	   at EIDSS.Reports.Service.WcfFacade.ReportFacade.<>c__DisplayClass61_0.<ExportHumNumberOfCasesDeathsMonthTH>b__0(String l, DbManagerProxy m, DbManagerProxy am) in C:\NGDev\EIDSS61\EIDSS.Reports.Service\WcfFacade\ReportFacade.cs:line 1305
	   at EIDSS.Reports.Service.WcfFacade.ReportFacade.ExportReportToBytes(BaseModel model, CreateReportDelegate createReport) in C:\NGDev\EIDSS61\EIDSS.Reports.Service\WcfFacade\ReportFacade.cs:line 2293
	   at EIDSS.Reports.Service.WcfFacade.ReportFacade.ExportReportToBytesWrapper(CreateReportDelegate cr, BaseModel model) in C:\NGDev\EIDSS61\EIDSS.Reports.Service\WcfFacade\ReportFacade.cs:line 2251



9/18/2018 10:34:33 AM Operand type clash: bigint is incompatible with xml (EIDSS.Reports  Error) 
  Message: WCF Service Call - Error while executing method ExportHumNumberOfCasesDeathsMonthTH(Language:en, Format:Pdf, ArchiveMode:ActualOnly, Organization:57000510000000, User:57010180000000 Year=2018, Regions=, Zones = , Diagnoses=, Case Classification=, Provinces = Amnat Charoen, ) 
  Thread: (ID = 1104; Name = )
  Extended Properties: Exception - An exception of type 'System.Data.SqlClient.SqlException' occurred and was caught.
----------------------------------------------------------------------------------
09/18/2018 10:34:33
Type : System.Data.SqlClient.SqlException, System.Data, Version=4.0.0.0, Culture=neutral, PublicKeyToken=b77a5c561934e089
Message : Operand type clash: bigint is incompatible with xml
Source : .Net SqlClient Data Provider
Help link : 
Errors : System.Data.SqlClient.SqlErrorCollection
ClientConnectionId : 331df276-8129-4f09-b226-4a5fe847ff64
Class : 16
LineNumber : 0
Number : 206
Procedure : spRepHumNumberOfCasesDeathsMonthTH
Server : 192.255.34.106\NGSQL08Dev1
State : 2
ErrorCode : -2146232060
Data : System.Collections.ListDictionaryInternal
TargetSite : Void OnError(System.Data.SqlClient.SqlException, Boolean, System.Action`1[System.Action])
HResult : -2146232060
Stack Trace :    at System.Data.SqlClient.SqlConnection.OnError(SqlException exception, Boolean breakConnection, Action`1 wrapCloseInAction)
   at System.Data.SqlClient.TdsParser.ThrowExceptionAndWarning(TdsParserStateObject stateObj, Boolean callerHasConnectionLock, Boolean asyncClose)
   at System.Data.SqlClient.TdsParser.TryRun(RunBehavior runBehavior, SqlCommand cmdHandler, SqlDataReader dataStream, BulkCopySimpleResultSet bulkCopyHandler, TdsParserStateObject stateObj, Boolean& dataReady)
   at System.Data.SqlClient.SqlDataReader.TryConsumeMetaData()
   at System.Data.SqlClient.SqlDataReader.get_MetaData()
   at System.Data.SqlClient.SqlCommand.FinishExecuteReader(SqlDataReader ds, RunBehavior runBehavior, String resetOptionsString, Boolean isInternal, Boolean forDescribeParameterEncryption, Boolean shouldCacheForAlwaysEncrypted)
   at System.Data.SqlClient.SqlCommand.RunExecuteReaderTds(CommandBehavior cmdBehavior, RunBehavior runBehavior, Boolean returnStream, Boolean async, Int32 timeout, Task& task, Boolean asyncWrite, Boolean inRetry, SqlDataReader ds, Boolean describeParameterEncryptionRequest)
   at System.Data.SqlClient.SqlCommand.RunExecuteReader(CommandBehavior cmdBehavior, RunBehavior runBehavior, Boolean returnStream, String method, TaskCompletionSource`1 completion, Int32 timeout, Task& task, Boolean& usedCache, Boolean asyncWrite, Boolean inRetry)
   at System.Data.SqlClient.SqlCommand.RunExecuteReader(CommandBehavior cmdBehavior, RunBehavior runBehavior, Boolean returnStream, String method)
   at System.Data.SqlClient.SqlCommand.ExecuteReader(CommandBehavior behavior, String method)
   at System.Data.Common.DbDataAdapter.FillInternal(DataSet dataset, DataTable[] datatables, Int32 startRecord, Int32 maxRecords, String srcTable, IDbCommand command, CommandBehavior behavior)
   at System.Data.Common.DbDataAdapter.Fill(DataTable[] dataTables, Int32 startRecord, Int32 maxRecords, IDbCommand command, CommandBehavior behavior)
   at System.Data.Common.DbDataAdapter.Fill(DataTable dataTable)
   at EIDSS.Reports.Parameterized.Human.TH.DataSets.NumberOfCasesDeathsMonthTHDataSetTableAdapters.NumberOfCasesAdapter.Fill(NumberOfCasesTableDataTable dataTable, String LangID, Nullable`1 Year, Object Diagnosis, Object ThaiRegion, Object ThaiZone, Object ThaiProvince, Nullable`1 ThaiDistrict, Nullable`1 CaseClassification) in C:\NGDev\EIDSS61\vb\EIDSS\EIDSS.Reports\Parameterized\Human\TH\DataSets\NumberOfCasesDeathsMonthTHDataSet.Designer.cs:line 1646
   at EIDSS.Reports.Parameterized.Human.TH.Reports.NumberOfCasesDeathsMonthTHReport.<>c__DisplayClass2_0.<SetParameters>b__0(SqlConnection connection, SqlTransaction transaction) in C:\NGDev\EIDSS61\vb\EIDSS\EIDSS.Reports\Parameterized\Human\TH\Reports\NumberOfCasesDeathsMonthTHReport.cs:line 47
   at EIDSS.Reports.BaseControls.Report.BaseReport.FillDataTableWithArchive(Action`2 fillTableAction, Action`2 beforeMergeWithArchive, DbManagerProxy manager, DbManagerProxy archiveManager, DataTable dataSource, ReportArchiveMode mode, String[] keyName, String[] ignoreName, Dictionary`2 numFunctions, Dictionary`2 strFunctions) in C:\NGDev\EIDSS61\vb\EIDSS\EIDSS.Reports\BaseControls\Report\BaseReport.cs:line 172
   at EIDSS.Reports.BaseControls.Report.BaseReport.FillDataTableWithArchive(Action`2 fillTableAction, DbManagerProxy manager, DbManagerProxy archiveManager, DataTable dataSource, ReportArchiveMode mode, String[] keyName, String[] ignoreName, Dictionary`2 numFunctions, Dictionary`2 strFunctions) in C:\NGDev\EIDSS61\vb\EIDSS\EIDSS.Reports\BaseControls\Report\BaseReport.cs:line 137
   at EIDSS.Reports.Parameterized.Human.TH.Reports.NumberOfCasesDeathsMonthTHReport.SetParameters(NumberOfCasesDeathsMonthTHModel model, DbManagerProxy manager, DbManagerProxy archiveManager) in C:\NGDev\EIDSS61\vb\EIDSS\EIDSS.Reports\Parameterized\Human\TH\Reports\NumberOfCasesDeathsMonthTHReport.cs:line 58
   at EIDSS.Reports.Service.WcfFacade.ReportFacade.<>c__DisplayClass61_0.<ExportHumNumberOfCasesDeathsMonthTH>b__0(String l, DbManagerProxy m, DbManagerProxy am) in C:\NGDev\EIDSS61\EIDSS.Reports.Service\WcfFacade\ReportFacade.cs:line 1305
   at EIDSS.Reports.Service.WcfFacade.ReportFacade.ExportReportToBytes(BaseModel model, CreateReportDelegate createReport) in C:\NGDev\EIDSS61\EIDSS.Reports.Service\WcfFacade\ReportFacade.cs:line 2293
   at EIDSS.Reports.Service.WcfFacade.ReportFacade.ExportReportToBytesWrapper(CreateReportDelegate cr, BaseModel model) in C:\NGDev\EIDSS61\EIDSS.Reports.Service\WcfFacade\ReportFacade.cs:line 2251

Additional Info:

MachineName : DESKTOP-I7GLVAK
TimeStamp : 9/18/2018 2:34:33 PM
FullName : Microsoft.Practices.EnterpriseLibrary.ExceptionHandling, Version=5.0.414.0, Culture=neutral, PublicKeyToken=null
AppDomainName : EIDSS.Reports.Service.exe
ThreadIdentity : 
WindowsIdentity : NT AUTHORITY\SYSTEM


9/18/2018 10:35:27 AM WCF Service Call (EIDSS.Reports  Verbose) 
  Message: ExportHumNumberOfCasesDeathsMonthTH(Language:en, Format:Pdf, ArchiveMode:ActualOnly, Organization:57000510000000, User:57010180000000 Year=2018, Regions=, Zones = , Diagnoses=, Case Classification=, Provinces = Amnat Charoen, ) 
  Thread: (ID = 1104; Name = )
  Extended Properties: 

9/18/2018 10:35:27 AM Operand type clash: bigint is incompatible with xml (EIDSS.Reports  Error) 
  Message: WCF Service Call - Error while executing method ExportHumNumberOfCasesDeathsMonthTH(Language:en, Format:Pdf, ArchiveMode:ActualOnly, Organization:57000510000000, User:57010180000000 Year=2018, Regions=, Zones = , Diagnoses=, Case Classification=, Provinces = Amnat Charoen, ) 
  Thread: (ID = 1104; Name = )
  Extended Properties: Exception - An exception of type 'EIDSS.Reports.Service.WcfFacade.ReportDataException' occurred and was caught.
---------------------------------------------------------------------------------------------------
09/18/2018 10:35:27
Type : EIDSS.Reports.Service.WcfFacade.ReportDataException, EIDSS.Reports.Service, Version=6.1.0.40, Culture=neutral, PublicKeyToken=null
Message : Operand type clash: bigint is incompatible with xml
Source : EIDSS.Reports.Service
Help link : 
Data : System.Collections.ListDictionaryInternal
TargetSite : Void WrapSqlException(System.Exception)
HResult : -2146232832
Stack Trace :    at EIDSS.Reports.Service.WcfFacade.ReportFacade.WrapSqlException(Exception ex) in C:\NGDev\EIDSS61\EIDSS.Reports.Service\WcfFacade\ReportFacade.cs:line 2360
   at EIDSS.Reports.Service.WcfFacade.ReportFacade.ExportReportToBytesWrapper(CreateReportDelegate cr, BaseModel model) in C:\NGDev\EIDSS61\EIDSS.Reports.Service\WcfFacade\ReportFacade.cs:line 2256
   at EIDSS.Reports.Service.WcfFacade.ReportFacade.ExportHumNumberOfCasesDeathsMonthTH(NumberOfCasesDeathsMonthTHModel model) in C:\NGDev\EIDSS61\EIDSS.Reports.Service\WcfFacade\ReportFacade.cs:line 1308

Additional Info:

MachineName : DESKTOP-I7GLVAK
TimeStamp : 9/18/2018 2:35:27 PM
FullName : Microsoft.Practices.EnterpriseLibrary.ExceptionHandling, Version=5.0.414.0, Culture=neutral, PublicKeyToken=null
AppDomainName : EIDSS.Reports.Service.exe
ThreadIdentity : 
WindowsIdentity : NT AUTHORITY\SYSTEM
	Inner Exception
	---------------
	Type : System.Data.SqlClient.SqlException, System.Data, Version=4.0.0.0, Culture=neutral, PublicKeyToken=b77a5c561934e089
	Message : Operand type clash: bigint is incompatible with xml
	Source : .Net SqlClient Data Provider
	Help link : 
	Errors : System.Data.SqlClient.SqlErrorCollection
	ClientConnectionId : 331df276-8129-4f09-b226-4a5fe847ff64
	Class : 16
	LineNumber : 0
	Number : 206
	Procedure : spRepHumNumberOfCasesDeathsMonthTH
	Server : 192.255.34.106\NGSQL08Dev1
	State : 2
	ErrorCode : -2146232060
	Data : System.Collections.ListDictionaryInternal
	TargetSite : Void OnError(System.Data.SqlClient.SqlException, Boolean, System.Action`1[System.Action])
	HResult : -2146232060
	Stack Trace :    at System.Data.SqlClient.SqlConnection.OnError(SqlException exception, Boolean breakConnection, Action`1 wrapCloseInAction)
	   at System.Data.SqlClient.TdsParser.ThrowExceptionAndWarning(TdsParserStateObject stateObj, Boolean callerHasConnectionLock, Boolean asyncClose)
	   at System.Data.SqlClient.TdsParser.TryRun(RunBehavior runBehavior, SqlCommand cmdHandler, SqlDataReader dataStream, BulkCopySimpleResultSet bulkCopyHandler, TdsParserStateObject stateObj, Boolean& dataReady)
	   at System.Data.SqlClient.SqlDataReader.TryConsumeMetaData()
	   at System.Data.SqlClient.SqlDataReader.get_MetaData()
	   at System.Data.SqlClient.SqlCommand.FinishExecuteReader(SqlDataReader ds, RunBehavior runBehavior, String resetOptionsString, Boolean isInternal, Boolean forDescribeParameterEncryption, Boolean shouldCacheForAlwaysEncrypted)
	   at System.Data.SqlClient.SqlCommand.RunExecuteReaderTds(CommandBehavior cmdBehavior, RunBehavior runBehavior, Boolean returnStream, Boolean async, Int32 timeout, Task& task, Boolean asyncWrite, Boolean inRetry, SqlDataReader ds, Boolean describeParameterEncryptionRequest)
	   at System.Data.SqlClient.SqlCommand.RunExecuteReader(CommandBehavior cmdBehavior, RunBehavior runBehavior, Boolean returnStream, String method, TaskCompletionSource`1 completion, Int32 timeout, Task& task, Boolean& usedCache, Boolean asyncWrite, Boolean inRetry)
	   at System.Data.SqlClient.SqlCommand.RunExecuteReader(CommandBehavior cmdBehavior, RunBehavior runBehavior, Boolean returnStream, String method)
	   at System.Data.SqlClient.SqlCommand.ExecuteReader(CommandBehavior behavior, String method)
	   at System.Data.Common.DbDataAdapter.FillInternal(DataSet dataset, DataTable[] datatables, Int32 startRecord, Int32 maxRecords, String srcTable, IDbCommand command, CommandBehavior behavior)
	   at System.Data.Common.DbDataAdapter.Fill(DataTable[] dataTables, Int32 startRecord, Int32 maxRecords, IDbCommand command, CommandBehavior behavior)
	   at System.Data.Common.DbDataAdapter.Fill(DataTable dataTable)
	   at EIDSS.Reports.Parameterized.Human.TH.DataSets.NumberOfCasesDeathsMonthTHDataSetTableAdapters.NumberOfCasesAdapter.Fill(NumberOfCasesTableDataTable dataTable, String LangID, Nullable`1 Year, Object Diagnosis, Object ThaiRegion, Object ThaiZone, Object ThaiProvince, Nullable`1 ThaiDistrict, Nullable`1 CaseClassification) in C:\NGDev\EIDSS61\vb\EIDSS\EIDSS.Reports\Parameterized\Human\TH\DataSets\NumberOfCasesDeathsMonthTHDataSet.Designer.cs:line 1646
	   at EIDSS.Reports.Parameterized.Human.TH.Reports.NumberOfCasesDeathsMonthTHReport.<>c__DisplayClass2_0.<SetParameters>b__0(SqlConnection connection, SqlTransaction transaction) in C:\NGDev\EIDSS61\vb\EIDSS\EIDSS.Reports\Parameterized\Human\TH\Reports\NumberOfCasesDeathsMonthTHReport.cs:line 47
	   at EIDSS.Reports.BaseControls.Report.BaseReport.FillDataTableWithArchive(Action`2 fillTableAction, Action`2 beforeMergeWithArchive, DbManagerProxy manager, DbManagerProxy archiveManager, DataTable dataSource, ReportArchiveMode mode, String[] keyName, String[] ignoreName, Dictionary`2 numFunctions, Dictionary`2 strFunctions) in C:\NGDev\EIDSS61\vb\EIDSS\EIDSS.Reports\BaseControls\Report\BaseReport.cs:line 172
	   at EIDSS.Reports.BaseControls.Report.BaseReport.FillDataTableWithArchive(Action`2 fillTableAction, DbManagerProxy manager, DbManagerProxy archiveManager, DataTable dataSource, ReportArchiveMode mode, String[] keyName, String[] ignoreName, Dictionary`2 numFunctions, Dictionary`2 strFunctions) in C:\NGDev\EIDSS61\vb\EIDSS\EIDSS.Reports\BaseControls\Report\BaseReport.cs:line 137
	   at EIDSS.Reports.Parameterized.Human.TH.Reports.NumberOfCasesDeathsMonthTHReport.SetParameters(NumberOfCasesDeathsMonthTHModel model, DbManagerProxy manager, DbManagerProxy archiveManager) in C:\NGDev\EIDSS61\vb\EIDSS\EIDSS.Reports\Parameterized\Human\TH\Reports\NumberOfCasesDeathsMonthTHReport.cs:line 58
	   at EIDSS.Reports.Service.WcfFacade.ReportFacade.<>c__DisplayClass61_0.<ExportHumNumberOfCasesDeathsMonthTH>b__0(String l, DbManagerProxy m, DbManagerProxy am) in C:\NGDev\EIDSS61\EIDSS.Reports.Service\WcfFacade\ReportFacade.cs:line 1305
	   at EIDSS.Reports.Service.WcfFacade.ReportFacade.ExportReportToBytes(BaseModel model, CreateReportDelegate createReport) in C:\NGDev\EIDSS61\EIDSS.Reports.Service\WcfFacade\ReportFacade.cs:line 2293
	   at EIDSS.Reports.Service.WcfFacade.ReportFacade.ExportReportToBytesWrapper(CreateReportDelegate cr, BaseModel model) in C:\NGDev\EIDSS61\EIDSS.Reports.Service\WcfFacade\ReportFacade.cs:line 2251



9/18/2018 10:35:27 AM Operand type clash: bigint is incompatible with xml (EIDSS.Reports  Error) 
  Message: WCF Service Call - Error while executing method ExportHumNumberOfCasesDeathsMonthTH(Language:en, Format:Pdf, ArchiveMode:ActualOnly, Organization:57000510000000, User:57010180000000 Year=2018, Regions=, Zones = , Diagnoses=, Case Classification=, Provinces = Amnat Charoen, ) 
  Thread: (ID = 1104; Name = )
  Extended Properties: Exception - An exception of type 'System.Data.SqlClient.SqlException' occurred and was caught.
----------------------------------------------------------------------------------
09/18/2018 10:35:27
Type : System.Data.SqlClient.SqlException, System.Data, Version=4.0.0.0, Culture=neutral, PublicKeyToken=b77a5c561934e089
Message : Operand type clash: bigint is incompatible with xml
Source : .Net SqlClient Data Provider
Help link : 
Errors : System.Data.SqlClient.SqlErrorCollection
ClientConnectionId : 331df276-8129-4f09-b226-4a5fe847ff64
Class : 16
LineNumber : 0
Number : 206
Procedure : spRepHumNumberOfCasesDeathsMonthTH
Server : 192.255.34.106\NGSQL08Dev1
State : 2
ErrorCode : -2146232060
Data : System.Collections.ListDictionaryInternal
TargetSite : Void OnError(System.Data.SqlClient.SqlException, Boolean, System.Action`1[System.Action])
HResult : -2146232060
Stack Trace :    at System.Data.SqlClient.SqlConnection.OnError(SqlException exception, Boolean breakConnection, Action`1 wrapCloseInAction)
   at System.Data.SqlClient.TdsParser.ThrowExceptionAndWarning(TdsParserStateObject stateObj, Boolean callerHasConnectionLock, Boolean asyncClose)
   at System.Data.SqlClient.TdsParser.TryRun(RunBehavior runBehavior, SqlCommand cmdHandler, SqlDataReader dataStream, BulkCopySimpleResultSet bulkCopyHandler, TdsParserStateObject stateObj, Boolean& dataReady)
   at System.Data.SqlClient.SqlDataReader.TryConsumeMetaData()
   at System.Data.SqlClient.SqlDataReader.get_MetaData()
   at System.Data.SqlClient.SqlCommand.FinishExecuteReader(SqlDataReader ds, RunBehavior runBehavior, String resetOptionsString, Boolean isInternal, Boolean forDescribeParameterEncryption, Boolean shouldCacheForAlwaysEncrypted)
   at System.Data.SqlClient.SqlCommand.RunExecuteReaderTds(CommandBehavior cmdBehavior, RunBehavior runBehavior, Boolean returnStream, Boolean async, Int32 timeout, Task& task, Boolean asyncWrite, Boolean inRetry, SqlDataReader ds, Boolean describeParameterEncryptionRequest)
   at System.Data.SqlClient.SqlCommand.RunExecuteReader(CommandBehavior cmdBehavior, RunBehavior runBehavior, Boolean returnStream, String method, TaskCompletionSource`1 completion, Int32 timeout, Task& task, Boolean& usedCache, Boolean asyncWrite, Boolean inRetry)
   at System.Data.SqlClient.SqlCommand.RunExecuteReader(CommandBehavior cmdBehavior, RunBehavior runBehavior, Boolean returnStream, String method)
   at System.Data.SqlClient.SqlCommand.ExecuteReader(CommandBehavior behavior, String method)
   at System.Data.Common.DbDataAdapter.FillInternal(DataSet dataset, DataTable[] datatables, Int32 startRecord, Int32 maxRecords, String srcTable, IDbCommand command, CommandBehavior behavior)
   at System.Data.Common.DbDataAdapter.Fill(DataTable[] dataTables, Int32 startRecord, Int32 maxRecords, IDbCommand command, CommandBehavior behavior)
   at System.Data.Common.DbDataAdapter.Fill(DataTable dataTable)
   at EIDSS.Reports.Parameterized.Human.TH.DataSets.NumberOfCasesDeathsMonthTHDataSetTableAdapters.NumberOfCasesAdapter.Fill(NumberOfCasesTableDataTable dataTable, String LangID, Nullable`1 Year, Object Diagnosis, Object ThaiRegion, Object ThaiZone, Object ThaiProvince, Nullable`1 ThaiDistrict, Nullable`1 CaseClassification) in C:\NGDev\EIDSS61\vb\EIDSS\EIDSS.Reports\Parameterized\Human\TH\DataSets\NumberOfCasesDeathsMonthTHDataSet.Designer.cs:line 1646
   at EIDSS.Reports.Parameterized.Human.TH.Reports.NumberOfCasesDeathsMonthTHReport.<>c__DisplayClass2_0.<SetParameters>b__0(SqlConnection connection, SqlTransaction transaction) in C:\NGDev\EIDSS61\vb\EIDSS\EIDSS.Reports\Parameterized\Human\TH\Reports\NumberOfCasesDeathsMonthTHReport.cs:line 47
   at EIDSS.Reports.BaseControls.Report.BaseReport.FillDataTableWithArchive(Action`2 fillTableAction, Action`2 beforeMergeWithArchive, DbManagerProxy manager, DbManagerProxy archiveManager, DataTable dataSource, ReportArchiveMode mode, String[] keyName, String[] ignoreName, Dictionary`2 numFunctions, Dictionary`2 strFunctions) in C:\NGDev\EIDSS61\vb\EIDSS\EIDSS.Reports\BaseControls\Report\BaseReport.cs:line 172
   at EIDSS.Reports.BaseControls.Report.BaseReport.FillDataTableWithArchive(Action`2 fillTableAction, DbManagerProxy manager, DbManagerProxy archiveManager, DataTable dataSource, ReportArchiveMode mode, String[] keyName, String[] ignoreName, Dictionary`2 numFunctions, Dictionary`2 strFunctions) in C:\NGDev\EIDSS61\vb\EIDSS\EIDSS.Reports\BaseControls\Report\BaseReport.cs:line 137
   at EIDSS.Reports.Parameterized.Human.TH.Reports.NumberOfCasesDeathsMonthTHReport.SetParameters(NumberOfCasesDeathsMonthTHModel model, DbManagerProxy manager, DbManagerProxy archiveManager) in C:\NGDev\EIDSS61\vb\EIDSS\EIDSS.Reports\Parameterized\Human\TH\Reports\NumberOfCasesDeathsMonthTHReport.cs:line 58
   at EIDSS.Reports.Service.WcfFacade.ReportFacade.<>c__DisplayClass61_0.<ExportHumNumberOfCasesDeathsMonthTH>b__0(String l, DbManagerProxy m, DbManagerProxy am) in C:\NGDev\EIDSS61\EIDSS.Reports.Service\WcfFacade\ReportFacade.cs:line 1305
   at EIDSS.Reports.Service.WcfFacade.ReportFacade.ExportReportToBytes(BaseModel model, CreateReportDelegate createReport) in C:\NGDev\EIDSS61\EIDSS.Reports.Service\WcfFacade\ReportFacade.cs:line 2293
   at EIDSS.Reports.Service.WcfFacade.ReportFacade.ExportReportToBytesWrapper(CreateReportDelegate cr, BaseModel model) in C:\NGDev\EIDSS61\EIDSS.Reports.Service\WcfFacade\ReportFacade.cs:line 2251

Additional Info:

MachineName : DESKTOP-I7GLVAK
TimeStamp : 9/18/2018 2:35:27 PM
FullName : Microsoft.Practices.EnterpriseLibrary.ExceptionHandling, Version=5.0.414.0, Culture=neutral, PublicKeyToken=null
AppDomainName : EIDSS.Reports.Service.exe
ThreadIdentity : 
WindowsIdentity : NT AUTHORITY\SYSTEM


9/18/2018 10:52:23 AM WCF Service Call (EIDSS.Reports  Verbose) 
  Message: ExportHumNumberOfCasesDeathsMonthTH(Language:en, Format:Pdf, ArchiveMode:ActualOnly, Organization:57000510000000, User:57010180000000 Year=2018, Regions=, Zones = , Diagnoses=, Case Classification=, Provinces = Amnat Charoen, ) 
  Thread: (ID = 3220; Name = )
  Extended Properties: 

9/18/2018 10:53:45 AM Operand type clash: bigint is incompatible with xml (EIDSS.Reports  Error) 
  Message: WCF Service Call - Error while executing method ExportHumNumberOfCasesDeathsMonthTH(Language:en, Format:Pdf, ArchiveMode:ActualOnly, Organization:57000510000000, User:57010180000000 Year=2018, Regions=, Zones = , Diagnoses=, Case Classification=, Provinces = Amnat Charoen, ) 
  Thread: (ID = 3220; Name = )
  Extended Properties: Exception - An exception of type 'EIDSS.Reports.Service.WcfFacade.ReportDataException' occurred and was caught.
---------------------------------------------------------------------------------------------------
09/18/2018 10:53:45
Type : EIDSS.Reports.Service.WcfFacade.ReportDataException, EIDSS.Reports.Service, Version=6.1.0.40, Culture=neutral, PublicKeyToken=null
Message : Operand type clash: bigint is incompatible with xml
Source : EIDSS.Reports.Service
Help link : 
Data : System.Collections.ListDictionaryInternal
TargetSite : Void WrapSqlException(System.Exception)
HResult : -2146232832
Stack Trace :    at EIDSS.Reports.Service.WcfFacade.ReportFacade.WrapSqlException(Exception ex) in C:\NGDev\EIDSS61\EIDSS.Reports.Service\WcfFacade\ReportFacade.cs:line 2360
   at EIDSS.Reports.Service.WcfFacade.ReportFacade.ExportReportToBytesWrapper(CreateReportDelegate cr, BaseModel model) in C:\NGDev\EIDSS61\EIDSS.Reports.Service\WcfFacade\ReportFacade.cs:line 2256
   at EIDSS.Reports.Service.WcfFacade.ReportFacade.ExportHumNumberOfCasesDeathsMonthTH(NumberOfCasesDeathsMonthTHModel model) in C:\NGDev\EIDSS61\EIDSS.Reports.Service\WcfFacade\ReportFacade.cs:line 1308

Additional Info:

MachineName : DESKTOP-I7GLVAK
TimeStamp : 9/18/2018 2:53:45 PM
FullName : Microsoft.Practices.EnterpriseLibrary.ExceptionHandling, Version=5.0.414.0, Culture=neutral, PublicKeyToken=null
AppDomainName : EIDSS.Reports.Service.exe
ThreadIdentity : 
WindowsIdentity : NT AUTHORITY\SYSTEM
	Inner Exception
	---------------
	Type : System.Data.SqlClient.SqlException, System.Data, Version=4.0.0.0, Culture=neutral, PublicKeyToken=b77a5c561934e089
	Message : Operand type clash: bigint is incompatible with xml
	Source : .Net SqlClient Data Provider
	Help link : 
	Errors : System.Data.SqlClient.SqlErrorCollection
	ClientConnectionId : b50e008a-3ad5-4363-82c0-fa05cc2c1040
	Class : 16
	LineNumber : 0
	Number : 206
	Procedure : spRepHumNumberOfCasesDeathsMonthTH
	Server : 192.255.34.106\NGSQL08Dev1
	State : 2
	ErrorCode : -2146232060
	Data : System.Collections.ListDictionaryInternal
	TargetSite : Void OnError(System.Data.SqlClient.SqlException, Boolean, System.Action`1[System.Action])
	HResult : -2146232060
	Stack Trace :    at System.Data.SqlClient.SqlConnection.OnError(SqlException exception, Boolean breakConnection, Action`1 wrapCloseInAction)
	   at System.Data.SqlClient.TdsParser.ThrowExceptionAndWarning(TdsParserStateObject stateObj, Boolean callerHasConnectionLock, Boolean asyncClose)
	   at System.Data.SqlClient.TdsParser.TryRun(RunBehavior runBehavior, SqlCommand cmdHandler, SqlDataReader dataStream, BulkCopySimpleResultSet bulkCopyHandler, TdsParserStateObject stateObj, Boolean& dataReady)
	   at System.Data.SqlClient.SqlDataReader.TryConsumeMetaData()
	   at System.Data.SqlClient.SqlDataReader.get_MetaData()
	   at System.Data.SqlClient.SqlCommand.FinishExecuteReader(SqlDataReader ds, RunBehavior runBehavior, String resetOptionsString, Boolean isInternal, Boolean forDescribeParameterEncryption, Boolean shouldCacheForAlwaysEncrypted)
	   at System.Data.SqlClient.SqlCommand.RunExecuteReaderTds(CommandBehavior cmdBehavior, RunBehavior runBehavior, Boolean returnStream, Boolean async, Int32 timeout, Task& task, Boolean asyncWrite, Boolean inRetry, SqlDataReader ds, Boolean describeParameterEncryptionRequest)
	   at System.Data.SqlClient.SqlCommand.RunExecuteReader(CommandBehavior cmdBehavior, RunBehavior runBehavior, Boolean returnStream, String method, TaskCompletionSource`1 completion, Int32 timeout, Task& task, Boolean& usedCache, Boolean asyncWrite, Boolean inRetry)
	   at System.Data.SqlClient.SqlCommand.RunExecuteReader(CommandBehavior cmdBehavior, RunBehavior runBehavior, Boolean returnStream, String method)
	   at System.Data.SqlClient.SqlCommand.ExecuteReader(CommandBehavior behavior, String method)
	   at System.Data.Common.DbDataAdapter.FillInternal(DataSet dataset, DataTable[] datatables, Int32 startRecord, Int32 maxRecords, String srcTable, IDbCommand command, CommandBehavior behavior)
	   at System.Data.Common.DbDataAdapter.Fill(DataTable[] dataTables, Int32 startRecord, Int32 maxRecords, IDbCommand command, CommandBehavior behavior)
	   at System.Data.Common.DbDataAdapter.Fill(DataTable dataTable)
	   at EIDSS.Reports.Parameterized.Human.TH.DataSets.NumberOfCasesDeathsMonthTHDataSetTableAdapters.NumberOfCasesAdapter.Fill(NumberOfCasesTableDataTable dataTable, String LangID, Nullable`1 Year, Object Diagnosis, Object ThaiRegion, Object ThaiZone, Object ThaiProvince, Nullable`1 ThaiDistrict, Nullable`1 CaseClassification) in C:\NGDev\EIDSS61\vb\EIDSS\EIDSS.Reports\Parameterized\Human\TH\DataSets\NumberOfCasesDeathsMonthTHDataSet.Designer.cs:line 1646
	   at EIDSS.Reports.Parameterized.Human.TH.Reports.NumberOfCasesDeathsMonthTHReport.<>c__DisplayClass2_0.<SetParameters>b__0(SqlConnection connection, SqlTransaction transaction) in C:\NGDev\EIDSS61\vb\EIDSS\EIDSS.Reports\Parameterized\Human\TH\Reports\NumberOfCasesDeathsMonthTHReport.cs:line 47
	   at EIDSS.Reports.BaseControls.Report.BaseReport.FillDataTableWithArchive(Action`2 fillTableAction, Action`2 beforeMergeWithArchive, DbManagerProxy manager, DbManagerProxy archiveManager, DataTable dataSource, ReportArchiveMode mode, String[] keyName, String[] ignoreName, Dictionary`2 numFunctions, Dictionary`2 strFunctions) in C:\NGDev\EIDSS61\vb\EIDSS\EIDSS.Reports\BaseControls\Report\BaseReport.cs:line 172
	   at EIDSS.Reports.BaseControls.Report.BaseReport.FillDataTableWithArchive(Action`2 fillTableAction, DbManagerProxy manager, DbManagerProxy archiveManager, DataTable dataSource, ReportArchiveMode mode, String[] keyName, String[] ignoreName, Dictionary`2 numFunctions, Dictionary`2 strFunctions) in C:\NGDev\EIDSS61\vb\EIDSS\EIDSS.Reports\BaseControls\Report\BaseReport.cs:line 137
	   at EIDSS.Reports.Parameterized.Human.TH.Reports.NumberOfCasesDeathsMonthTHReport.SetParameters(NumberOfCasesDeathsMonthTHModel model, DbManagerProxy manager, DbManagerProxy archiveManager) in C:\NGDev\EIDSS61\vb\EIDSS\EIDSS.Reports\Parameterized\Human\TH\Reports\NumberOfCasesDeathsMonthTHReport.cs:line 58
	   at EIDSS.Reports.Service.WcfFacade.ReportFacade.<>c__DisplayClass61_0.<ExportHumNumberOfCasesDeathsMonthTH>b__0(String l, DbManagerProxy m, DbManagerProxy am) in C:\NGDev\EIDSS61\EIDSS.Reports.Service\WcfFacade\ReportFacade.cs:line 1305
	   at EIDSS.Reports.Service.WcfFacade.ReportFacade.ExportReportToBytes(BaseModel model, CreateReportDelegate createReport) in C:\NGDev\EIDSS61\EIDSS.Reports.Service\WcfFacade\ReportFacade.cs:line 2293
	   at EIDSS.Reports.Service.WcfFacade.ReportFacade.ExportReportToBytesWrapper(CreateReportDelegate cr, BaseModel model) in C:\NGDev\EIDSS61\EIDSS.Reports.Service\WcfFacade\ReportFacade.cs:line 2251



9/18/2018 10:53:45 AM Operand type clash: bigint is incompatible with xml (EIDSS.Reports  Error) 
  Message: WCF Service Call - Error while executing method ExportHumNumberOfCasesDeathsMonthTH(Language:en, Format:Pdf, ArchiveMode:ActualOnly, Organization:57000510000000, User:57010180000000 Year=2018, Regions=, Zones = , Diagnoses=, Case Classification=, Provinces = Amnat Charoen, ) 
  Thread: (ID = 3220; Name = )
  Extended Properties: Exception - An exception of type 'System.Data.SqlClient.SqlException' occurred and was caught.
----------------------------------------------------------------------------------
09/18/2018 10:53:45
Type : System.Data.SqlClient.SqlException, System.Data, Version=4.0.0.0, Culture=neutral, PublicKeyToken=b77a5c561934e089
Message : Operand type clash: bigint is incompatible with xml
Source : .Net SqlClient Data Provider
Help link : 
Errors : System.Data.SqlClient.SqlErrorCollection
ClientConnectionId : b50e008a-3ad5-4363-82c0-fa05cc2c1040
Class : 16
LineNumber : 0
Number : 206
Procedure : spRepHumNumberOfCasesDeathsMonthTH
Server : 192.255.34.106\NGSQL08Dev1
State : 2
ErrorCode : -2146232060
Data : System.Collections.ListDictionaryInternal
TargetSite : Void OnError(System.Data.SqlClient.SqlException, Boolean, System.Action`1[System.Action])
HResult : -2146232060
Stack Trace :    at System.Data.SqlClient.SqlConnection.OnError(SqlException exception, Boolean breakConnection, Action`1 wrapCloseInAction)
   at System.Data.SqlClient.TdsParser.ThrowExceptionAndWarning(TdsParserStateObject stateObj, Boolean callerHasConnectionLock, Boolean asyncClose)
   at System.Data.SqlClient.TdsParser.TryRun(RunBehavior runBehavior, SqlCommand cmdHandler, SqlDataReader dataStream, BulkCopySimpleResultSet bulkCopyHandler, TdsParserStateObject stateObj, Boolean& dataReady)
   at System.Data.SqlClient.SqlDataReader.TryConsumeMetaData()
   at System.Data.SqlClient.SqlDataReader.get_MetaData()
   at System.Data.SqlClient.SqlCommand.FinishExecuteReader(SqlDataReader ds, RunBehavior runBehavior, String resetOptionsString, Boolean isInternal, Boolean forDescribeParameterEncryption, Boolean shouldCacheForAlwaysEncrypted)
   at System.Data.SqlClient.SqlCommand.RunExecuteReaderTds(CommandBehavior cmdBehavior, RunBehavior runBehavior, Boolean returnStream, Boolean async, Int32 timeout, Task& task, Boolean asyncWrite, Boolean inRetry, SqlDataReader ds, Boolean describeParameterEncryptionRequest)
   at System.Data.SqlClient.SqlCommand.RunExecuteReader(CommandBehavior cmdBehavior, RunBehavior runBehavior, Boolean returnStream, String method, TaskCompletionSource`1 completion, Int32 timeout, Task& task, Boolean& usedCache, Boolean asyncWrite, Boolean inRetry)
   at System.Data.SqlClient.SqlCommand.RunExecuteReader(CommandBehavior cmdBehavior, RunBehavior runBehavior, Boolean returnStream, String method)
   at System.Data.SqlClient.SqlCommand.ExecuteReader(CommandBehavior behavior, String method)
   at System.Data.Common.DbDataAdapter.FillInternal(DataSet dataset, DataTable[] datatables, Int32 startRecord, Int32 maxRecords, String srcTable, IDbCommand command, CommandBehavior behavior)
   at System.Data.Common.DbDataAdapter.Fill(DataTable[] dataTables, Int32 startRecord, Int32 maxRecords, IDbCommand command, CommandBehavior behavior)
   at System.Data.Common.DbDataAdapter.Fill(DataTable dataTable)
   at EIDSS.Reports.Parameterized.Human.TH.DataSets.NumberOfCasesDeathsMonthTHDataSetTableAdapters.NumberOfCasesAdapter.Fill(NumberOfCasesTableDataTable dataTable, String LangID, Nullable`1 Year, Object Diagnosis, Object ThaiRegion, Object ThaiZone, Object ThaiProvince, Nullable`1 ThaiDistrict, Nullable`1 CaseClassification) in C:\NGDev\EIDSS61\vb\EIDSS\EIDSS.Reports\Parameterized\Human\TH\DataSets\NumberOfCasesDeathsMonthTHDataSet.Designer.cs:line 1646
   at EIDSS.Reports.Parameterized.Human.TH.Reports.NumberOfCasesDeathsMonthTHReport.<>c__DisplayClass2_0.<SetParameters>b__0(SqlConnection connection, SqlTransaction transaction) in C:\NGDev\EIDSS61\vb\EIDSS\EIDSS.Reports\Parameterized\Human\TH\Reports\NumberOfCasesDeathsMonthTHReport.cs:line 47
   at EIDSS.Reports.BaseControls.Report.BaseReport.FillDataTableWithArchive(Action`2 fillTableAction, Action`2 beforeMergeWithArchive, DbManagerProxy manager, DbManagerProxy archiveManager, DataTable dataSource, ReportArchiveMode mode, String[] keyName, String[] ignoreName, Dictionary`2 numFunctions, Dictionary`2 strFunctions) in C:\NGDev\EIDSS61\vb\EIDSS\EIDSS.Reports\BaseControls\Report\BaseReport.cs:line 172
   at EIDSS.Reports.BaseControls.Report.BaseReport.FillDataTableWithArchive(Action`2 fillTableAction, DbManagerProxy manager, DbManagerProxy archiveManager, DataTable dataSource, ReportArchiveMode mode, String[] keyName, String[] ignoreName, Dictionary`2 numFunctions, Dictionary`2 strFunctions) in C:\NGDev\EIDSS61\vb\EIDSS\EIDSS.Reports\BaseControls\Report\BaseReport.cs:line 137
   at EIDSS.Reports.Parameterized.Human.TH.Reports.NumberOfCasesDeathsMonthTHReport.SetParameters(NumberOfCasesDeathsMonthTHModel model, DbManagerProxy manager, DbManagerProxy archiveManager) in C:\NGDev\EIDSS61\vb\EIDSS\EIDSS.Reports\Parameterized\Human\TH\Reports\NumberOfCasesDeathsMonthTHReport.cs:line 58
   at EIDSS.Reports.Service.WcfFacade.ReportFacade.<>c__DisplayClass61_0.<ExportHumNumberOfCasesDeathsMonthTH>b__0(String l, DbManagerProxy m, DbManagerProxy am) in C:\NGDev\EIDSS61\EIDSS.Reports.Service\WcfFacade\ReportFacade.cs:line 1305
   at EIDSS.Reports.Service.WcfFacade.ReportFacade.ExportReportToBytes(BaseModel model, CreateReportDelegate createReport) in C:\NGDev\EIDSS61\EIDSS.Reports.Service\WcfFacade\ReportFacade.cs:line 2293
   at EIDSS.Reports.Service.WcfFacade.ReportFacade.ExportReportToBytesWrapper(CreateReportDelegate cr, BaseModel model) in C:\NGDev\EIDSS61\EIDSS.Reports.Service\WcfFacade\ReportFacade.cs:line 2251

Additional Info:

MachineName : DESKTOP-I7GLVAK
TimeStamp : 9/18/2018 2:53:45 PM
FullName : Microsoft.Practices.EnterpriseLibrary.ExceptionHandling, Version=5.0.414.0, Culture=neutral, PublicKeyToken=null
AppDomainName : EIDSS.Reports.Service.exe
ThreadIdentity : 
WindowsIdentity : NT AUTHORITY\SYSTEM


9/18/2018 11:03:08 AM WCF Service Call (EIDSS.Reports  Verbose) 
  Message: ExportHumNumberOfCasesDeathsMonthTH(Language:en, Format:Pdf, ArchiveMode:ActualOnly, Organization:57000510000000, User:57010180000000 Year=2018, Regions=, Zones = , Diagnoses=, Case Classification=, Provinces = Amnat Charoen, ) 
  Thread: (ID = 15804; Name = )
  Extended Properties: 

9/18/2018 11:03:37 AM Can't establish connection to the SQL Server. Please check that network connection is established and try to open this form again. (EIDSS.Reports  Error) 
  Message: WCF Service Call - Error while executing method ExportHumNumberOfCasesDeathsMonthTH(Language:en, Format:Pdf, ArchiveMode:ActualOnly, Organization:57000510000000, User:57010180000000 Year=2018, Regions=, Zones = , Diagnoses=, Case Classification=, Provinces = Amnat Charoen, ) 
  Thread: (ID = 15804; Name = )
  Extended Properties: Exception - An exception of type 'EIDSS.Reports.Service.WcfFacade.ReportDataException' occurred and was caught.
---------------------------------------------------------------------------------------------------
09/18/2018 11:03:37
Type : EIDSS.Reports.Service.WcfFacade.ReportDataException, EIDSS.Reports.Service, Version=6.1.0.40, Culture=neutral, PublicKeyToken=null
Message : Can't establish connection to the SQL Server. Please check that network connection is established and try to open this form again.
Source : EIDSS.Reports.Service
Help link : 
Data : System.Collections.ListDictionaryInternal
TargetSite : Void WrapSqlException(System.Exception)
HResult : -2146232832
Stack Trace :    at EIDSS.Reports.Service.WcfFacade.ReportFacade.WrapSqlException(Exception ex) in C:\NGDev\EIDSS61\EIDSS.Reports.Service\WcfFacade\ReportFacade.cs:line 2360
   at EIDSS.Reports.Service.WcfFacade.ReportFacade.ExportReportToBytesWrapper(CreateReportDelegate cr, BaseModel model) in C:\NGDev\EIDSS61\EIDSS.Reports.Service\WcfFacade\ReportFacade.cs:line 2256
   at EIDSS.Reports.Service.WcfFacade.ReportFacade.ExportHumNumberOfCasesDeathsMonthTH(NumberOfCasesDeathsMonthTHModel model) in C:\NGDev\EIDSS61\EIDSS.Reports.Service\WcfFacade\ReportFacade.cs:line 1308

Additional Info:

MachineName : DESKTOP-I7GLVAK
TimeStamp : 9/18/2018 3:03:37 PM
FullName : Microsoft.Practices.EnterpriseLibrary.ExceptionHandling, Version=5.0.414.0, Culture=neutral, PublicKeyToken=null
AppDomainName : EIDSS.Reports.Service.exe
ThreadIdentity : 
WindowsIdentity : NT AUTHORITY\SYSTEM
	Inner Exception
	---------------
	Type : BLToolkit.Data.DataException, BLToolkit.4, Version=3.2.0.0, Culture=neutral, PublicKeyToken=b1d3f6ab3aadaca3
	Message : A network-related or instance-specific error occurred while establishing a connection to SQL Server. The server was not found or was not accessible. Verify that the instance name is correct and that SQL Server is configured to allow remote connections. (provider: Named Pipes Provider, error: 40 - Could not open a connection to SQL Server)
	Source : BLToolkit.4
	Help link : 
	Number : 2
	Data : System.Collections.ListDictionaryInternal
	TargetSite : Void OnOperationException(BLToolkit.Data.OperationType, BLToolkit.Data.DataException)
	HResult : -2146233087
	Stack Trace :    at BLToolkit.Data.DbManager.OnOperationException(OperationType op, DataException ex)
	   at BLToolkit.Data.DbManager.HandleOperationException(OperationType op, Exception ex)
	   at BLToolkit.Data.DbManager.ExecuteOperation(OperationType operationType, Action operation)
	   at BLToolkit.Data.DbManager.OpenConnection()
	   at BLToolkit.Data.DbManager.get_Connection()
	   at EIDSS.Reports.BaseControls.Report.BaseReport.SetLanguage(String lang, DateTime printDate, Nullable`1 organizationId, Nullable`1 siteId, DbManagerProxy manager) in C:\NGDev\EIDSS61\vb\EIDSS\EIDSS.Reports\BaseControls\Report\BaseReport.cs:line 104
	   at EIDSS.Reports.BaseControls.Report.BaseReport.SetLanguage(BaseModel model, DbManagerProxy manager) in C:\NGDev\EIDSS61\vb\EIDSS\EIDSS.Reports\BaseControls\Report\BaseReport.cs:line 84
	   at EIDSS.Reports.BaseControls.Report.BaseYearReport.SetParameters(BaseYearModel model, DbManagerProxy manager, DbManagerProxy archiveManager) in C:\NGDev\EIDSS61\vb\EIDSS\EIDSS.Reports\BaseControls\Report\BaseYearReport.cs:line 23
	   at EIDSS.Reports.Parameterized.Human.TH.Reports.NumberOfCasesDeathsMonthTHReport.SetParameters(NumberOfCasesDeathsMonthTHModel model, DbManagerProxy manager, DbManagerProxy archiveManager) in C:\NGDev\EIDSS61\vb\EIDSS\EIDSS.Reports\Parameterized\Human\TH\Reports\NumberOfCasesDeathsMonthTHReport.cs:line 33
	   at EIDSS.Reports.Service.WcfFacade.ReportFacade.<>c__DisplayClass61_0.<ExportHumNumberOfCasesDeathsMonthTH>b__0(String l, DbManagerProxy m, DbManagerProxy am) in C:\NGDev\EIDSS61\EIDSS.Reports.Service\WcfFacade\ReportFacade.cs:line 1305
	   at EIDSS.Reports.Service.WcfFacade.ReportFacade.ExportReportToBytes(BaseModel model, CreateReportDelegate createReport) in C:\NGDev\EIDSS61\EIDSS.Reports.Service\WcfFacade\ReportFacade.cs:line 2293
	   at EIDSS.Reports.Service.WcfFacade.ReportFacade.ExportReportToBytesWrapper(CreateReportDelegate cr, BaseModel model) in C:\NGDev\EIDSS61\EIDSS.Reports.Service\WcfFacade\ReportFacade.cs:line 2251

		Inner Exception
		---------------
		Type : System.Data.SqlClient.SqlException, System.Data, Version=4.0.0.0, Culture=neutral, PublicKeyToken=b77a5c561934e089
		Message : A network-related or instance-specific error occurred while establishing a connection to SQL Server. The server was not found or was not accessible. Verify that the instance name is correct and that SQL Server is configured to allow remote connections. (provider: Named Pipes Provider, error: 40 - Could not open a connection to SQL Server)
		Source : .Net SqlClient Data Provider
		Help link : 
		Errors : System.Data.SqlClient.SqlErrorCollection
		ClientConnectionId : 00000000-0000-0000-0000-000000000000
		Class : 20
		LineNumber : 0
		Number : 2
		Procedure : 
		Server : 
		State : 0
		ErrorCode : -2146232060
		Data : System.Collections.ListDictionaryInternal
		TargetSite : Void .ctor(System.Data.ProviderBase.DbConnectionPoolIdentity, System.Data.SqlClient.SqlConnectionString, System.Data.SqlClient.SqlCredential, System.Object, System.String, System.Security.SecureString, Boolean, System.Data.SqlClient.SqlConnectionString, System.Data.SqlClient.SessionData, System.Data.ProviderBase.DbConnectionPool, System.String, Boolean, System.Data.SqlClient.SqlAuthenticationProviderManager)
		HResult : -2146232060
		Stack Trace :    at System.Data.SqlClient.SqlInternalConnectionTds..ctor(DbConnectionPoolIdentity identity, SqlConnectionString connectionOptions, SqlCredential credential, Object providerInfo, String newPassword, SecureString newSecurePassword, Boolean redirectedUserInstance, SqlConnectionString userConnectionOptions, SessionData reconnectSessionData, DbConnectionPool pool, String accessToken, Boolean applyTransientFaultHandling, SqlAuthenticationProviderManager sqlAuthProviderManager)
		   at System.Data.SqlClient.SqlConnectionFactory.CreateConnection(DbConnectionOptions options, DbConnectionPoolKey poolKey, Object poolGroupProviderInfo, DbConnectionPool pool, DbConnection owningConnection, DbConnectionOptions userOptions)
		   at System.Data.ProviderBase.DbConnectionFactory.CreatePooledConnection(DbConnectionPool pool, DbConnection owningObject, DbConnectionOptions options, DbConnectionPoolKey poolKey, DbConnectionOptions userOptions)
		   at System.Data.ProviderBase.DbConnectionPool.CreateObject(DbConnection owningObject, DbConnectionOptions userOptions, DbConnectionInternal oldConnection)
		   at System.Data.ProviderBase.DbConnectionPool.UserCreateRequest(DbConnection owningObject, DbConnectionOptions userOptions, DbConnectionInternal oldConnection)
		   at System.Data.ProviderBase.DbConnectionPool.TryGetConnection(DbConnection owningObject, UInt32 waitForMultipleObjectsTimeout, Boolean allowCreate, Boolean onlyOneCheckConnection, DbConnectionOptions userOptions, DbConnectionInternal& connection)
		   at System.Data.ProviderBase.DbConnectionPool.TryGetConnection(DbConnection owningObject, TaskCompletionSource`1 retry, DbConnectionOptions userOptions, DbConnectionInternal& connection)
		   at System.Data.ProviderBase.DbConnectionFactory.TryGetConnection(DbConnection owningConnection, TaskCompletionSource`1 retry, DbConnectionOptions userOptions, DbConnectionInternal oldConnection, DbConnectionInternal& connection)
		   at System.Data.ProviderBase.DbConnectionInternal.TryOpenConnectionInternal(DbConnection outerConnection, DbConnectionFactory connectionFactory, TaskCompletionSource`1 retry, DbConnectionOptions userOptions)
		   at System.Data.SqlClient.SqlConnection.TryOpenInner(TaskCompletionSource`1 retry)
		   at System.Data.SqlClient.SqlConnection.TryOpen(TaskCompletionSource`1 retry)
		   at System.Data.SqlClient.SqlConnection.Open()
		   at BLToolkit.Data.DbManager.ExecuteOperation(OperationType operationType, Action operation)

			Inner Exception
			---------------
			Type : System.ComponentModel.Win32Exception, System, Version=4.0.0.0, Culture=neutral, PublicKeyToken=b77a5c561934e089
			Message : The system cannot find the file specified
			Source : 
			Help link : 
			NativeErrorCode : 2
			ErrorCode : -2147467259
			Data : System.Collections.ListDictionaryInternal
			TargetSite : 
			HResult : -2147467259
			Stack Trace : The stack trace is unavailable.


9/18/2018 11:03:37 AM A network-related or instance-specific error occurred while establishing a connection to SQL Server. The server was not found or was not accessible. Verify that the instance name is correct and that SQL Server is configured to allow remote connections. (provider: Named Pipes Provider, error: 40 - Could not open a connection to SQL Server) (EIDSS.Reports  Error) 
  Message: WCF Service Call - Error while executing method ExportHumNumberOfCasesDeathsMonthTH(Language:en, Format:Pdf, ArchiveMode:ActualOnly, Organization:57000510000000, User:57010180000000 Year=2018, Regions=, Zones = , Diagnoses=, Case Classification=, Provinces = Amnat Charoen, ) 
  Thread: (ID = 15804; Name = )
  Extended Properties: Exception - An exception of type 'BLToolkit.Data.DataException' occurred and was caught.
----------------------------------------------------------------------------
09/18/2018 11:03:37
Type : BLToolkit.Data.DataException, BLToolkit.4, Version=3.2.0.0, Culture=neutral, PublicKeyToken=b1d3f6ab3aadaca3
Message : A network-related or instance-specific error occurred while establishing a connection to SQL Server. The server was not found or was not accessible. Verify that the instance name is correct and that SQL Server is configured to allow remote connections. (provider: Named Pipes Provider, error: 40 - Could not open a connection to SQL Server)
Source : BLToolkit.4
Help link : 
Number : 2
Data : System.Collections.ListDictionaryInternal
TargetSite : Void OnOperationException(BLToolkit.Data.OperationType, BLToolkit.Data.DataException)
HResult : -2146233087
Stack Trace :    at BLToolkit.Data.DbManager.OnOperationException(OperationType op, DataException ex)
   at BLToolkit.Data.DbManager.HandleOperationException(OperationType op, Exception ex)
   at BLToolkit.Data.DbManager.ExecuteOperation(OperationType operationType, Action operation)
   at BLToolkit.Data.DbManager.OpenConnection()
   at BLToolkit.Data.DbManager.get_Connection()
   at EIDSS.Reports.BaseControls.Report.BaseReport.SetLanguage(String lang, DateTime printDate, Nullable`1 organizationId, Nullable`1 siteId, DbManagerProxy manager) in C:\NGDev\EIDSS61\vb\EIDSS\EIDSS.Reports\BaseControls\Report\BaseReport.cs:line 104
   at EIDSS.Reports.BaseControls.Report.BaseReport.SetLanguage(BaseModel model, DbManagerProxy manager) in C:\NGDev\EIDSS61\vb\EIDSS\EIDSS.Reports\BaseControls\Report\BaseReport.cs:line 84
   at EIDSS.Reports.BaseControls.Report.BaseYearReport.SetParameters(BaseYearModel model, DbManagerProxy manager, DbManagerProxy archiveManager) in C:\NGDev\EIDSS61\vb\EIDSS\EIDSS.Reports\BaseControls\Report\BaseYearReport.cs:line 23
   at EIDSS.Reports.Parameterized.Human.TH.Reports.NumberOfCasesDeathsMonthTHReport.SetParameters(NumberOfCasesDeathsMonthTHModel model, DbManagerProxy manager, DbManagerProxy archiveManager) in C:\NGDev\EIDSS61\vb\EIDSS\EIDSS.Reports\Parameterized\Human\TH\Reports\NumberOfCasesDeathsMonthTHReport.cs:line 33
   at EIDSS.Reports.Service.WcfFacade.ReportFacade.<>c__DisplayClass61_0.<ExportHumNumberOfCasesDeathsMonthTH>b__0(String l, DbManagerProxy m, DbManagerProxy am) in C:\NGDev\EIDSS61\EIDSS.Reports.Service\WcfFacade\ReportFacade.cs:line 1305
   at EIDSS.Reports.Service.WcfFacade.ReportFacade.ExportReportToBytes(BaseModel model, CreateReportDelegate createReport) in C:\NGDev\EIDSS61\EIDSS.Reports.Service\WcfFacade\ReportFacade.cs:line 2293
   at EIDSS.Reports.Service.WcfFacade.ReportFacade.ExportReportToBytesWrapper(CreateReportDelegate cr, BaseModel model) in C:\NGDev\EIDSS61\EIDSS.Reports.Service\WcfFacade\ReportFacade.cs:line 2251

Additional Info:

MachineName : DESKTOP-I7GLVAK
TimeStamp : 9/18/2018 3:03:37 PM
FullName : Microsoft.Practices.EnterpriseLibrary.ExceptionHandling, Version=5.0.414.0, Culture=neutral, PublicKeyToken=null
AppDomainName : EIDSS.Reports.Service.exe
ThreadIdentity : 
WindowsIdentity : NT AUTHORITY\SYSTEM
	Inner Exception
	---------------
	Type : System.Data.SqlClient.SqlException, System.Data, Version=4.0.0.0, Culture=neutral, PublicKeyToken=b77a5c561934e089
	Message : A network-related or instance-specific error occurred while establishing a connection to SQL Server. The server was not found or was not accessible. Verify that the instance name is correct and that SQL Server is configured to allow remote connections. (provider: Named Pipes Provider, error: 40 - Could not open a connection to SQL Server)
	Source : .Net SqlClient Data Provider
	Help link : 
	Errors : System.Data.SqlClient.SqlErrorCollection
	ClientConnectionId : 00000000-0000-0000-0000-000000000000
	Class : 20
	LineNumber : 0
	Number : 2
	Procedure : 
	Server : 
	State : 0
	ErrorCode : -2146232060
	Data : System.Collections.ListDictionaryInternal
	TargetSite : Void .ctor(System.Data.ProviderBase.DbConnectionPoolIdentity, System.Data.SqlClient.SqlConnectionString, System.Data.SqlClient.SqlCredential, System.Object, System.String, System.Security.SecureString, Boolean, System.Data.SqlClient.SqlConnectionString, System.Data.SqlClient.SessionData, System.Data.ProviderBase.DbConnectionPool, System.String, Boolean, System.Data.SqlClient.SqlAuthenticationProviderManager)
	HResult : -2146232060
	Stack Trace :    at System.Data.SqlClient.SqlInternalConnectionTds..ctor(DbConnectionPoolIdentity identity, SqlConnectionString connectionOptions, SqlCredential credential, Object providerInfo, String newPassword, SecureString newSecurePassword, Boolean redirectedUserInstance, SqlConnectionString userConnectionOptions, SessionData reconnectSessionData, DbConnectionPool pool, String accessToken, Boolean applyTransientFaultHandling, SqlAuthenticationProviderManager sqlAuthProviderManager)
	   at System.Data.SqlClient.SqlConnectionFactory.CreateConnection(DbConnectionOptions options, DbConnectionPoolKey poolKey, Object poolGroupProviderInfo, DbConnectionPool pool, DbConnection owningConnection, DbConnectionOptions userOptions)
	   at System.Data.ProviderBase.DbConnectionFactory.CreatePooledConnection(DbConnectionPool pool, DbConnection owningObject, DbConnectionOptions options, DbConnectionPoolKey poolKey, DbConnectionOptions userOptions)
	   at System.Data.ProviderBase.DbConnectionPool.CreateObject(DbConnection owningObject, DbConnectionOptions userOptions, DbConnectionInternal oldConnection)
	   at System.Data.ProviderBase.DbConnectionPool.UserCreateRequest(DbConnection owningObject, DbConnectionOptions userOptions, DbConnectionInternal oldConnection)
	   at System.Data.ProviderBase.DbConnectionPool.TryGetConnection(DbConnection owningObject, UInt32 waitForMultipleObjectsTimeout, Boolean allowCreate, Boolean onlyOneCheckConnection, DbConnectionOptions userOptions, DbConnectionInternal& connection)
	   at System.Data.ProviderBase.DbConnectionPool.TryGetConnection(DbConnection owningObject, TaskCompletionSource`1 retry, DbConnectionOptions userOptions, DbConnectionInternal& connection)
	   at System.Data.ProviderBase.DbConnectionFactory.TryGetConnection(DbConnection owningConnection, TaskCompletionSource`1 retry, DbConnectionOptions userOptions, DbConnectionInternal oldConnection, DbConnectionInternal& connection)
	   at System.Data.ProviderBase.DbConnectionInternal.TryOpenConnectionInternal(DbConnection outerConnection, DbConnectionFactory connectionFactory, TaskCompletionSource`1 retry, DbConnectionOptions userOptions)
	   at System.Data.SqlClient.SqlConnection.TryOpenInner(TaskCompletionSource`1 retry)
	   at System.Data.SqlClient.SqlConnection.TryOpen(TaskCompletionSource`1 retry)
	   at System.Data.SqlClient.SqlConnection.Open()
	   at BLToolkit.Data.DbManager.ExecuteOperation(OperationType operationType, Action operation)

		Inner Exception
		---------------
		Type : System.ComponentModel.Win32Exception, System, Version=4.0.0.0, Culture=neutral, PublicKeyToken=b77a5c561934e089
		Message : The system cannot find the file specified
		Source : 
		Help link : 
		NativeErrorCode : 2
		ErrorCode : -2147467259
		Data : System.Collections.ListDictionaryInternal
		TargetSite : 
		HResult : -2147467259
		Stack Trace : The stack trace is unavailable.


9/18/2018 11:03:37 AM A network-related or instance-specific error occurred while establishing a connection to SQL Server. The server was not found or was not accessible. Verify that the instance name is correct and that SQL Server is configured to allow remote connections. (provider: Named Pipes Provider, error: 40 - Could not open a connection to SQL Server) (EIDSS.Reports  Error) 
  Message: WCF Service Call - Error while executing method ExportHumNumberOfCasesDeathsMonthTH(Language:en, Format:Pdf, ArchiveMode:ActualOnly, Organization:57000510000000, User:57010180000000 Year=2018, Regions=, Zones = , Diagnoses=, Case Classification=, Provinces = Amnat Charoen, ) 
  Thread: (ID = 15804; Name = )
  Extended Properties: Exception - An exception of type 'System.Data.SqlClient.SqlException' occurred and was caught.
----------------------------------------------------------------------------------
09/18/2018 11:03:37
Type : System.Data.SqlClient.SqlException, System.Data, Version=4.0.0.0, Culture=neutral, PublicKeyToken=b77a5c561934e089
Message : A network-related or instance-specific error occurred while establishing a connection to SQL Server. The server was not found or was not accessible. Verify that the instance name is correct and that SQL Server is configured to allow remote connections. (provider: Named Pipes Provider, error: 40 - Could not open a connection to SQL Server)
Source : .Net SqlClient Data Provider
Help link : 
Errors : System.Data.SqlClient.SqlErrorCollection
ClientConnectionId : 00000000-0000-0000-0000-000000000000
Class : 20
LineNumber : 0
Number : 2
Procedure : 
Server : 
State : 0
ErrorCode : -2146232060
Data : System.Collections.ListDictionaryInternal
TargetSite : Void .ctor(System.Data.ProviderBase.DbConnectionPoolIdentity, System.Data.SqlClient.SqlConnectionString, System.Data.SqlClient.SqlCredential, System.Object, System.String, System.Security.SecureString, Boolean, System.Data.SqlClient.SqlConnectionString, System.Data.SqlClient.SessionData, System.Data.ProviderBase.DbConnectionPool, System.String, Boolean, System.Data.SqlClient.SqlAuthenticationProviderManager)
HResult : -2146232060
Stack Trace :    at System.Data.SqlClient.SqlInternalConnectionTds..ctor(DbConnectionPoolIdentity identity, SqlConnectionString connectionOptions, SqlCredential credential, Object providerInfo, String newPassword, SecureString newSecurePassword, Boolean redirectedUserInstance, SqlConnectionString userConnectionOptions, SessionData reconnectSessionData, DbConnectionPool pool, String accessToken, Boolean applyTransientFaultHandling, SqlAuthenticationProviderManager sqlAuthProviderManager)
   at System.Data.SqlClient.SqlConnectionFactory.CreateConnection(DbConnectionOptions options, DbConnectionPoolKey poolKey, Object poolGroupProviderInfo, DbConnectionPool pool, DbConnection owningConnection, DbConnectionOptions userOptions)
   at System.Data.ProviderBase.DbConnectionFactory.CreatePooledConnection(DbConnectionPool pool, DbConnection owningObject, DbConnectionOptions options, DbConnectionPoolKey poolKey, DbConnectionOptions userOptions)
   at System.Data.ProviderBase.DbConnectionPool.CreateObject(DbConnection owningObject, DbConnectionOptions userOptions, DbConnectionInternal oldConnection)
   at System.Data.ProviderBase.DbConnectionPool.UserCreateRequest(DbConnection owningObject, DbConnectionOptions userOptions, DbConnectionInternal oldConnection)
   at System.Data.ProviderBase.DbConnectionPool.TryGetConnection(DbConnection owningObject, UInt32 waitForMultipleObjectsTimeout, Boolean allowCreate, Boolean onlyOneCheckConnection, DbConnectionOptions userOptions, DbConnectionInternal& connection)
   at System.Data.ProviderBase.DbConnectionPool.TryGetConnection(DbConnection owningObject, TaskCompletionSource`1 retry, DbConnectionOptions userOptions, DbConnectionInternal& connection)
   at System.Data.ProviderBase.DbConnectionFactory.TryGetConnection(DbConnection owningConnection, TaskCompletionSource`1 retry, DbConnectionOptions userOptions, DbConnectionInternal oldConnection, DbConnectionInternal& connection)
   at System.Data.ProviderBase.DbConnectionInternal.TryOpenConnectionInternal(DbConnection outerConnection, DbConnectionFactory connectionFactory, TaskCompletionSource`1 retry, DbConnectionOptions userOptions)
   at System.Data.SqlClient.SqlConnection.TryOpenInner(TaskCompletionSource`1 retry)
   at System.Data.SqlClient.SqlConnection.TryOpen(TaskCompletionSource`1 retry)
   at System.Data.SqlClient.SqlConnection.Open()
   at BLToolkit.Data.DbManager.ExecuteOperation(OperationType operationType, Action operation)

Additional Info:

MachineName : DESKTOP-I7GLVAK
TimeStamp : 9/18/2018 3:03:37 PM
FullName : Microsoft.Practices.EnterpriseLibrary.ExceptionHandling, Version=5.0.414.0, Culture=neutral, PublicKeyToken=null
AppDomainName : EIDSS.Reports.Service.exe
ThreadIdentity : 
WindowsIdentity : NT AUTHORITY\SYSTEM
	Inner Exception
	---------------
	Type : System.ComponentModel.Win32Exception, System, Version=4.0.0.0, Culture=neutral, PublicKeyToken=b77a5c561934e089
	Message : The system cannot find the file specified
	Source : 
	Help link : 
	NativeErrorCode : 2
	ErrorCode : -2147467259
	Data : System.Collections.ListDictionaryInternal
	TargetSite : 
	HResult : -2147467259
	Stack Trace : The stack trace is unavailable.


9/18/2018 11:03:37 AM The system cannot find the file specified (EIDSS.Reports  Error) 
  Message: WCF Service Call - Error while executing method ExportHumNumberOfCasesDeathsMonthTH(Language:en, Format:Pdf, ArchiveMode:ActualOnly, Organization:57000510000000, User:57010180000000 Year=2018, Regions=, Zones = , Diagnoses=, Case Classification=, Provinces = Amnat Charoen, ) 
  Thread: (ID = 15804; Name = )
  Extended Properties: Exception - An exception of type 'System.ComponentModel.Win32Exception' occurred and was caught.
------------------------------------------------------------------------------------
09/18/2018 11:03:37
Type : System.ComponentModel.Win32Exception, System, Version=4.0.0.0, Culture=neutral, PublicKeyToken=b77a5c561934e089
Message : The system cannot find the file specified
Source : 
Help link : 
NativeErrorCode : 2
ErrorCode : -2147467259
Data : System.Collections.ListDictionaryInternal
TargetSite : 
HResult : -2147467259
Stack Trace : The stack trace is unavailable.
Additional Info:

MachineName : DESKTOP-I7GLVAK
TimeStamp : 9/18/2018 3:03:37 PM
FullName : Microsoft.Practices.EnterpriseLibrary.ExceptionHandling, Version=5.0.414.0, Culture=neutral, PublicKeyToken=null
AppDomainName : EIDSS.Reports.Service.exe
ThreadIdentity : 
WindowsIdentity : NT AUTHORITY\SYSTEM


9/18/2018 11:03:50 AM WCF Service Host (EIDSS.Reports  Information) 
  Message: Service Host Closed 
  Thread: (ID = 23204; Name = )
  Extended Properties: 

9/18/2018 11:03:50 AM EIDSS Windows Service (EIDSS.Reports  Information) 
  Message: Reports Service Stopped. 
  Thread: (ID = 23204; Name = )
  Extended Properties: 

9/18/2018 11:07:28 AM WCF Service Host (EIDSS.Reports  Verbose) 
  Message: EIDSS core initialized. 
  Thread: (ID = 23340; Name = )
  Extended Properties: 

9/18/2018 11:07:29 AM Data Adapter (EIDSS.Reports  Verbose) 
  Message: Database 'EIDSS_TH' connection checked. 
  Thread: (ID = 23340; Name = )
  Extended Properties: 

9/18/2018 11:07:30 AM WCF Service Host (EIDSS.Reports  Information) 
  Message: Service Host Configured at URL http://localhost:8097/ 
  Thread: (ID = 23340; Name = )
  Extended Properties: 

9/18/2018 11:07:31 AM WCF Service Host (EIDSS.Reports  Information) 
  Message: Service Host Opened 
  Thread: (ID = 23340; Name = )
  Extended Properties: 

9/18/2018 11:07:31 AM EIDSS Windows Service (EIDSS.Reports  Information) 
  Message: Reports Service Started. 
  Thread: (ID = 23340; Name = )
  Extended Properties: 

9/18/2018 11:10:03 AM WCF Service Call (EIDSS.Reports  Verbose) 
  Message: ExportHumNumberOfCasesDeathsMonthTH(Language:en, Format:Pdf, ArchiveMode:ActualOnly, Organization:57000510000000, User:57010180000000 Year=2018, Regions=, Zones = , Diagnoses=, Case Classification=, Provinces = Amnat Charoen, ) 
  Thread: (ID = 5500; Name = )
  Extended Properties: 

9/18/2018 11:11:04 AM WCF Service Call (EIDSS.Reports  Verbose) 
  Message: ExportHumNumberOfCasesDeathsMorbidityMortalityTH(Language:en, Format:Pdf, ArchiveMode:ActualOnly, Organization:57000510000000, User:57010180000000 Start=1/1/2018 12:00:00 AM, End=9/18/2018 12:00:00 AM, Regions=, Zones = , Diagnoses=, Case Classification=, Provinces = Amnat Charoen, ) 
  Thread: (ID = 5500; Name = )
  Extended Properties: 

9/18/2018 11:11:29 AM WCF Service Host (EIDSS.Reports  Information) 
  Message: Service Host Closed 
  Thread: (ID = 23340; Name = )
  Extended Properties: 

9/18/2018 11:11:29 AM EIDSS Windows Service (EIDSS.Reports  Information) 
  Message: Reports Service Stopped. 
  Thread: (ID = 23340; Name = )
  Extended Properties: 

9/18/2018 12:03:42 PM WCF Service Host (EIDSS.Reports  Verbose) 
  Message: EIDSS core initialized. 
  Thread: (ID = 23704; Name = )
  Extended Properties: 

9/18/2018 12:03:43 PM Data Adapter (EIDSS.Reports  Verbose) 
  Message: Database 'EIDSS_TH' connection checked. 
  Thread: (ID = 23704; Name = )
  Extended Properties: 

9/18/2018 12:03:43 PM WCF Service Host (EIDSS.Reports  Information) 
  Message: Service Host Configured at URL http://localhost:8097/ 
  Thread: (ID = 23704; Name = )
  Extended Properties: 

9/18/2018 12:03:43 PM WCF Service Host (EIDSS.Reports  Information) 
  Message: Service Host Opened 
  Thread: (ID = 23704; Name = )
  Extended Properties: 

9/18/2018 12:03:43 PM EIDSS Windows Service (EIDSS.Reports  Information) 
  Message: Reports Service Started. 
  Thread: (ID = 23704; Name = )
  Extended Properties: 

9/18/2018 12:03:47 PM WCF Service Call (EIDSS.Reports  Verbose) 
  Message: ExportHumNumberOfCasesDeathsMonthTH(Language:en, Format:Pdf, ArchiveMode:ActualOnly, Organization:57000510000000, User:57010180000000 Year=2018, Regions=, Zones = , Diagnoses=, Case Classification=, Provinces = Amnat Charoen, ) 
  Thread: (ID = 16048; Name = )
  Extended Properties: 

9/18/2018 12:04:00 PM WCF Service Call (EIDSS.Reports  Verbose) 
  Message: ExportHumNumberOfCasesDeathsMonthTH(Language:en, Format:Pdf, ArchiveMode:ActualOnly, Organization:57000510000000, User:57010180000000 Year=2018, Regions=, Zones = , Diagnoses=, Case Classification=, Provinces = Amnat Charoen, ) 
  Thread: (ID = 16048; Name = )
  Extended Properties: 

9/20/2018 2:12:16 PM WCF Service Host (EIDSS.Reports  Information) 
  Message: Service Host Closed 
  Thread: (ID = 17496; Name = )
  Extended Properties: 

9/20/2018 2:12:16 PM EIDSS Windows Service (EIDSS.Reports  Information) 
  Message: Reports Service Stopped. 
  Thread: (ID = 17496; Name = )
  Extended Properties: 

9/20/2018 3:10:51 PM WCF Service Host (EIDSS.Reports  Verbose) 
  Message: EIDSS core initialized. 
  Thread: (ID = 12440; Name = )
  Extended Properties: 

9/20/2018 3:10:51 PM Data Adapter (EIDSS.Reports  Verbose) 
  Message: Database 'EIDSS_TH' connection checked. 
  Thread: (ID = 12440; Name = )
  Extended Properties: 

9/20/2018 3:10:52 PM WCF Service Host (EIDSS.Reports  Information) 
  Message: Service Host Configured at URL http://localhost:8097/ 
  Thread: (ID = 12440; Name = )
  Extended Properties: 

9/20/2018 3:10:52 PM WCF Service Host (EIDSS.Reports  Information) 
  Message: Service Host Opened 
  Thread: (ID = 12440; Name = )
  Extended Properties: 

9/20/2018 3:10:52 PM EIDSS Windows Service (EIDSS.Reports  Information) 
  Message: Reports Service Started. 
  Thread: (ID = 12440; Name = )
  Extended Properties: 

9/27/2018 12:55:15 PM WCF Service Host (EIDSS.Reports  Verbose) 
  Message: EIDSS core initialized. 
  Thread: (ID = 7552; Name = )
  Extended Properties: 

9/27/2018 12:55:26 PM Data Adapter (EIDSS.Reports  Verbose) 
  Message: Database 'EIDSS_TH' connection checked. 
  Thread: (ID = 7552; Name = )
  Extended Properties: 

9/27/2018 12:55:39 PM WCF Service Host (EIDSS.Reports  Information) 
  Message: Service Host Configured at URL http://localhost:8097/ 
  Thread: (ID = 7552; Name = )
  Extended Properties: 

9/27/2018 12:55:47 PM WCF Service Host (EIDSS.Reports  Information) 
  Message: Service Host Opened 
  Thread: (ID = 7552; Name = )
  Extended Properties: 

9/27/2018 12:55:47 PM EIDSS Windows Service (EIDSS.Reports  Information) 
  Message: Reports Service Started. 
  Thread: (ID = 7552; Name = )
  Extended Properties: 

9/27/2018 1:43:18 PM WCF Service Call (EIDSS.Reports  Verbose) 
  Message: ExportHumNumberOfCasesDeathsMonthTH(Language:en, Format:Pdf, ArchiveMode:ActualOnly, Organization:57000510000000, User:57010180000000 Year=2018, Regions=, Zones = ZONE:00, ZONE:01, ZONE:02, ZONE:03, ZONE:04, ZONE:05, ZONE:06, ZONE:07, ZONE:08, ZONE:09, ZONE:10, ZONE:11, ZONE:12, Diagnoses=, Case Classification=, Provinces = , ) 
  Thread: (ID = 7936; Name = )
  Extended Properties: 

9/27/2018 2:08:19 PM WCF Service Call (EIDSS.Reports  Verbose) 
  Message: ExportHumNumberOfCasesDeathsMorbidityMortalityTH(Language:en, Format:Pdf, ArchiveMode:ActualOnly, Organization:57000510000000, User:57010180000000 Start=1/1/2018 12:00:00 AM, End=9/27/2018 12:00:00 AM, Regions=, Zones = ZONE:00, ZONE:01, ZONE:02, ZONE:03, ZONE:04, ZONE:05, ZONE:06, ZONE:07, ZONE:08, ZONE:09, ZONE:10, ZONE:11, ZONE:12, Diagnoses=, Case Classification=, Provinces = , ) 
  Thread: (ID = 7936; Name = )
  Extended Properties: 

10/1/2018 9:26:39 AM WCF Service Call (EIDSS.Reports  Verbose) 
  Message: ExportHumNumberOfCasesDeathsMonthTH(Language:en, Format:Pdf, ArchiveMode:ActualOnly, Organization:57000510000000, User:57010180000000 Year=2018, Regions=, Zones = ZONE:00, ZONE:01, ZONE:02, ZONE:03, ZONE:04, ZONE:05, ZONE:06, ZONE:07, ZONE:08, ZONE:09, ZONE:10, ZONE:11, ZONE:12, Diagnoses=, Case Classification=, Provinces = , ) 
  Thread: (ID = 7936; Name = )
  Extended Properties: 

10/1/2018 9:26:54 AM WCF Service Call (EIDSS.Reports  Verbose) 
  Message: ExportHumNumberOfCasesDeathsMonthTH(Language:en, Format:Pdf, ArchiveMode:ActualOnly, Organization:57000510000000, User:57010180000000 Year=2018, Regions=Central, North, Northeast, South, Zones = , Diagnoses=, Case Classification=, Provinces = , ) 
  Thread: (ID = 7936; Name = )
  Extended Properties: 

10/1/2018 9:27:08 AM WCF Service Call (EIDSS.Reports  Verbose) 
  Message: ExportHumNumberOfCasesDeathsMonthTH(Language:en, Format:Pdf, ArchiveMode:ActualOnly, Organization:57000510000000, User:57010180000000 Year=2018, Regions=, Zones = , Diagnoses=, Case Classification=, Provinces = Amnat Charoen, Ang Thong, Bangkok, Bueng Kan, Buri Ram, Chachoengsao, Chai Nat, Chaiyaphum, Chanthaburi, Chiang Mai, Chiang Rai, Chon Buri, Chumphon, Kalasin, Kamphaeng Phet, Kanchanaburi, Khon Kaen, Krabi, Lampang, Lamphun, Loei, Lop Buri, Mae Hong Son, Maha Sarakham, Mukdahan, Nakhon Nayok, Nakhon Pathom, Nakhon Phanom, Nakhon Ratchasima, Nakhon Sawan, Nakhon Si Thammarat, Nan, Narathiwat, Nong Bua Lam Phu, Nong Khai, Nonthaburi, Pathum Thani, Pattani, Phang-nga, Phatthalung, Phayao, Phetchabun, Phetchaburi, Phichit, Phitsanulok, Phra Nakhon Si Ayutthaya, Phrae, Phuket, Prachin Buri, Prachuap Khiri Khan, Ranong, Ratchaburi, Rayong, Roi Et, Sa kaeo, Sakon Nakhon, Samut Prakarn, Samut Sakhon, Samut Songkhram, Saraburi, Satun, Si Sa Ket, Sing Buri, Songkhla, Sukhothai, Suphan Buri, Surat Thani, Surin, Tak, Trang, Trat, Ubon Ratchathani, Udon Thani, Uthai Thani, Uttaradit, Yala, Yasothon, ) 
  Thread: (ID = 7936; Name = )
  Extended Properties: 

10/1/2018 8:58:58 PM WCF Service Call (EIDSS.Reports  Verbose) 
  Message: ExportHumNumberOfCasesDeathsMorbidityMortalityTH(Language:en, Format:Pdf, ArchiveMode:ActualOnly, Organization:57000510000000, User:57010180000000 Start=1/1/2018 12:00:00 AM, End=10/1/2018 12:00:00 AM, Regions=, Zones = ZONE:00, ZONE:01, ZONE:02, ZONE:03, ZONE:04, ZONE:05, ZONE:06, ZONE:07, ZONE:08, ZONE:09, ZONE:10, ZONE:11, ZONE:12, Diagnoses=, Case Classification=, Provinces = , ) 
  Thread: (ID = 7936; Name = )
  Extended Properties: 

10/1/2018 9:00:18 PM WCF Service Call (EIDSS.Reports  Verbose) 
  Message: ExportHumNumberOfCasesDeathsMorbidityMortalityTH(Language:en, Format:Pdf, ArchiveMode:ActualOnly, Organization:57000510000000, User:57010180000000 Start=1/1/2018 12:00:00 AM, End=10/1/2018 12:00:00 AM, Regions=, Zones = ZONE:00, ZONE:01, ZONE:02, ZONE:03, ZONE:04, ZONE:05, ZONE:06, ZONE:07, ZONE:08, ZONE:09, ZONE:10, ZONE:11, ZONE:12, Diagnoses=, Case Classification=, Provinces = , ) 
  Thread: (ID = 25752; Name = )
  Extended Properties: 

10/1/2018 9:01:30 PM WCF Service Call (EIDSS.Reports  Verbose) 
  Message: ExportHumNumberOfCasesDeathsMonthTH(Language:en, Format:Xlsx, ArchiveMode:ActualOnly, Organization:57000510000000, User:57010180000000 Year=2018, Regions=, Zones = , Diagnoses=, Case Classification=, Provinces = , ) 
  Thread: (ID = 10712; Name = )
  Extended Properties: 

10/1/2018 9:02:13 PM WCF Service Call (EIDSS.Reports  Verbose) 
  Message: ExportHumComparativeReportOfSeveralYearsTH(Language:en, Format:Xlsx, ArchiveMode:ActualOnly, Organization:57000510000000, User:57010180000000, From=2017, To = 2018, Diagnoses=, Region= Nonthaburi, Rayon=Mueang Nonthaburi, Counter=1, ) 
  Thread: (ID = 10712; Name = )
  Extended Properties: 

10/1/2018 9:24:06 PM WCF Service Call (EIDSS.Reports  Verbose) 
  Message: ExportHumNumberOfCasesDeathsMorbidityMortalityTH(Language:en, Format:Pdf, ArchiveMode:ActualOnly, Organization:57000510000000, User:57010180000000 Start=1/1/2018 12:00:00 AM, End=10/1/2018 12:00:00 AM, Regions=, Zones = , Diagnoses=, Case Classification=, Provinces = , ) 
  Thread: (ID = 10712; Name = )
  Extended Properties: 

10/1/2018 9:27:36 PM WCF Service Call (EIDSS.Reports  Verbose) 
  Message: ExportHumNumberOfCasesDeathsMorbidityMortalityTH(Language:en, Format:Pdf, ArchiveMode:ActualOnly, Organization:57000510000000, User:57010180000000 Start=10/1/2018 12:00:00 AM, End=10/1/2018 12:00:00 AM, Regions=, Zones = , Diagnoses=, Case Classification=, Provinces = , ) 
  Thread: (ID = 10712; Name = )
  Extended Properties: 

10/1/2018 9:30:04 PM WCF Service Call (EIDSS.Reports  Verbose) 
  Message: ExportHumNumberOfCasesDeathsMorbidityMortalityTH(Language:en, Format:Pdf, ArchiveMode:ActualOnly, Organization:57000510000000, User:57010180000000 Start=1/1/2018 12:00:00 AM, End=10/1/2018 12:00:00 AM, Regions=, Zones = , Diagnoses=, Case Classification=, Provinces = , ) 
  Thread: (ID = 17856; Name = )
  Extended Properties: 

10/1/2018 9:32:42 PM WCF Service Call (EIDSS.Reports  Verbose) 
  Message: ExportHumNumberOfCasesDeathsMorbidityMortalityTH(Language:en, Format:Pdf, ArchiveMode:ActualOnly, Organization:57000510000000, User:57010180000000 Start=1/1/2018 12:00:00 AM, End=10/1/2018 12:00:00 AM, Regions=, Zones = , Diagnoses=, Case Classification=, Provinces = , ) 
  Thread: (ID = 21032; Name = )
  Extended Properties: 

10/1/2018 9:32:55 PM WCF Service Call (EIDSS.Reports  Verbose) 
  Message: ExportHumNumberOfCasesDeathsMorbidityMortalityTH(Language:en, Format:Pdf, ArchiveMode:ActualOnly, Organization:57000510000000, User:57010180000000 Start=1/1/2018 12:00:00 AM, End=10/1/2018 12:00:00 AM, Regions=, Zones = , Diagnoses=, Case Classification=, Provinces = , ) 
  Thread: (ID = 21032; Name = )
  Extended Properties: 

10/1/2018 9:34:11 PM WCF Service Call (EIDSS.Reports  Verbose) 
  Message: ExportHumNumberOfCasesDeathsMorbidityMortalityTH(Language:en, Format:Pdf, ArchiveMode:ActualOnly, Organization:57000510000000, User:57010180000000 Start=1/1/2018 12:00:00 AM, End=10/1/2018 12:00:00 AM, Regions=, Zones = , Diagnoses=, Case Classification=, Provinces = , ) 
  Thread: (ID = 21032; Name = )
  Extended Properties: 

10/1/2018 9:36:11 PM WCF Service Call (EIDSS.Reports  Verbose) 
  Message: ExportHumNumberOfCasesDeathsMorbidityMortalityTH(Language:en, Format:Pdf, ArchiveMode:ActualOnly, Organization:57000510000000, User:57010180000000 Start=1/1/2018 12:00:00 AM, End=10/1/2018 12:00:00 AM, Regions=, Zones = , Diagnoses=, Case Classification=, Provinces = , ) 
  Thread: (ID = 21032; Name = )
  Extended Properties: 

10/1/2018 9:36:46 PM WCF Service Call (EIDSS.Reports  Verbose) 
  Message: ExportHumNumberOfCasesDeathsMonthTH(Language:en, Format:Xlsx, ArchiveMode:ActualOnly, Organization:57000510000000, User:57010180000000 Year=2018, Regions=, Zones = , Diagnoses=, Case Classification=, Provinces = , ) 
  Thread: (ID = 21032; Name = )
  Extended Properties: 

10/1/2018 9:36:58 PM WCF Service Call (EIDSS.Reports  Verbose) 
  Message: ExportHumNumberOfCasesDeathsMonthTH(Language:en, Format:Xlsx, ArchiveMode:ActualOnly, Organization:57000510000000, User:57010180000000 Year=2018, Regions=, Zones = , Diagnoses=, Case Classification=, Provinces = , ) 
  Thread: (ID = 21032; Name = )
  Extended Properties: 

10/1/2018 9:50:58 PM WCF Service Call (EIDSS.Reports  Verbose) 
  Message: ExportHumNumberOfCasesDeathsMorbidityMortalityTH(Language:en, Format:Xlsx, ArchiveMode:ActualOnly, Organization:57000510000000, User:57010180000000 Start=1/1/2018 12:00:00 AM, End=10/1/2018 12:00:00 AM, Regions=, Zones = , Diagnoses=, Case Classification=, Provinces = , ) 
  Thread: (ID = 14204; Name = )
  Extended Properties: 

10/1/2018 11:09:15 PM WCF Service Call (EIDSS.Reports  Verbose) 
  Message: ExportHumNumberOfCasesDeathsMorbidityMortalityTH(Language:en, Format:Xlsx, ArchiveMode:ActualOnly, Organization:57000510000000, User:57010180000000 Start=1/1/2018 12:00:00 AM, End=10/1/2018 12:00:00 AM, Regions=, Zones = , Diagnoses=, Case Classification=, Provinces = , ) 
  Thread: (ID = 14204; Name = )
  Extended Properties: 

10/1/2018 11:16:40 PM WCF Service Call (EIDSS.Reports  Verbose) 
  Message: ExportHumNumberOfCasesDeathsMorbidityMortalityTH(Language:th, Format:Xlsx, ArchiveMode:ActualOnly, Organization:57000510000000, User:57010180000000 Start=10/1/2018 12:00:00 AM, End=10/1/2018 12:00:00 AM, Regions=, Zones = , Diagnoses=, Case Classification=, Provinces = , ) 
  Thread: (ID = 17004; Name = )
  Extended Properties: 

10/5/2018 1:59:12 PM WCF Service Call (EIDSS.Reports  Verbose) 
  Message: ExportVeterinaryFormVet1(Language:en, Format:Pdf, ArchiveMode:ActualOnly, Organization:49180000000, User:52572690000000, Start Year=2018, End Year = 2018, StartMonth=10, EndMonth=10, Region=Baku, Rayon=Binegedi (Baku), ) 
  Thread: (ID = 17004; Name = )
  Extended Properties: 

10/5/2018 1:59:13 PM There is no row at position 0. (EIDSS.Reports  Error) 
  Message: WCF Service Call - Error while executing method ExportVeterinaryFormVet1(Language:en, Format:Pdf, ArchiveMode:ActualOnly, Organization:49180000000, User:52572690000000, Start Year=2018, End Year = 2018, StartMonth=10, EndMonth=10, Region=Baku, Rayon=Binegedi (Baku), ) 
  Thread: (ID = 17004; Name = )
  Extended Properties: Exception - An exception of type 'System.IndexOutOfRangeException' occurred and was caught.
-------------------------------------------------------------------------------
10/05/2018 13:59:12
Type : System.IndexOutOfRangeException, mscorlib, Version=4.0.0.0, Culture=neutral, PublicKeyToken=b77a5c561934e089
Message : There is no row at position 0.
Source : System.Data
Help link : 
Data : System.Collections.ListDictionaryInternal
TargetSite : NodePath GetNodeByIndex(Int32)
HResult : -2146233080
Stack Trace :    at System.Data.RBTree`1.GetNodeByIndex(Int32 userIndex)
   at System.Data.DataRowCollection.get_Item(Int32 index)
   at EIDSS.Reports.BaseControls.BaseDataSet.sprepGetBaseParametersDataTable.get_Item(Int32 index) in C:\NGDev\EIDSS61\vb\EIDSS\EIDSS.Reports\BaseControls\BaseDataSet.designer.cs:line 388
   at EIDSS.Reports.Parameterized.Human.AJ.Reports.FormVet1.SetParameters(VetCasesSurrogateModel model, DbManagerProxy manager, DbManagerProxy archiveManager) in C:\NGDev\EIDSS61\vb\EIDSS\EIDSS.Reports\Parameterized\Human\AJ\Reports\FormVet1.cs:line 37
   at EIDSS.Reports.Service.WcfFacade.ReportFacade.<>c__DisplayClass55_0.<ExportVeterinaryFormVet1>b__0(String l, DbManagerProxy m, DbManagerProxy am) in C:\NGDev\EIDSS61\EIDSS.Reports.Service\WcfFacade\ReportFacade.cs:line 1171
   at EIDSS.Reports.Service.WcfFacade.ReportFacade.ExportReportToBytes(BaseModel model, CreateReportDelegate createReport) in C:\NGDev\EIDSS61\EIDSS.Reports.Service\WcfFacade\ReportFacade.cs:line 2293
   at EIDSS.Reports.Service.WcfFacade.ReportFacade.ExportReportToBytesWrapper(CreateReportDelegate cr, BaseModel model) in C:\NGDev\EIDSS61\EIDSS.Reports.Service\WcfFacade\ReportFacade.cs:line 2257
   at EIDSS.Reports.Service.WcfFacade.ReportFacade.ExportVeterinaryFormVet1(VetCasesSurrogateModel model) in C:\NGDev\EIDSS61\EIDSS.Reports.Service\WcfFacade\ReportFacade.cs:line 1174

Additional Info:

MachineName : DESKTOP-I7GLVAK
TimeStamp : 10/5/2018 5:59:13 PM
FullName : Microsoft.Practices.EnterpriseLibrary.ExceptionHandling, Version=5.0.414.0, Culture=neutral, PublicKeyToken=null
AppDomainName : EIDSS.Reports.Service.exe
ThreadIdentity : 
WindowsIdentity : NT AUTHORITY\SYSTEM


10/10/2018 7:07:57 PM WCF Service Host (EIDSS.Reports  Verbose) 
  Message: EIDSS core initialized. 
  Thread: (ID = 7416; Name = )
  Extended Properties: 

10/10/2018 7:08:05 PM Data Adapter (EIDSS.Reports  Verbose) 
  Message: Database 'EIDSS_TH' connection checked. 
  Thread: (ID = 7416; Name = )
  Extended Properties: 

10/10/2018 7:08:14 PM WCF Service Host (EIDSS.Reports  Information) 
  Message: Service Host Configured at URL http://localhost:8097/ 
  Thread: (ID = 7416; Name = )
  Extended Properties: 

10/10/2018 7:08:17 PM WCF Service Host (EIDSS.Reports  Information) 
  Message: Service Host Opened 
  Thread: (ID = 7416; Name = )
  Extended Properties: 

10/10/2018 7:08:17 PM EIDSS Windows Service (EIDSS.Reports  Information) 
  Message: Reports Service Started. 
  Thread: (ID = 7416; Name = )
  Extended Properties: 

