4/8/2019 5:44:41 PM WCF Service Host (EIDSS.Reports  Verbose) 
  Message: EIDSS core initialized. 
  Thread: (ID = 8184; Name = )
  Extended Properties: 

4/8/2019 5:50:59 PM A network-related or instance-specific error occurred while establishing a connection to SQL Server. The server was not found or was not accessible. Verify that the instance name is correct and that SQL Server is configured to allow remote connections. (provider: TCP Provider, error: 0 - The remote computer refused the network connection.) (EIDSS.Reports  Error) 
  Message: A network-related or instance-specific error occurred while establishing a connection to SQL Server. The server was not found or was not accessible. Verify that the instance name is correct and that SQL Server is configured to allow remote connections. (provider: TCP Provider, error: 0 - The remote computer refused the network connection.) 
  Thread: (ID = 8184; Name = )
  Extended Properties: Exception - An exception of type 'BLToolkit.Data.DataException' occurred and was caught.
----------------------------------------------------------------------------
04/08/2019 17:50:59
Type : BLToolkit.Data.DataException, BLToolkit.4, Version=3.2.0.0, Culture=neutral, PublicKeyToken=b1d3f6ab3aadaca3
Message : A network-related or instance-specific error occurred while establishing a connection to SQL Server. The server was not found or was not accessible. Verify that the instance name is correct and that SQL Server is configured to allow remote connections. (provider: TCP Provider, error: 0 - The remote computer refused the network connection.)
Source : BLToolkit.4
Help link : 
Number : 1225
Data : System.Collections.ListDictionaryInternal
TargetSite : Void OnOperationException(BLToolkit.Data.OperationType, BLToolkit.Data.DataException)
HResult : -2146233087
Stack Trace :    at BLToolkit.Data.DbManager.OnOperationException(OperationType op, DataException ex) in C:\NGDev\EIDSS61\bltoolkit.3.2.dev\Data\DbManager.cs:line 577
   at BLToolkit.Data.DbManager.HandleOperationException(OperationType op, Exception ex) in C:\NGDev\EIDSS61\bltoolkit.3.2.dev\Data\DbManager.cs:line 4366
   at BLToolkit.Data.DbManager.ExecuteOperation(OperationType operationType, Action operation) in C:\NGDev\EIDSS61\bltoolkit.3.2.dev\Data\DbManager.cs:line 4332
   at BLToolkit.Data.DbManager.OpenConnection() in C:\NGDev\EIDSS61\bltoolkit.3.2.dev\Data\DbManager.cs:line 202
   at BLToolkit.Data.DbManager.get_Connection() in C:\NGDev\EIDSS61\bltoolkit.3.2.dev\Data\DbManager.cs:line 177
   at eidss.model.WcfService.DataBaseChecker.CheckDbConnection() in C:\NGDev\EIDSS61\eidss.core\WcfService\DataBaseChecker.cs:line 21

Additional Info:

MachineName : DESKTOP-I7GLVAK
TimeStamp : 4/8/2019 9:50:59 PM
FullName : Microsoft.Practices.EnterpriseLibrary.ExceptionHandling, Version=5.0.414.0, Culture=neutral, PublicKeyToken=null
AppDomainName : EIDSS.Reports.Service.exe
ThreadIdentity : 
WindowsIdentity : NT AUTHORITY\SYSTEM
	Inner Exception
	---------------
	Type : System.Data.SqlClient.SqlException, System.Data, Version=4.0.0.0, Culture=neutral, PublicKeyToken=b77a5c561934e089
	Message : A network-related or instance-specific error occurred while establishing a connection to SQL Server. The server was not found or was not accessible. Verify that the instance name is correct and that SQL Server is configured to allow remote connections. (provider: TCP Provider, error: 0 - The remote computer refused the network connection.)
	Source : .Net SqlClient Data Provider
	Help link : 
	Errors : System.Data.SqlClient.SqlErrorCollection
	ClientConnectionId : 00000000-0000-0000-0000-000000000000
	Class : 20
	LineNumber : 0
	Number : 1225
	Procedure : 
	Server : 
	State : 0
	ErrorCode : -2146232060
	Data : System.Collections.ListDictionaryInternal
	TargetSite : Void .ctor(System.Data.ProviderBase.DbConnectionPoolIdentity, System.Data.SqlClient.SqlConnectionString, System.Data.SqlClient.SqlCredential, System.Object, System.String, System.Security.SecureString, Boolean, System.Data.SqlClient.SqlConnectionString, System.Data.SqlClient.SessionData, System.Data.ProviderBase.DbConnectionPool, System.String, Boolean, System.Data.SqlClient.SqlAuthenticationProviderManager)
	HResult : -2146232060
	Stack Trace :    at System.Data.SqlClient.SqlInternalConnectionTds..ctor(DbConnectionPoolIdentity identity, SqlConnectionString connectionOptions, SqlCredential credential, Object providerInfo, String newPassword, SecureString newSecurePassword, Boolean redirectedUserInstance, SqlConnectionString userConnectionOptions, SessionData reconnectSessionData, DbConnectionPool pool, String accessToken, Boolean applyTransientFaultHandling, SqlAuthenticationProviderManager sqlAuthProviderManager)
	   at System.Data.SqlClient.SqlConnectionFactory.CreateConnection(DbConnectionOptions options, DbConnectionPoolKey poolKey, Object poolGroupProviderInfo, DbConnectionPool pool, DbConnection owningConnection, DbConnectionOptions userOptions)
	   at System.Data.ProviderBase.DbConnectionFactory.CreatePooledConnection(DbConnectionPool pool, DbConnection owningObject, DbConnectionOptions options, DbConnectionPoolKey poolKey, DbConnectionOptions userOptions)
	   at System.Data.ProviderBase.DbConnectionPool.CreateObject(DbConnection owningObject, DbConnectionOptions userOptions, DbConnectionInternal oldConnection)
	   at System.Data.ProviderBase.DbConnectionPool.UserCreateRequest(DbConnection owningObject, DbConnectionOptions userOptions, DbConnectionInternal oldConnection)
	   at System.Data.ProviderBase.DbConnectionPool.TryGetConnection(DbConnection owningObject, UInt32 waitForMultipleObjectsTimeout, Boolean allowCreate, Boolean onlyOneCheckConnection, DbConnectionOptions userOptions, DbConnectionInternal& connection)
	   at System.Data.ProviderBase.DbConnectionPool.TryGetConnection(DbConnection owningObject, TaskCompletionSource`1 retry, DbConnectionOptions userOptions, DbConnectionInternal& connection)
	   at System.Data.ProviderBase.DbConnectionFactory.TryGetConnection(DbConnection owningConnection, TaskCompletionSource`1 retry, DbConnectionOptions userOptions, DbConnectionInternal oldConnection, DbConnectionInternal& connection)
	   at System.Data.ProviderBase.DbConnectionInternal.TryOpenConnectionInternal(DbConnection outerConnection, DbConnectionFactory connectionFactory, TaskCompletionSource`1 retry, DbConnectionOptions userOptions)
	   at System.Data.SqlClient.SqlConnection.TryOpenInner(TaskCompletionSource`1 retry)
	   at System.Data.SqlClient.SqlConnection.TryOpen(TaskCompletionSource`1 retry)
	   at System.Data.SqlClient.SqlConnection.Open()
	   at BLToolkit.Data.DbManager.ExecuteOperation(OperationType operationType, Action operation) in C:\NGDev\EIDSS61\bltoolkit.3.2.dev\Data\DbManager.cs:line 4327

		Inner Exception
		---------------
		Type : System.ComponentModel.Win32Exception, System, Version=4.0.0.0, Culture=neutral, PublicKeyToken=b77a5c561934e089
		Message : The remote computer refused the network connection
		Source : 
		Help link : 
		NativeErrorCode : 1225
		ErrorCode : -2147467259
		Data : System.Collections.ListDictionaryInternal
		TargetSite : 
		HResult : -2147467259
		Stack Trace : The stack trace is unavailable.


4/8/2019 5:51:02 PM WCF Service Host (EIDSS.Reports  Information) 
  Message: Service Host Configured at URL http://localhost:8097/ 
  Thread: (ID = 8184; Name = )
  Extended Properties: 

4/8/2019 5:51:03 PM WCF Service Host (EIDSS.Reports  Information) 
  Message: Service Host Opened 
  Thread: (ID = 8184; Name = )
  Extended Properties: 

4/8/2019 5:51:03 PM EIDSS Windows Service (EIDSS.Reports  Information) 
  Message: Reports Service Started. 
  Thread: (ID = 8184; Name = )
  Extended Properties: 

4/10/2019 5:49:04 PM WCF Service Host (EIDSS.Reports  Verbose) 
  Message: EIDSS core initialized. 
  Thread: (ID = 3120; Name = )
  Extended Properties: 

4/10/2019 5:51:12 PM A network-related or instance-specific error occurred while establishing a connection to SQL Server. The server was not found or was not accessible. Verify that the instance name is correct and that SQL Server is configured to allow remote connections. (provider: TCP Provider, error: 0 - The remote computer refused the network connection.) (EIDSS.Reports  Error) 
  Message: A network-related or instance-specific error occurred while establishing a connection to SQL Server. The server was not found or was not accessible. Verify that the instance name is correct and that SQL Server is configured to allow remote connections. (provider: TCP Provider, error: 0 - The remote computer refused the network connection.) 
  Thread: (ID = 3120; Name = )
  Extended Properties: Exception - An exception of type 'BLToolkit.Data.DataException' occurred and was caught.
----------------------------------------------------------------------------
04/10/2019 17:51:12
Type : BLToolkit.Data.DataException, BLToolkit.4, Version=3.2.0.0, Culture=neutral, PublicKeyToken=b1d3f6ab3aadaca3
Message : A network-related or instance-specific error occurred while establishing a connection to SQL Server. The server was not found or was not accessible. Verify that the instance name is correct and that SQL Server is configured to allow remote connections. (provider: TCP Provider, error: 0 - The remote computer refused the network connection.)
Source : BLToolkit.4
Help link : 
Number : 1225
Data : System.Collections.ListDictionaryInternal
TargetSite : Void OnOperationException(BLToolkit.Data.OperationType, BLToolkit.Data.DataException)
HResult : -2146233087
Stack Trace :    at BLToolkit.Data.DbManager.OnOperationException(OperationType op, DataException ex) in C:\NGDev\EIDSS61\bltoolkit.3.2.dev\Data\DbManager.cs:line 577
   at BLToolkit.Data.DbManager.HandleOperationException(OperationType op, Exception ex) in C:\NGDev\EIDSS61\bltoolkit.3.2.dev\Data\DbManager.cs:line 4366
   at BLToolkit.Data.DbManager.ExecuteOperation(OperationType operationType, Action operation) in C:\NGDev\EIDSS61\bltoolkit.3.2.dev\Data\DbManager.cs:line 4332
   at BLToolkit.Data.DbManager.OpenConnection() in C:\NGDev\EIDSS61\bltoolkit.3.2.dev\Data\DbManager.cs:line 202
   at BLToolkit.Data.DbManager.get_Connection() in C:\NGDev\EIDSS61\bltoolkit.3.2.dev\Data\DbManager.cs:line 177
   at eidss.model.WcfService.DataBaseChecker.CheckDbConnection() in C:\NGDev\EIDSS61\eidss.core\WcfService\DataBaseChecker.cs:line 21

Additional Info:

MachineName : DESKTOP-I7GLVAK
TimeStamp : 4/10/2019 9:51:12 PM
FullName : Microsoft.Practices.EnterpriseLibrary.ExceptionHandling, Version=5.0.414.0, Culture=neutral, PublicKeyToken=null
AppDomainName : EIDSS.Reports.Service.exe
ThreadIdentity : 
WindowsIdentity : NT AUTHORITY\SYSTEM
	Inner Exception
	---------------
	Type : System.Data.SqlClient.SqlException, System.Data, Version=4.0.0.0, Culture=neutral, PublicKeyToken=b77a5c561934e089
	Message : A network-related or instance-specific error occurred while establishing a connection to SQL Server. The server was not found or was not accessible. Verify that the instance name is correct and that SQL Server is configured to allow remote connections. (provider: TCP Provider, error: 0 - The remote computer refused the network connection.)
	Source : .Net SqlClient Data Provider
	Help link : 
	Errors : System.Data.SqlClient.SqlErrorCollection
	ClientConnectionId : 00000000-0000-0000-0000-000000000000
	Class : 20
	LineNumber : 0
	Number : 1225
	Procedure : 
	Server : 
	State : 0
	ErrorCode : -2146232060
	Data : System.Collections.ListDictionaryInternal
	TargetSite : Boolean TryGetConnection(System.Data.Common.DbConnection, UInt32, Boolean, Boolean, System.Data.Common.DbConnectionOptions, System.Data.ProviderBase.DbConnectionInternal ByRef)
	HResult : -2146232060
	Stack Trace :    at System.Data.ProviderBase.DbConnectionPool.TryGetConnection(DbConnection owningObject, UInt32 waitForMultipleObjectsTimeout, Boolean allowCreate, Boolean onlyOneCheckConnection, DbConnectionOptions userOptions, DbConnectionInternal& connection)
	   at System.Data.ProviderBase.DbConnectionPool.TryGetConnection(DbConnection owningObject, TaskCompletionSource`1 retry, DbConnectionOptions userOptions, DbConnectionInternal& connection)
	   at System.Data.ProviderBase.DbConnectionFactory.TryGetConnection(DbConnection owningConnection, TaskCompletionSource`1 retry, DbConnectionOptions userOptions, DbConnectionInternal oldConnection, DbConnectionInternal& connection)
	   at System.Data.ProviderBase.DbConnectionInternal.TryOpenConnectionInternal(DbConnection outerConnection, DbConnectionFactory connectionFactory, TaskCompletionSource`1 retry, DbConnectionOptions userOptions)
	   at System.Data.SqlClient.SqlConnection.TryOpenInner(TaskCompletionSource`1 retry)
	   at System.Data.SqlClient.SqlConnection.TryOpen(TaskCompletionSource`1 retry)
	   at System.Data.SqlClient.SqlConnection.Open()
	   at BLToolkit.Data.DbManager.ExecuteOperation(OperationType operationType, Action operation) in C:\NGDev\EIDSS61\bltoolkit.3.2.dev\Data\DbManager.cs:line 4327

		Inner Exception
		---------------
		Type : System.ComponentModel.Win32Exception, System, Version=4.0.0.0, Culture=neutral, PublicKeyToken=b77a5c561934e089
		Message : The remote computer refused the network connection
		Source : 
		Help link : 
		NativeErrorCode : 1225
		ErrorCode : -2147467259
		Data : System.Collections.ListDictionaryInternal
		TargetSite : 
		HResult : -2147467259
		Stack Trace : The stack trace is unavailable.


4/10/2019 5:51:31 PM WCF Service Host (EIDSS.Reports  Information) 
  Message: Service Host Configured at URL http://localhost:8097/ 
  Thread: (ID = 3120; Name = )
  Extended Properties: 

4/10/2019 5:51:44 PM WCF Service Host (EIDSS.Reports  Information) 
  Message: Service Host Opened 
  Thread: (ID = 3120; Name = )
  Extended Properties: 

4/10/2019 5:51:44 PM EIDSS Windows Service (EIDSS.Reports  Information) 
  Message: Reports Service Started. 
  Thread: (ID = 3120; Name = )
  Extended Properties: 

4/15/2019 9:09:00 AM WCF Service Host (EIDSS.Reports  Verbose) 
  Message: EIDSS core initialized. 
  Thread: (ID = 8404; Name = )
  Extended Properties: 

4/15/2019 9:15:11 AM A network-related or instance-specific error occurred while establishing a connection to SQL Server. The server was not found or was not accessible. Verify that the instance name is correct and that SQL Server is configured to allow remote connections. (provider: TCP Provider, error: 0 - The remote computer refused the network connection.) (EIDSS.Reports  Error) 
  Message: A network-related or instance-specific error occurred while establishing a connection to SQL Server. The server was not found or was not accessible. Verify that the instance name is correct and that SQL Server is configured to allow remote connections. (provider: TCP Provider, error: 0 - The remote computer refused the network connection.) 
  Thread: (ID = 8404; Name = )
  Extended Properties: Exception - An exception of type 'BLToolkit.Data.DataException' occurred and was caught.
----------------------------------------------------------------------------
04/15/2019 09:15:11
Type : BLToolkit.Data.DataException, BLToolkit.4, Version=3.2.0.0, Culture=neutral, PublicKeyToken=b1d3f6ab3aadaca3
Message : A network-related or instance-specific error occurred while establishing a connection to SQL Server. The server was not found or was not accessible. Verify that the instance name is correct and that SQL Server is configured to allow remote connections. (provider: TCP Provider, error: 0 - The remote computer refused the network connection.)
Source : BLToolkit.4
Help link : 
Number : 1225
Data : System.Collections.ListDictionaryInternal
TargetSite : Void OnOperationException(BLToolkit.Data.OperationType, BLToolkit.Data.DataException)
HResult : -2146233087
Stack Trace :    at BLToolkit.Data.DbManager.OnOperationException(OperationType op, DataException ex) in C:\NGDev\EIDSS61\bltoolkit.3.2.dev\Data\DbManager.cs:line 577
   at BLToolkit.Data.DbManager.HandleOperationException(OperationType op, Exception ex) in C:\NGDev\EIDSS61\bltoolkit.3.2.dev\Data\DbManager.cs:line 4366
   at BLToolkit.Data.DbManager.ExecuteOperation(OperationType operationType, Action operation) in C:\NGDev\EIDSS61\bltoolkit.3.2.dev\Data\DbManager.cs:line 4332
   at BLToolkit.Data.DbManager.OpenConnection() in C:\NGDev\EIDSS61\bltoolkit.3.2.dev\Data\DbManager.cs:line 202
   at BLToolkit.Data.DbManager.get_Connection() in C:\NGDev\EIDSS61\bltoolkit.3.2.dev\Data\DbManager.cs:line 177
   at eidss.model.WcfService.DataBaseChecker.CheckDbConnection() in C:\NGDev\EIDSS61\eidss.core\WcfService\DataBaseChecker.cs:line 21

Additional Info:

MachineName : DESKTOP-I7GLVAK
TimeStamp : 4/15/2019 1:15:11 PM
FullName : Microsoft.Practices.EnterpriseLibrary.ExceptionHandling, Version=5.0.414.0, Culture=neutral, PublicKeyToken=null
AppDomainName : EIDSS.Reports.Service.exe
ThreadIdentity : 
WindowsIdentity : NT AUTHORITY\SYSTEM
	Inner Exception
	---------------
	Type : System.Data.SqlClient.SqlException, System.Data, Version=4.0.0.0, Culture=neutral, PublicKeyToken=b77a5c561934e089
	Message : A network-related or instance-specific error occurred while establishing a connection to SQL Server. The server was not found or was not accessible. Verify that the instance name is correct and that SQL Server is configured to allow remote connections. (provider: TCP Provider, error: 0 - The remote computer refused the network connection.)
	Source : .Net SqlClient Data Provider
	Help link : 
	Errors : System.Data.SqlClient.SqlErrorCollection
	ClientConnectionId : 00000000-0000-0000-0000-000000000000
	Class : 20
	LineNumber : 0
	Number : 1225
	Procedure : 
	Server : 
	State : 0
	ErrorCode : -2146232060
	Data : System.Collections.ListDictionaryInternal
	TargetSite : Void .ctor(System.Data.ProviderBase.DbConnectionPoolIdentity, System.Data.SqlClient.SqlConnectionString, System.Data.SqlClient.SqlCredential, System.Object, System.String, System.Security.SecureString, Boolean, System.Data.SqlClient.SqlConnectionString, System.Data.SqlClient.SessionData, System.Data.ProviderBase.DbConnectionPool, System.String, Boolean, System.Data.SqlClient.SqlAuthenticationProviderManager)
	HResult : -2146232060
	Stack Trace :    at System.Data.SqlClient.SqlInternalConnectionTds..ctor(DbConnectionPoolIdentity identity, SqlConnectionString connectionOptions, SqlCredential credential, Object providerInfo, String newPassword, SecureString newSecurePassword, Boolean redirectedUserInstance, SqlConnectionString userConnectionOptions, SessionData reconnectSessionData, DbConnectionPool pool, String accessToken, Boolean applyTransientFaultHandling, SqlAuthenticationProviderManager sqlAuthProviderManager)
	   at System.Data.SqlClient.SqlConnectionFactory.CreateConnection(DbConnectionOptions options, DbConnectionPoolKey poolKey, Object poolGroupProviderInfo, DbConnectionPool pool, DbConnection owningConnection, DbConnectionOptions userOptions)
	   at System.Data.ProviderBase.DbConnectionFactory.CreatePooledConnection(DbConnectionPool pool, DbConnection owningObject, DbConnectionOptions options, DbConnectionPoolKey poolKey, DbConnectionOptions userOptions)
	   at System.Data.ProviderBase.DbConnectionPool.CreateObject(DbConnection owningObject, DbConnectionOptions userOptions, DbConnectionInternal oldConnection)
	   at System.Data.ProviderBase.DbConnectionPool.UserCreateRequest(DbConnection owningObject, DbConnectionOptions userOptions, DbConnectionInternal oldConnection)
	   at System.Data.ProviderBase.DbConnectionPool.TryGetConnection(DbConnection owningObject, UInt32 waitForMultipleObjectsTimeout, Boolean allowCreate, Boolean onlyOneCheckConnection, DbConnectionOptions userOptions, DbConnectionInternal& connection)
	   at System.Data.ProviderBase.DbConnectionPool.TryGetConnection(DbConnection owningObject, TaskCompletionSource`1 retry, DbConnectionOptions userOptions, DbConnectionInternal& connection)
	   at System.Data.ProviderBase.DbConnectionFactory.TryGetConnection(DbConnection owningConnection, TaskCompletionSource`1 retry, DbConnectionOptions userOptions, DbConnectionInternal oldConnection, DbConnectionInternal& connection)
	   at System.Data.ProviderBase.DbConnectionInternal.TryOpenConnectionInternal(DbConnection outerConnection, DbConnectionFactory connectionFactory, TaskCompletionSource`1 retry, DbConnectionOptions userOptions)
	   at System.Data.SqlClient.SqlConnection.TryOpenInner(TaskCompletionSource`1 retry)
	   at System.Data.SqlClient.SqlConnection.TryOpen(TaskCompletionSource`1 retry)
	   at System.Data.SqlClient.SqlConnection.Open()
	   at BLToolkit.Data.DbManager.ExecuteOperation(OperationType operationType, Action operation) in C:\NGDev\EIDSS61\bltoolkit.3.2.dev\Data\DbManager.cs:line 4327

		Inner Exception
		---------------
		Type : System.ComponentModel.Win32Exception, System, Version=4.0.0.0, Culture=neutral, PublicKeyToken=b77a5c561934e089
		Message : The remote computer refused the network connection
		Source : 
		Help link : 
		NativeErrorCode : 1225
		ErrorCode : -2147467259
		Data : System.Collections.ListDictionaryInternal
		TargetSite : 
		HResult : -2147467259
		Stack Trace : The stack trace is unavailable.


4/15/2019 9:15:11 AM WCF Service Host (EIDSS.Reports  Information) 
  Message: Service Host Configured at URL http://localhost:8097/ 
  Thread: (ID = 8404; Name = )
  Extended Properties: 

4/15/2019 9:15:11 AM WCF Service Host (EIDSS.Reports  Information) 
  Message: Service Host Opened 
  Thread: (ID = 8404; Name = )
  Extended Properties: 

4/15/2019 9:15:11 AM EIDSS Windows Service (EIDSS.Reports  Information) 
  Message: Reports Service Started. 
  Thread: (ID = 8404; Name = )
  Extended Properties: 

