11/19/2018 10:01:06 AM WCF Service Host (EIDSS.Reports  Verbose) 
  Message: EIDSS core initialized. 
  Thread: (ID = 8000; Name = )
  Extended Properties: 

11/19/2018 10:01:17 AM Data Adapter (EIDSS.Reports  Verbose) 
  Message: Database 'EIDSS_TH' connection checked. 
  Thread: (ID = 8000; Name = )
  Extended Properties: 

11/19/2018 10:01:30 AM WCF Service Host (EIDSS.Reports  Information) 
  Message: Service Host Configured at URL http://localhost:8097/ 
  Thread: (ID = 8000; Name = )
  Extended Properties: 

11/19/2018 10:01:38 AM WCF Service Host (EIDSS.Reports  Information) 
  Message: Service Host Opened 
  Thread: (ID = 8000; Name = )
  Extended Properties: 

11/19/2018 10:01:38 AM EIDSS Windows Service (EIDSS.Reports  Information) 
  Message: Reports Service Started. 
  Thread: (ID = 8000; Name = )
  Extended Properties: 

11/19/2018 12:32:04 PM WCF Service Host (EIDSS.Reports  Verbose) 
  Message: EIDSS core initialized. 
  Thread: (ID = 7120; Name = )
  Extended Properties: 

11/19/2018 12:32:16 PM Data Adapter (EIDSS.Reports  Verbose) 
  Message: Database 'EIDSS_TH' connection checked. 
  Thread: (ID = 7120; Name = )
  Extended Properties: 

11/19/2018 12:32:45 PM WCF Service Host (EIDSS.Reports  Information) 
  Message: Service Host Configured at URL http://localhost:8097/ 
  Thread: (ID = 7120; Name = )
  Extended Properties: 

11/19/2018 12:32:56 PM WCF Service Host (EIDSS.Reports  Information) 
  Message: Service Host Opened 
  Thread: (ID = 7120; Name = )
  Extended Properties: 

11/19/2018 12:32:56 PM EIDSS Windows Service (EIDSS.Reports  Information) 
  Message: Reports Service Started. 
  Thread: (ID = 7120; Name = )
  Extended Properties: 

11/21/2018 7:26:24 AM WCF Service Host (EIDSS.Reports  Verbose) 
  Message: EIDSS core initialized. 
  Thread: (ID = 6516; Name = )
  Extended Properties: 

11/21/2018 7:26:25 AM Data Adapter (EIDSS.Reports  Verbose) 
  Message: Database 'EIDSS_TH' connection checked. 
  Thread: (ID = 6516; Name = )
  Extended Properties: 

11/21/2018 7:26:34 AM WCF Service Host (EIDSS.Reports  Information) 
  Message: Service Host Configured at URL http://localhost:8097/ 
  Thread: (ID = 6516; Name = )
  Extended Properties: 

11/21/2018 7:26:43 AM WCF Service Host (EIDSS.Reports  Information) 
  Message: Service Host Opened 
  Thread: (ID = 6516; Name = )
  Extended Properties: 

11/21/2018 7:26:43 AM EIDSS Windows Service (EIDSS.Reports  Information) 
  Message: Reports Service Started. 
  Thread: (ID = 6516; Name = )
  Extended Properties: 

11/26/2018 7:58:04 AM WCF Service Host (EIDSS.Reports  Verbose) 
  Message: EIDSS core initialized. 
  Thread: (ID = 6032; Name = )
  Extended Properties: 

11/26/2018 7:58:07 AM Data Adapter (EIDSS.Reports  Verbose) 
  Message: Database 'EIDSS_TH' connection checked. 
  Thread: (ID = 6032; Name = )
  Extended Properties: 

11/26/2018 7:58:30 AM WCF Service Host (EIDSS.Reports  Information) 
  Message: Service Host Configured at URL http://localhost:8097/ 
  Thread: (ID = 6032; Name = )
  Extended Properties: 

11/26/2018 7:58:41 AM WCF Service Host (EIDSS.Reports  Information) 
  Message: Service Host Opened 
  Thread: (ID = 6032; Name = )
  Extended Properties: 

11/26/2018 7:58:41 AM EIDSS Windows Service (EIDSS.Reports  Information) 
  Message: Reports Service Started. 
  Thread: (ID = 6032; Name = )
  Extended Properties: 

12/3/2018 8:51:26 AM WCF Service Host (EIDSS.Reports  Verbose) 
  Message: EIDSS core initialized. 
  Thread: (ID = 5768; Name = )
  Extended Properties: 

12/3/2018 8:51:29 AM Data Adapter (EIDSS.Reports  Verbose) 
  Message: Database 'EIDSS_TH' connection checked. 
  Thread: (ID = 5768; Name = )
  Extended Properties: 

12/3/2018 8:51:52 AM WCF Service Host (EIDSS.Reports  Information) 
  Message: Service Host Configured at URL http://localhost:8097/ 
  Thread: (ID = 5768; Name = )
  Extended Properties: 

12/3/2018 8:52:01 AM WCF Service Host (EIDSS.Reports  Information) 
  Message: Service Host Opened 
  Thread: (ID = 5768; Name = )
  Extended Properties: 

12/3/2018 8:52:01 AM EIDSS Windows Service (EIDSS.Reports  Information) 
  Message: Reports Service Started. 
  Thread: (ID = 5768; Name = )
  Extended Properties: 

12/12/2018 7:16:43 PM WCF Service Host (EIDSS.Reports  Verbose) 
  Message: EIDSS core initialized. 
  Thread: (ID = 144; Name = )
  Extended Properties: 

12/12/2018 7:16:48 PM Data Adapter (EIDSS.Reports  Verbose) 
  Message: Database 'EIDSS_TH' connection checked. 
  Thread: (ID = 144; Name = )
  Extended Properties: 

12/12/2018 7:17:13 PM WCF Service Host (EIDSS.Reports  Information) 
  Message: Service Host Configured at URL http://localhost:8097/ 
  Thread: (ID = 144; Name = )
  Extended Properties: 

12/12/2018 7:17:18 PM WCF Service Host (EIDSS.Reports  Information) 
  Message: Service Host Opened 
  Thread: (ID = 144; Name = )
  Extended Properties: 

12/12/2018 7:17:18 PM EIDSS Windows Service (EIDSS.Reports  Information) 
  Message: Reports Service Started. 
  Thread: (ID = 144; Name = )
  Extended Properties: 

12/13/2018 2:02:19 PM WCF Service Host (EIDSS.Reports  Verbose) 
  Message: EIDSS core initialized. 
  Thread: (ID = 7792; Name = )
  Extended Properties: 

12/13/2018 2:02:22 PM Data Adapter (EIDSS.Reports  Verbose) 
  Message: Database 'EIDSS_TH' connection checked. 
  Thread: (ID = 7792; Name = )
  Extended Properties: 

12/13/2018 2:03:02 PM WCF Service Host (EIDSS.Reports  Information) 
  Message: Service Host Configured at URL http://localhost:8097/ 
  Thread: (ID = 7792; Name = )
  Extended Properties: 

12/13/2018 2:03:25 PM WCF Service Host (EIDSS.Reports  Information) 
  Message: Service Host Opened 
  Thread: (ID = 7792; Name = )
  Extended Properties: 

12/13/2018 2:03:25 PM EIDSS Windows Service (EIDSS.Reports  Information) 
  Message: Reports Service Started. 
  Thread: (ID = 7792; Name = )
  Extended Properties: 

12/17/2018 10:46:06 AM WCF Service Host (EIDSS.Reports  Verbose) 
  Message: EIDSS core initialized. 
  Thread: (ID = 8852; Name = )
  Extended Properties: 

12/17/2018 10:46:13 AM Data Adapter (EIDSS.Reports  Verbose) 
  Message: Database 'EIDSS_TH' connection checked. 
  Thread: (ID = 8852; Name = )
  Extended Properties: 

12/17/2018 10:46:26 AM WCF Service Host (EIDSS.Reports  Information) 
  Message: Service Host Configured at URL http://localhost:8097/ 
  Thread: (ID = 8852; Name = )
  Extended Properties: 

12/17/2018 10:46:37 AM WCF Service Host (EIDSS.Reports  Information) 
  Message: Service Host Opened 
  Thread: (ID = 8852; Name = )
  Extended Properties: 

12/17/2018 10:46:37 AM EIDSS Windows Service (EIDSS.Reports  Information) 
  Message: Reports Service Started. 
  Thread: (ID = 8852; Name = )
  Extended Properties: 

12/17/2018 10:55:07 AM WCF Service Host (EIDSS.Reports  Information) 
  Message: Service Host Closed 
  Thread: (ID = 8852; Name = )
  Extended Properties: 

12/17/2018 10:55:07 AM EIDSS Windows Service (EIDSS.Reports  Information) 
  Message: Reports Service Stopped. 
  Thread: (ID = 8852; Name = )
  Extended Properties: 

12/17/2018 2:38:09 PM WCF Service Host (EIDSS.Reports  Verbose) 
  Message: EIDSS core initialized. 
  Thread: (ID = 18224; Name = )
  Extended Properties: 

12/17/2018 2:38:09 PM Data Adapter (EIDSS.Reports  Verbose) 
  Message: Database 'EIDSS_TH' connection checked. 
  Thread: (ID = 18224; Name = )
  Extended Properties: 

12/17/2018 2:38:10 PM WCF Service Host (EIDSS.Reports  Information) 
  Message: Service Host Configured at URL http://localhost:8097/ 
  Thread: (ID = 18224; Name = )
  Extended Properties: 

12/17/2018 2:38:10 PM WCF Service Host (EIDSS.Reports  Information) 
  Message: Service Host Opened 
  Thread: (ID = 18224; Name = )
  Extended Properties: 

12/17/2018 2:38:10 PM EIDSS Windows Service (EIDSS.Reports  Information) 
  Message: Reports Service Started. 
  Thread: (ID = 18224; Name = )
  Extended Properties: 

